60_hadoop-0.20.1-DCRFT_streamSort_2F_m50_f100_r1
SUBMIT_TIME = 1475942573196
LAUNCH_TIME = 1475942573998
MAP_PHASE_FINISH_TIME = 1475942609297
FINISH_TIME = 1475942621282
90_hadoop-0.20.1-DCRFT_streamSort_2F_m100_f100_r1
SUBMIT_TIME = 1475944079621
LAUNCH_TIME = 1475944080216
MAP_PHASE_FINISH_TIME = 1475944137709
FINISH_TIME = 1475944154106
140_hadoop-0.20.1-DCRFT_streamSort_2F_m200_f100_r1
SUBMIT_TIME = 1475947268060
LAUNCH_TIME = 1475947269031
MAP_PHASE_FINISH_TIME = 1475947383055
FINISH_TIME = 1475947396404
210_hadoop-0.20.1-DCRFT_streamSort_2F_m300_f100_r1
SUBMIT_TIME = 1475951894051
LAUNCH_TIME = 1475951895149
MAP_PHASE_FINISH_TIME = 1475952061424
FINISH_TIME = 1475952087261
260_hadoop-0.20.1-DCRFT_streamSort_2F_m400_f100_r1
SUBMIT_TIME = 1475957194273
LAUNCH_TIME = 1475957195139
MAP_PHASE_FINISH_TIME = 1475957417768
FINISH_TIME = 1475957440286
310_hadoop-0.20.1-DCRFT_streamSort_2F_m500_f100_r1
SUBMIT_TIME = 1475963936045
LAUNCH_TIME = 1475963936835
MAP_PHASE_FINISH_TIME = 1475964213684
FINISH_TIME = 1475964237479
60_hadoop-0.20.1-DCRFT_javaSort_2F_m50_f100_r1
SUBMIT_TIME = 1475966399587
LAUNCH_TIME = 1475966400105
MAP_PHASE_FINISH_TIME = 1475966436134
FINISH_TIME = 1475966446783
90_hadoop-0.20.1-DCRFT_javaSort_2F_m100_f100_r1
SUBMIT_TIME = 1475967924018
LAUNCH_TIME = 1475967924652
MAP_PHASE_FINISH_TIME = 1475967984693
FINISH_TIME = 1475967995654
140_hadoop-0.20.1-DCRFT_javaSort_2F_m200_f100_r1
SUBMIT_TIME = 1475969579467
LAUNCH_TIME = 1475969580249
MAP_PHASE_FINISH_TIME = 1475969695337
FINISH_TIME = 1475969708250
190_hadoop-0.20.1-DCRFT_javaSort_2F_m300_f100_r1
SUBMIT_TIME = 1475972028547
LAUNCH_TIME = 1475972029134
MAP_PHASE_FINISH_TIME = 1475972189665
FINISH_TIME = 1475972204744
250_hadoop-0.20.1-DCRFT_javaSort_2F_m400_f100_r1
SUBMIT_TIME = 1475976891114
LAUNCH_TIME = 1475976891649
MAP_PHASE_FINISH_TIME = 1475977102656
FINISH_TIME = 1475977123538
310_hadoop-0.20.1-DCRFT_javaSort_2F_m500_f100_r1
SUBMIT_TIME = 1475980210293
LAUNCH_TIME = 1475980210839
MAP_PHASE_FINISH_TIME = 1475980482214
FINISH_TIME = 1475980505989
70_hadoop-0.20.1-DCRFT_combiner_2F_m50_f100_r1
SUBMIT_TIME = 1475982343345
LAUNCH_TIME = 1475982343936
MAP_PHASE_FINISH_TIME = 1475982371048
FINISH_TIME = 1475982400959
100_hadoop-0.20.1-DCRFT_combiner_2F_m100_f100_r1
SUBMIT_TIME = 1475982735070
LAUNCH_TIME = 1475982735517
MAP_PHASE_FINISH_TIME = 1475982781198
FINISH_TIME = 1475982821679
150_hadoop-0.20.1-DCRFT_combiner_2F_m200_f100_r1
SUBMIT_TIME = 1475983835845
LAUNCH_TIME = 1475983836291
MAP_PHASE_FINISH_TIME = 1475983922712
FINISH_TIME = 1475983969756
240_hadoop-0.20.1-DCRFT_combiner_2F_m300_f100_r1
SUBMIT_TIME = 1476748258759
LAUNCH_TIME = 1476748259128
MAP_PHASE_FINISH_TIME = 1476748378176
FINISH_TIME = 1476748485439
280_hadoop-0.20.1-DCRFT_combiner_2F_m400_f100_r1
SUBMIT_TIME = 1475989219878
LAUNCH_TIME = 1475989220631
MAP_PHASE_FINISH_TIME = 1475989375642
FINISH_TIME = 1475989490768
320_hadoop-0.20.1-DCRFT_combiner_2F_m500_f100_r1
SUBMIT_TIME = 1475994727932
LAUNCH_TIME = 1475994728615
MAP_PHASE_FINISH_TIME = 1475994921909
FINISH_TIME = 1475995037140
