total 1 jobs
Jobs in waiting state: 1
Jobs in ready state: 0
Jobs in running state: 0
Jobs in success state: 0
Jobs in failed state: 0


Jobs in waiting state: 0
Jobs in ready state: 0
Jobs in running state: 1
Jobs in success state: 0
Jobs in failed state: 0


Jobs in waiting state: 0
Jobs in ready state: 0
Jobs in running state: 1
Jobs in success state: 0
Jobs in failed state: 0


Jobs in waiting state: 0
Jobs in ready state: 0
Jobs in running state: 1
Jobs in success state: 0
Jobs in failed state: 0


Jobs in waiting state: 0
Jobs in ready state: 0
Jobs in running state: 1
Jobs in success state: 0
Jobs in failed state: 0


Jobs in waiting state: 0
Jobs in ready state: 0
Jobs in running state: 1
Jobs in success state: 0
Jobs in failed state: 0


Jobs in waiting state: 0
Jobs in ready state: 0
Jobs in running state: 1
Jobs in success state: 0
Jobs in failed state: 0


Jobs in waiting state: 0
Jobs in ready state: 0
Jobs in running state: 1
Jobs in success state: 0
Jobs in failed state: 0


Jobs in waiting state: 0
Jobs in ready state: 0
Jobs in running state: 1
Jobs in success state: 0
Jobs in failed state: 0


1 jobs succeeded
JobId	job_201610082307_0001
JobName	GridmixCombinerJob.small
job_201610082307_0001.GridmixCombinerJob.small.FileSystemCounters.FILE_BYTES_READ	10054167555
job_201610082307_0001.GridmixCombinerJob.small.FileSystemCounters.FILE_BYTES_WRITTEN	87046549
job_201610082307_0001.GridmixCombinerJob.small.FileSystemCounters.HDFS_BYTES_READ	27141167952
job_201610082307_0001.GridmixCombinerJob.small.FileSystemCounters.HDFS_BYTES_WRITTEN	18655
job_201610082307_0001.GridmixCombinerJob.small.mapEndTime	1475982781198
job_201610082307_0001.GridmixCombinerJob.small.mapExecutionTimeStats.avg	37032
job_201610082307_0001.GridmixCombinerJob.small.mapExecutionTimeStats.max	41298
job_201610082307_0001.GridmixCombinerJob.small.mapExecutionTimeStats.medium	37550
job_201610082307_0001.GridmixCombinerJob.small.mapExecutionTimeStats.min	32900
job_201610082307_0001.GridmixCombinerJob.small.mapExecutionTimeStats.numOfItems	903
job_201610082307_0001.GridmixCombinerJob.small.mapStartTime	1475982735517
job_201610082307_0001.GridmixCombinerJob.small.numOfMapTasks	903
job_201610082307_0001.GridmixCombinerJob.small.numOfReduceTasks	301
job_201610082307_0001.GridmixCombinerJob.small.org.apache.hadoop.mapred.JobInProgress$Counter.DATA_LOCAL_MAPS	522
job_201610082307_0001.GridmixCombinerJob.small.org.apache.hadoop.mapred.JobInProgress$Counter.RACK_LOCAL_MAPS	80
job_201610082307_0001.GridmixCombinerJob.small.org.apache.hadoop.mapred.JobInProgress$Counter.TOTAL_LAUNCHED_MAPS	602
job_201610082307_0001.GridmixCombinerJob.small.org.apache.hadoop.mapred.JobInProgress$Counter.TOTAL_LAUNCHED_REDUCES	351
job_201610082307_0001.GridmixCombinerJob.small.org.apache.hadoop.mapred.Task$Counter.COMBINE_INPUT_RECORDS	2542588600
job_201610082307_0001.GridmixCombinerJob.small.org.apache.hadoop.mapred.Task$Counter.COMBINE_OUTPUT_RECORDS	4207644
job_201610082307_0001.GridmixCombinerJob.small.org.apache.hadoop.mapred.Task$Counter.MAP_INPUT_BYTES	27101845752
job_201610082307_0001.GridmixCombinerJob.small.org.apache.hadoop.mapred.Task$Counter.MAP_INPUT_RECORDS	24291798
job_201610082307_0001.GridmixCombinerJob.small.org.apache.hadoop.mapred.Task$Counter.MAP_OUTPUT_BYTES	37209193980
job_201610082307_0001.GridmixCombinerJob.small.org.apache.hadoop.mapred.Task$Counter.MAP_OUTPUT_RECORDS	2538982956
job_201610082307_0001.GridmixCombinerJob.small.org.apache.hadoop.mapred.Task$Counter.REDUCE_INPUT_GROUPS	1000
job_201610082307_0001.GridmixCombinerJob.small.org.apache.hadoop.mapred.Task$Counter.REDUCE_INPUT_RECORDS	301000
job_201610082307_0001.GridmixCombinerJob.small.org.apache.hadoop.mapred.Task$Counter.REDUCE_OUTPUT_RECORDS	1000
job_201610082307_0001.GridmixCombinerJob.small.org.apache.hadoop.mapred.Task$Counter.REDUCE_SHUFFLE_BYTES	5539099
job_201610082307_0001.GridmixCombinerJob.small.org.apache.hadoop.mapred.Task$Counter.SPILLED_RECORDS	4508644
job_201610082307_0001.GridmixCombinerJob.small.reduceEndTime	1475982821679
job_201610082307_0001.GridmixCombinerJob.small.reduceExecutionTimeStats.avg	33828
job_201610082307_0001.GridmixCombinerJob.small.reduceExecutionTimeStats.max	36318
job_201610082307_0001.GridmixCombinerJob.small.reduceExecutionTimeStats.medium	34216
job_201610082307_0001.GridmixCombinerJob.small.reduceExecutionTimeStats.min	31803
job_201610082307_0001.GridmixCombinerJob.small.reduceExecutionTimeStats.numOfItems	301
job_201610082307_0001.GridmixCombinerJob.small.reduceStartTime	1475982735517
job_201610082307_0001.jobStatus	successful
GridMix results:
Total num of Jobs: 1
ExecutionTime: 100
