total 1 jobs
Jobs in waiting state: 1
Jobs in ready state: 0
Jobs in running state: 0
Jobs in success state: 0
Jobs in failed state: 0


Jobs in waiting state: 0
Jobs in ready state: 0
Jobs in running state: 1
Jobs in success state: 0
Jobs in failed state: 0


Jobs in waiting state: 0
Jobs in ready state: 0
Jobs in running state: 1
Jobs in success state: 0
Jobs in failed state: 0


Jobs in waiting state: 0
Jobs in ready state: 0
Jobs in running state: 1
Jobs in success state: 0
Jobs in failed state: 0


Jobs in waiting state: 0
Jobs in ready state: 0
Jobs in running state: 1
Jobs in success state: 0
Jobs in failed state: 0


Jobs in waiting state: 0
Jobs in ready state: 0
Jobs in running state: 1
Jobs in success state: 0
Jobs in failed state: 0


Jobs in waiting state: 0
Jobs in ready state: 0
Jobs in running state: 1
Jobs in success state: 0
Jobs in failed state: 0


Jobs in waiting state: 0
Jobs in ready state: 0
Jobs in running state: 1
Jobs in success state: 0
Jobs in failed state: 0


Jobs in waiting state: 0
Jobs in ready state: 0
Jobs in running state: 1
Jobs in success state: 0
Jobs in failed state: 0


Jobs in waiting state: 0
Jobs in ready state: 0
Jobs in running state: 1
Jobs in success state: 0
Jobs in failed state: 0


Jobs in waiting state: 0
Jobs in ready state: 0
Jobs in running state: 1
Jobs in success state: 0
Jobs in failed state: 0


Jobs in waiting state: 0
Jobs in ready state: 0
Jobs in running state: 1
Jobs in success state: 0
Jobs in failed state: 0


Jobs in waiting state: 0
Jobs in ready state: 0
Jobs in running state: 1
Jobs in success state: 0
Jobs in failed state: 0


Jobs in waiting state: 0
Jobs in ready state: 0
Jobs in running state: 1
Jobs in success state: 0
Jobs in failed state: 0


Jobs in waiting state: 0
Jobs in ready state: 0
Jobs in running state: 1
Jobs in success state: 0
Jobs in failed state: 0


Jobs in waiting state: 0
Jobs in ready state: 0
Jobs in running state: 1
Jobs in success state: 0
Jobs in failed state: 0


Jobs in waiting state: 0
Jobs in ready state: 0
Jobs in running state: 1
Jobs in success state: 0
Jobs in failed state: 0


Jobs in waiting state: 0
Jobs in ready state: 0
Jobs in running state: 1
Jobs in success state: 0
Jobs in failed state: 0


1 jobs succeeded
JobId	job_201610081946_0001
JobName	GridmixJavaSorter.small
job_201610081946_0001.GridmixJavaSorter.small.FileSystemCounters.FILE_BYTES_READ	40858041221
job_201610081946_0001.GridmixJavaSorter.small.FileSystemCounters.FILE_BYTES_WRITTEN	122622943511
job_201610081946_0001.GridmixJavaSorter.small.FileSystemCounters.HDFS_BYTES_READ	81423543752
job_201610081946_0001.GridmixJavaSorter.small.FileSystemCounters.HDFS_BYTES_WRITTEN	40652788575
job_201610081946_0001.GridmixJavaSorter.small.mapEndTime	1475972189665
job_201610081946_0001.GridmixJavaSorter.small.mapExecutionTimeStats.avg	151840
job_201610081946_0001.GridmixJavaSorter.small.mapExecutionTimeStats.max	156371
job_201610081946_0001.GridmixJavaSorter.small.mapExecutionTimeStats.medium	152131
job_201610081946_0001.GridmixJavaSorter.small.mapExecutionTimeStats.min	147716
job_201610081946_0001.GridmixJavaSorter.small.mapExecutionTimeStats.numOfItems	2706
job_201610081946_0001.GridmixJavaSorter.small.mapStartTime	1475972029134
job_201610081946_0001.GridmixJavaSorter.small.numOfMapTasks	2706
job_201610081946_0001.GridmixJavaSorter.small.numOfReduceTasks	902
job_201610081946_0001.GridmixJavaSorter.small.org.apache.hadoop.mapred.JobInProgress$Counter.DATA_LOCAL_MAPS	1625
job_201610081946_0001.GridmixJavaSorter.small.org.apache.hadoop.mapred.JobInProgress$Counter.RACK_LOCAL_MAPS	179
job_201610081946_0001.GridmixJavaSorter.small.org.apache.hadoop.mapred.JobInProgress$Counter.TOTAL_LAUNCHED_MAPS	1804
job_201610081946_0001.GridmixJavaSorter.small.org.apache.hadoop.mapred.JobInProgress$Counter.TOTAL_LAUNCHED_REDUCES	938
job_201610081946_0001.GridmixJavaSorter.small.org.apache.hadoop.mapred.Task$Counter.COMBINE_INPUT_RECORDS	0
job_201610081946_0001.GridmixJavaSorter.small.org.apache.hadoop.mapred.Task$Counter.COMBINE_OUTPUT_RECORDS	0
job_201610081946_0001.GridmixJavaSorter.small.org.apache.hadoop.mapred.Task$Counter.MAP_INPUT_BYTES	81305577150
job_201610081946_0001.GridmixJavaSorter.small.org.apache.hadoop.mapred.Task$Counter.MAP_INPUT_RECORDS	72897130
job_201610081946_0001.GridmixJavaSorter.small.org.apache.hadoop.mapred.Task$Counter.MAP_OUTPUT_BYTES	81437875424
job_201610081946_0001.GridmixJavaSorter.small.org.apache.hadoop.mapred.Task$Counter.MAP_OUTPUT_RECORDS	72897130
job_201610081946_0001.GridmixJavaSorter.small.org.apache.hadoop.mapred.Task$Counter.REDUCE_INPUT_GROUPS	29328136
job_201610081946_0001.GridmixJavaSorter.small.org.apache.hadoop.mapred.Task$Counter.REDUCE_INPUT_RECORDS	36448565
job_201610081946_0001.GridmixJavaSorter.small.org.apache.hadoop.mapred.Task$Counter.REDUCE_OUTPUT_RECORDS	36448565
job_201610081946_0001.GridmixJavaSorter.small.org.apache.hadoop.mapred.Task$Counter.REDUCE_SHUFFLE_BYTES	40834272846
job_201610081946_0001.GridmixJavaSorter.small.org.apache.hadoop.mapred.Task$Counter.SPILLED_RECORDS	109345695
job_201610081946_0001.GridmixJavaSorter.small.reduceEndTime	1475972204744
job_201610081946_0001.GridmixJavaSorter.small.reduceExecutionTimeStats.avg	8460
job_201610081946_0001.GridmixJavaSorter.small.reduceExecutionTimeStats.max	10749
job_201610081946_0001.GridmixJavaSorter.small.reduceExecutionTimeStats.medium	8952
job_201610081946_0001.GridmixJavaSorter.small.reduceExecutionTimeStats.min	6476
job_201610081946_0001.GridmixJavaSorter.small.reduceExecutionTimeStats.numOfItems	902
job_201610081946_0001.GridmixJavaSorter.small.reduceStartTime	1475972029134
job_201610081946_0001.jobStatus	successful
GridMix results:
Total num of Jobs: 1
ExecutionTime: 190
