total 1 jobs
Jobs in waiting state: 1
Jobs in ready state: 0
Jobs in running state: 0
Jobs in success state: 0
Jobs in failed state: 0


Jobs in waiting state: 0
Jobs in ready state: 0
Jobs in running state: 1
Jobs in success state: 0
Jobs in failed state: 0


Jobs in waiting state: 0
Jobs in ready state: 0
Jobs in running state: 1
Jobs in success state: 0
Jobs in failed state: 0


Jobs in waiting state: 0
Jobs in ready state: 0
Jobs in running state: 1
Jobs in success state: 0
Jobs in failed state: 0


Jobs in waiting state: 0
Jobs in ready state: 0
Jobs in running state: 1
Jobs in success state: 0
Jobs in failed state: 0


Jobs in waiting state: 0
Jobs in ready state: 0
Jobs in running state: 1
Jobs in success state: 0
Jobs in failed state: 0


Jobs in waiting state: 0
Jobs in ready state: 0
Jobs in running state: 1
Jobs in success state: 0
Jobs in failed state: 0


Jobs in waiting state: 0
Jobs in ready state: 0
Jobs in running state: 1
Jobs in success state: 0
Jobs in failed state: 0


Jobs in waiting state: 0
Jobs in ready state: 0
Jobs in running state: 1
Jobs in success state: 0
Jobs in failed state: 0


Jobs in waiting state: 0
Jobs in ready state: 0
Jobs in running state: 1
Jobs in success state: 0
Jobs in failed state: 0


Jobs in waiting state: 0
Jobs in ready state: 0
Jobs in running state: 1
Jobs in success state: 0
Jobs in failed state: 0


Jobs in waiting state: 0
Jobs in ready state: 0
Jobs in running state: 1
Jobs in success state: 0
Jobs in failed state: 0


Jobs in waiting state: 0
Jobs in ready state: 0
Jobs in running state: 1
Jobs in success state: 0
Jobs in failed state: 0


Jobs in waiting state: 0
Jobs in ready state: 0
Jobs in running state: 1
Jobs in success state: 0
Jobs in failed state: 0


Jobs in waiting state: 0
Jobs in ready state: 0
Jobs in running state: 1
Jobs in success state: 0
Jobs in failed state: 0


Jobs in waiting state: 0
Jobs in ready state: 0
Jobs in running state: 1
Jobs in success state: 0
Jobs in failed state: 0


Jobs in waiting state: 0
Jobs in ready state: 0
Jobs in running state: 1
Jobs in success state: 0
Jobs in failed state: 0


Jobs in waiting state: 0
Jobs in ready state: 0
Jobs in running state: 1
Jobs in success state: 0
Jobs in failed state: 0


Jobs in waiting state: 0
Jobs in ready state: 0
Jobs in running state: 1
Jobs in success state: 0
Jobs in failed state: 0


Jobs in waiting state: 0
Jobs in ready state: 0
Jobs in running state: 1
Jobs in success state: 0
Jobs in failed state: 0


Jobs in waiting state: 0
Jobs in ready state: 0
Jobs in running state: 1
Jobs in success state: 0
Jobs in failed state: 0


Jobs in waiting state: 0
Jobs in ready state: 0
Jobs in running state: 1
Jobs in success state: 0
Jobs in failed state: 0


Jobs in waiting state: 0
Jobs in ready state: 0
Jobs in running state: 1
Jobs in success state: 0
Jobs in failed state: 0


Jobs in waiting state: 0
Jobs in ready state: 0
Jobs in running state: 1
Jobs in success state: 0
Jobs in failed state: 0


1 jobs succeeded
JobId	job_201610082109_0001
JobName	GridmixJavaSorter.small
job_201610082109_0001.GridmixJavaSorter.small.FileSystemCounters.FILE_BYTES_READ	54477350762
job_201610082109_0001.GridmixJavaSorter.small.FileSystemCounters.FILE_BYTES_WRITTEN	163518875202
job_201610082109_0001.GridmixJavaSorter.small.FileSystemCounters.HDFS_BYTES_READ	108564959670
job_201610082109_0001.GridmixJavaSorter.small.FileSystemCounters.HDFS_BYTES_WRITTEN	54203704361
job_201610082109_0001.GridmixJavaSorter.small.mapEndTime	1475977102656
job_201610082109_0001.GridmixJavaSorter.small.mapExecutionTimeStats.avg	202264
job_201610082109_0001.GridmixJavaSorter.small.mapExecutionTimeStats.max	206627
job_201610082109_0001.GridmixJavaSorter.small.mapExecutionTimeStats.medium	202720
job_201610082109_0001.GridmixJavaSorter.small.mapExecutionTimeStats.min	198179
job_201610082109_0001.GridmixJavaSorter.small.mapExecutionTimeStats.numOfItems	3609
job_201610082109_0001.GridmixJavaSorter.small.mapStartTime	1475976891649
job_201610082109_0001.GridmixJavaSorter.small.numOfMapTasks	3609
job_201610082109_0001.GridmixJavaSorter.small.numOfReduceTasks	1203
job_201610082109_0001.GridmixJavaSorter.small.org.apache.hadoop.mapred.JobInProgress$Counter.DATA_LOCAL_MAPS	2233
job_201610082109_0001.GridmixJavaSorter.small.org.apache.hadoop.mapred.JobInProgress$Counter.RACK_LOCAL_MAPS	173
job_201610082109_0001.GridmixJavaSorter.small.org.apache.hadoop.mapred.JobInProgress$Counter.TOTAL_LAUNCHED_MAPS	2406
job_201610082109_0001.GridmixJavaSorter.small.org.apache.hadoop.mapred.JobInProgress$Counter.TOTAL_LAUNCHED_REDUCES	1237
job_201610082109_0001.GridmixJavaSorter.small.org.apache.hadoop.mapred.Task$Counter.COMBINE_INPUT_RECORDS	0
job_201610082109_0001.GridmixJavaSorter.small.org.apache.hadoop.mapred.Task$Counter.COMBINE_OUTPUT_RECORDS	0
job_201610082109_0001.GridmixJavaSorter.small.org.apache.hadoop.mapred.Task$Counter.MAP_INPUT_BYTES	108407408722
job_201610082109_0001.GridmixJavaSorter.small.org.apache.hadoop.mapred.Task$Counter.MAP_INPUT_RECORDS	97182176
job_201610082109_0001.GridmixJavaSorter.small.org.apache.hadoop.mapred.Task$Counter.MAP_OUTPUT_BYTES	108583789522
job_201610082109_0001.GridmixJavaSorter.small.org.apache.hadoop.mapred.Task$Counter.MAP_OUTPUT_RECORDS	97182176
job_201610082109_0001.GridmixJavaSorter.small.org.apache.hadoop.mapred.Task$Counter.REDUCE_INPUT_GROUPS	38773946
job_201610082109_0001.GridmixJavaSorter.small.org.apache.hadoop.mapred.Task$Counter.REDUCE_INPUT_RECORDS	48591088
job_201610082109_0001.GridmixJavaSorter.small.org.apache.hadoop.mapred.Task$Counter.REDUCE_OUTPUT_RECORDS	48591088
job_201610082109_0001.GridmixJavaSorter.small.org.apache.hadoop.mapred.Task$Counter.REDUCE_SHUFFLE_BYTES	54437906474
job_201610082109_0001.GridmixJavaSorter.small.org.apache.hadoop.mapred.Task$Counter.SPILLED_RECORDS	145773264
job_201610082109_0001.GridmixJavaSorter.small.reduceEndTime	1475977123538
job_201610082109_0001.GridmixJavaSorter.small.reduceExecutionTimeStats.avg	14118
job_201610082109_0001.GridmixJavaSorter.small.reduceExecutionTimeStats.max	16733
job_201610082109_0001.GridmixJavaSorter.small.reduceExecutionTimeStats.medium	14523
job_201610082109_0001.GridmixJavaSorter.small.reduceExecutionTimeStats.min	12235
job_201610082109_0001.GridmixJavaSorter.small.reduceExecutionTimeStats.numOfItems	1203
job_201610082109_0001.GridmixJavaSorter.small.reduceStartTime	1475976891649
job_201610082109_0001.jobStatus	successful
GridMix results:
Total num of Jobs: 1
ExecutionTime: 250
