total 1 jobs
Jobs in waiting state: 1
Jobs in ready state: 0
Jobs in running state: 0
Jobs in success state: 0
Jobs in failed state: 0


Jobs in waiting state: 0
Jobs in ready state: 0
Jobs in running state: 1
Jobs in success state: 0
Jobs in failed state: 0


Jobs in waiting state: 0
Jobs in ready state: 0
Jobs in running state: 1
Jobs in success state: 0
Jobs in failed state: 0


Jobs in waiting state: 0
Jobs in ready state: 0
Jobs in running state: 1
Jobs in success state: 0
Jobs in failed state: 0


Jobs in waiting state: 0
Jobs in ready state: 0
Jobs in running state: 1
Jobs in success state: 0
Jobs in failed state: 0


Jobs in waiting state: 0
Jobs in ready state: 0
Jobs in running state: 1
Jobs in success state: 0
Jobs in failed state: 0


Jobs in waiting state: 0
Jobs in ready state: 0
Jobs in running state: 1
Jobs in success state: 0
Jobs in failed state: 0


Jobs in waiting state: 0
Jobs in ready state: 0
Jobs in running state: 1
Jobs in success state: 0
Jobs in failed state: 0


Jobs in waiting state: 0
Jobs in ready state: 0
Jobs in running state: 1
Jobs in success state: 0
Jobs in failed state: 0


Jobs in waiting state: 0
Jobs in ready state: 0
Jobs in running state: 1
Jobs in success state: 0
Jobs in failed state: 0


Jobs in waiting state: 0
Jobs in ready state: 0
Jobs in running state: 1
Jobs in success state: 0
Jobs in failed state: 0


Jobs in waiting state: 0
Jobs in ready state: 0
Jobs in running state: 1
Jobs in success state: 0
Jobs in failed state: 0


Jobs in waiting state: 0
Jobs in ready state: 0
Jobs in running state: 1
Jobs in success state: 0
Jobs in failed state: 0


Jobs in waiting state: 0
Jobs in ready state: 0
Jobs in running state: 1
Jobs in success state: 0
Jobs in failed state: 0


Jobs in waiting state: 0
Jobs in ready state: 0
Jobs in running state: 1
Jobs in success state: 0
Jobs in failed state: 0


Jobs in waiting state: 0
Jobs in ready state: 0
Jobs in running state: 1
Jobs in success state: 0
Jobs in failed state: 0


Jobs in waiting state: 0
Jobs in ready state: 0
Jobs in running state: 1
Jobs in success state: 0
Jobs in failed state: 0


Jobs in waiting state: 0
Jobs in ready state: 0
Jobs in running state: 1
Jobs in success state: 0
Jobs in failed state: 0


Jobs in waiting state: 0
Jobs in ready state: 0
Jobs in running state: 1
Jobs in success state: 0
Jobs in failed state: 0


Jobs in waiting state: 0
Jobs in ready state: 0
Jobs in running state: 1
Jobs in success state: 0
Jobs in failed state: 0


Jobs in waiting state: 0
Jobs in ready state: 0
Jobs in running state: 1
Jobs in success state: 0
Jobs in failed state: 0


Jobs in waiting state: 0
Jobs in ready state: 0
Jobs in running state: 1
Jobs in success state: 0
Jobs in failed state: 0


Jobs in waiting state: 0
Jobs in ready state: 0
Jobs in running state: 1
Jobs in success state: 0
Jobs in failed state: 0


1 jobs succeeded
JobId	job_201610171943_0001
JobName	GridmixCombinerJob.small
job_201610171943_0001.GridmixCombinerJob.small.FileSystemCounters.FILE_BYTES_READ	106303063904
job_201610171943_0001.GridmixCombinerJob.small.FileSystemCounters.FILE_BYTES_WRITTEN	332612818
job_201610171943_0001.GridmixCombinerJob.small.FileSystemCounters.HDFS_BYTES_READ	81423543752
job_201610171943_0001.GridmixCombinerJob.small.FileSystemCounters.HDFS_BYTES_WRITTEN	18655
job_201610171943_0001.GridmixCombinerJob.small.mapEndTime	1476748378176
job_201610171943_0001.GridmixCombinerJob.small.mapExecutionTimeStats.avg	110305
job_201610171943_0001.GridmixCombinerJob.small.mapExecutionTimeStats.max	114750
job_201610171943_0001.GridmixCombinerJob.small.mapExecutionTimeStats.medium	110729
job_201610171943_0001.GridmixCombinerJob.small.mapExecutionTimeStats.min	106334
job_201610171943_0001.GridmixCombinerJob.small.mapExecutionTimeStats.numOfItems	2706
job_201610171943_0001.GridmixCombinerJob.small.mapStartTime	1476748259128
job_201610171943_0001.GridmixCombinerJob.small.numOfMapTasks	2706
job_201610171943_0001.GridmixCombinerJob.small.numOfReduceTasks	902
job_201610171943_0001.GridmixCombinerJob.small.org.apache.hadoop.mapred.JobInProgress$Counter.DATA_LOCAL_MAPS	1752
job_201610171943_0001.GridmixCombinerJob.small.org.apache.hadoop.mapred.JobInProgress$Counter.RACK_LOCAL_MAPS	52
job_201610171943_0001.GridmixCombinerJob.small.org.apache.hadoop.mapred.JobInProgress$Counter.TOTAL_LAUNCHED_MAPS	1804
job_201610171943_0001.GridmixCombinerJob.small.org.apache.hadoop.mapred.JobInProgress$Counter.TOTAL_LAUNCHED_REDUCES	952
job_201610171943_0001.GridmixCombinerJob.small.org.apache.hadoop.mapred.Task$Counter.COMBINE_INPUT_RECORDS	7627810572
job_201610171943_0001.GridmixCombinerJob.small.org.apache.hadoop.mapred.Task$Counter.COMBINE_OUTPUT_RECORDS	12621244
job_201610171943_0001.GridmixCombinerJob.small.org.apache.hadoop.mapred.Task$Counter.MAP_INPUT_BYTES	81305577150
job_201610171943_0001.GridmixCombinerJob.small.org.apache.hadoop.mapred.Task$Counter.MAP_INPUT_RECORDS	72897130
job_201610171943_0001.GridmixCombinerJob.small.org.apache.hadoop.mapred.Task$Counter.MAP_OUTPUT_BYTES	111627756202
job_201610171943_0001.GridmixCombinerJob.small.org.apache.hadoop.mapred.Task$Counter.MAP_OUTPUT_RECORDS	7616993328
job_201610171943_0001.GridmixCombinerJob.small.org.apache.hadoop.mapred.Task$Counter.REDUCE_INPUT_GROUPS	1000
job_201610171943_0001.GridmixCombinerJob.small.org.apache.hadoop.mapred.Task$Counter.REDUCE_INPUT_RECORDS	902000
job_201610171943_0001.GridmixCombinerJob.small.org.apache.hadoop.mapred.Task$Counter.REDUCE_OUTPUT_RECORDS	1000
job_201610171943_0001.GridmixCombinerJob.small.org.apache.hadoop.mapred.Task$Counter.REDUCE_SHUFFLE_BYTES	19887865
job_201610171943_0001.GridmixCombinerJob.small.org.apache.hadoop.mapred.Task$Counter.SPILLED_RECORDS	13523244
job_201610171943_0001.GridmixCombinerJob.small.reduceEndTime	1476748485439
job_201610171943_0001.GridmixCombinerJob.small.reduceExecutionTimeStats.avg	100572
job_201610171943_0001.GridmixCombinerJob.small.reduceExecutionTimeStats.max	103004
job_201610171943_0001.GridmixCombinerJob.small.reduceExecutionTimeStats.medium	100949
job_201610171943_0001.GridmixCombinerJob.small.reduceExecutionTimeStats.min	98506
job_201610171943_0001.GridmixCombinerJob.small.reduceExecutionTimeStats.numOfItems	902
job_201610171943_0001.GridmixCombinerJob.small.reduceStartTime	1476748259128
job_201610171943_0001.jobStatus	successful
GridMix results:
Total num of Jobs: 1
ExecutionTime: 240
