total 1 jobs
Jobs in waiting state: 1
Jobs in ready state: 0
Jobs in running state: 0
Jobs in success state: 0
Jobs in failed state: 0


Jobs in waiting state: 0
Jobs in ready state: 0
Jobs in running state: 1
Jobs in success state: 0
Jobs in failed state: 0


Jobs in waiting state: 0
Jobs in ready state: 0
Jobs in running state: 1
Jobs in success state: 0
Jobs in failed state: 0


Jobs in waiting state: 0
Jobs in ready state: 0
Jobs in running state: 1
Jobs in success state: 0
Jobs in failed state: 0


Jobs in waiting state: 0
Jobs in ready state: 0
Jobs in running state: 1
Jobs in success state: 0
Jobs in failed state: 0


Jobs in waiting state: 0
Jobs in ready state: 0
Jobs in running state: 1
Jobs in success state: 0
Jobs in failed state: 0


Jobs in waiting state: 0
Jobs in ready state: 0
Jobs in running state: 1
Jobs in success state: 0
Jobs in failed state: 0


Jobs in waiting state: 0
Jobs in ready state: 0
Jobs in running state: 1
Jobs in success state: 0
Jobs in failed state: 0


Jobs in waiting state: 0
Jobs in ready state: 0
Jobs in running state: 1
Jobs in success state: 0
Jobs in failed state: 0


Jobs in waiting state: 0
Jobs in ready state: 0
Jobs in running state: 1
Jobs in success state: 0
Jobs in failed state: 0


Jobs in waiting state: 0
Jobs in ready state: 0
Jobs in running state: 1
Jobs in success state: 0
Jobs in failed state: 0


Jobs in waiting state: 0
Jobs in ready state: 0
Jobs in running state: 1
Jobs in success state: 0
Jobs in failed state: 0


Jobs in waiting state: 0
Jobs in ready state: 0
Jobs in running state: 1
Jobs in success state: 0
Jobs in failed state: 0


1 jobs succeeded
JobId	job_201610081912_0001
JobName	GridmixJavaSorter.small
job_201610081912_0001.GridmixJavaSorter.small.FileSystemCounters.FILE_BYTES_READ	27238665646
job_201610081912_0001.GridmixJavaSorter.small.FileSystemCounters.FILE_BYTES_WRITTEN	81737671402
job_201610081912_0001.GridmixJavaSorter.small.FileSystemCounters.HDFS_BYTES_READ	54282208074
job_201610081912_0001.GridmixJavaSorter.small.FileSystemCounters.HDFS_BYTES_WRITTEN	27101847373
job_201610081912_0001.GridmixJavaSorter.small.mapEndTime	1475969695337
job_201610081912_0001.GridmixJavaSorter.small.mapExecutionTimeStats.avg	106487
job_201610081912_0001.GridmixJavaSorter.small.mapExecutionTimeStats.max	110988
job_201610081912_0001.GridmixJavaSorter.small.mapExecutionTimeStats.medium	106722
job_201610081912_0001.GridmixJavaSorter.small.mapExecutionTimeStats.min	102203
job_201610081912_0001.GridmixJavaSorter.small.mapExecutionTimeStats.numOfItems	1803
job_201610081912_0001.GridmixJavaSorter.small.mapStartTime	1475969580249
job_201610081912_0001.GridmixJavaSorter.small.numOfMapTasks	1803
job_201610081912_0001.GridmixJavaSorter.small.numOfReduceTasks	601
job_201610081912_0001.GridmixJavaSorter.small.org.apache.hadoop.mapred.JobInProgress$Counter.DATA_LOCAL_MAPS	1108
job_201610081912_0001.GridmixJavaSorter.small.org.apache.hadoop.mapred.JobInProgress$Counter.RACK_LOCAL_MAPS	94
job_201610081912_0001.GridmixJavaSorter.small.org.apache.hadoop.mapred.JobInProgress$Counter.TOTAL_LAUNCHED_MAPS	1202
job_201610081912_0001.GridmixJavaSorter.small.org.apache.hadoop.mapred.JobInProgress$Counter.TOTAL_LAUNCHED_REDUCES	633
job_201610081912_0001.GridmixJavaSorter.small.org.apache.hadoop.mapred.Task$Counter.COMBINE_INPUT_RECORDS	0
job_201610081912_0001.GridmixJavaSorter.small.org.apache.hadoop.mapred.Task$Counter.COMBINE_OUTPUT_RECORDS	0
job_201610081912_0001.GridmixJavaSorter.small.org.apache.hadoop.mapred.Task$Counter.MAP_INPUT_BYTES	54203694746
job_201610081912_0001.GridmixJavaSorter.small.org.apache.hadoop.mapred.Task$Counter.MAP_INPUT_RECORDS	48586084
job_201610081912_0001.GridmixJavaSorter.small.org.apache.hadoop.mapred.Task$Counter.MAP_OUTPUT_BYTES	54291888274
job_201610081912_0001.GridmixJavaSorter.small.org.apache.hadoop.mapred.Task$Counter.MAP_OUTPUT_RECORDS	48586084
job_201610081912_0001.GridmixJavaSorter.small.org.apache.hadoop.mapred.Task$Counter.REDUCE_INPUT_GROUPS	19822751
job_201610081912_0001.GridmixJavaSorter.small.org.apache.hadoop.mapred.Task$Counter.REDUCE_INPUT_RECORDS	24293042
job_201610081912_0001.GridmixJavaSorter.small.org.apache.hadoop.mapred.Task$Counter.REDUCE_OUTPUT_RECORDS	24293042
job_201610081912_0001.GridmixJavaSorter.small.org.apache.hadoop.mapred.Task$Counter.REDUCE_SHUFFLE_BYTES	27204797738
job_201610081912_0001.GridmixJavaSorter.small.org.apache.hadoop.mapred.Task$Counter.SPILLED_RECORDS	72879126
job_201610081912_0001.GridmixJavaSorter.small.reduceEndTime	1475969708250
job_201610081912_0001.GridmixJavaSorter.small.reduceExecutionTimeStats.avg	6285
job_201610081912_0001.GridmixJavaSorter.small.reduceExecutionTimeStats.max	8704
job_201610081912_0001.GridmixJavaSorter.small.reduceExecutionTimeStats.medium	6803
job_201610081912_0001.GridmixJavaSorter.small.reduceExecutionTimeStats.min	4185
job_201610081912_0001.GridmixJavaSorter.small.reduceExecutionTimeStats.numOfItems	601
job_201610081912_0001.GridmixJavaSorter.small.reduceStartTime	1475969580249
job_201610081912_0001.jobStatus	successful
GridMix results:
Total num of Jobs: 1
ExecutionTime: 140
