total 1 jobs
Jobs in waiting state: 1
Jobs in ready state: 0
Jobs in running state: 0
Jobs in success state: 0
Jobs in failed state: 0


Jobs in waiting state: 0
Jobs in ready state: 0
Jobs in running state: 1
Jobs in success state: 0
Jobs in failed state: 0


Jobs in waiting state: 0
Jobs in ready state: 0
Jobs in running state: 1
Jobs in success state: 0
Jobs in failed state: 0


Jobs in waiting state: 0
Jobs in ready state: 0
Jobs in running state: 1
Jobs in success state: 0
Jobs in failed state: 0


Jobs in waiting state: 0
Jobs in ready state: 0
Jobs in running state: 1
Jobs in success state: 0
Jobs in failed state: 0


Jobs in waiting state: 0
Jobs in ready state: 0
Jobs in running state: 1
Jobs in success state: 0
Jobs in failed state: 0


Jobs in waiting state: 0
Jobs in ready state: 0
Jobs in running state: 1
Jobs in success state: 0
Jobs in failed state: 0


Jobs in waiting state: 0
Jobs in ready state: 0
Jobs in running state: 1
Jobs in success state: 0
Jobs in failed state: 0


1 jobs succeeded
JobId	job_201610081844_0001
JobName	GridmixJavaSorter.small
job_201610081844_0001.GridmixJavaSorter.small.FileSystemCounters.FILE_BYTES_READ	13619321241
job_201610081844_0001.GridmixJavaSorter.small.FileSystemCounters.FILE_BYTES_WRITTEN	40863400987
job_201610081844_0001.GridmixJavaSorter.small.FileSystemCounters.HDFS_BYTES_READ	27141167952
job_201610081844_0001.GridmixJavaSorter.small.FileSystemCounters.HDFS_BYTES_WRITTEN	13550922876
job_201610081844_0001.GridmixJavaSorter.small.mapEndTime	1475967984693
job_201610081844_0001.GridmixJavaSorter.small.mapExecutionTimeStats.avg	51183
job_201610081844_0001.GridmixJavaSorter.small.mapExecutionTimeStats.max	55898
job_201610081844_0001.GridmixJavaSorter.small.mapExecutionTimeStats.medium	51890
job_201610081844_0001.GridmixJavaSorter.small.mapExecutionTimeStats.min	47211
job_201610081844_0001.GridmixJavaSorter.small.mapExecutionTimeStats.numOfItems	903
job_201610081844_0001.GridmixJavaSorter.small.mapStartTime	1475967924652
job_201610081844_0001.GridmixJavaSorter.small.numOfMapTasks	903
job_201610081844_0001.GridmixJavaSorter.small.numOfReduceTasks	301
job_201610081844_0001.GridmixJavaSorter.small.org.apache.hadoop.mapred.JobInProgress$Counter.DATA_LOCAL_MAPS	529
job_201610081844_0001.GridmixJavaSorter.small.org.apache.hadoop.mapred.JobInProgress$Counter.RACK_LOCAL_MAPS	73
job_201610081844_0001.GridmixJavaSorter.small.org.apache.hadoop.mapred.JobInProgress$Counter.TOTAL_LAUNCHED_MAPS	602
job_201610081844_0001.GridmixJavaSorter.small.org.apache.hadoop.mapred.JobInProgress$Counter.TOTAL_LAUNCHED_REDUCES	332
job_201610081844_0001.GridmixJavaSorter.small.org.apache.hadoop.mapred.Task$Counter.COMBINE_INPUT_RECORDS	0
job_201610081844_0001.GridmixJavaSorter.small.org.apache.hadoop.mapred.Task$Counter.COMBINE_OUTPUT_RECORDS	0
job_201610081844_0001.GridmixJavaSorter.small.org.apache.hadoop.mapred.Task$Counter.MAP_INPUT_BYTES	27101845752
job_201610081844_0001.GridmixJavaSorter.small.org.apache.hadoop.mapred.Task$Counter.MAP_INPUT_RECORDS	24291798
job_201610081844_0001.GridmixJavaSorter.small.org.apache.hadoop.mapred.Task$Counter.MAP_OUTPUT_BYTES	27145933290
job_201610081844_0001.GridmixJavaSorter.small.org.apache.hadoop.mapred.Task$Counter.MAP_OUTPUT_RECORDS	24291798
job_201610081844_0001.GridmixJavaSorter.small.org.apache.hadoop.mapred.Task$Counter.REDUCE_INPUT_GROUPS	10189345
job_201610081844_0001.GridmixJavaSorter.small.org.apache.hadoop.mapred.Task$Counter.REDUCE_INPUT_RECORDS	12145899
job_201610081844_0001.GridmixJavaSorter.small.org.apache.hadoop.mapred.Task$Counter.REDUCE_OUTPUT_RECORDS	12145899
job_201610081844_0001.GridmixJavaSorter.small.org.apache.hadoop.mapred.Task$Counter.REDUCE_SHUFFLE_BYTES	13593876570
job_201610081844_0001.GridmixJavaSorter.small.org.apache.hadoop.mapred.Task$Counter.SPILLED_RECORDS	36437697
job_201610081844_0001.GridmixJavaSorter.small.reduceEndTime	1475967995654
job_201610081844_0001.GridmixJavaSorter.small.reduceExecutionTimeStats.avg	4302
job_201610081844_0001.GridmixJavaSorter.small.reduceExecutionTimeStats.max	6691
job_201610081844_0001.GridmixJavaSorter.small.reduceExecutionTimeStats.medium	4855
job_201610081844_0001.GridmixJavaSorter.small.reduceExecutionTimeStats.min	2258
job_201610081844_0001.GridmixJavaSorter.small.reduceExecutionTimeStats.numOfItems	301
job_201610081844_0001.GridmixJavaSorter.small.reduceStartTime	1475967924652
job_201610081844_0001.jobStatus	successful
GridMix results:
Total num of Jobs: 1
ExecutionTime: 90
