This file contains any messages produced by compilers while
running configure, to aid debugging if configure makes a mistake.

It was created by hadoop-utils configure 0.13.0, which was
generated by GNU Autoconf 2.59.  Invocation command line was

  $ ./configure 

## --------- ##
## Platform. ##
## --------- ##

hostname = hawai
uname -m = i686
uname -r = 2.6.31-16-generic
uname -s = Linux
uname -v = #52-Ubuntu SMP Thu Dec 3 22:00:22 UTC 2009

/usr/bin/uname -p = unknown
/bin/uname -X     = unknown

/bin/arch              = unknown
/usr/bin/arch -k       = unknown
/usr/convex/getsysinfo = unknown
hostinfo               = unknown
/bin/machine           = unknown
/usr/bin/oslevel       = unknown
/bin/universe          = unknown

PATH: /usr/local/sbin
PATH: /usr/local/bin
PATH: /usr/sbin
PATH: /usr/bin
PATH: /sbin
PATH: /bin
PATH: /usr/games
PATH: /home/xeon/programs/java/jdk1.6.0_17/bin
PATH: /home/xeon/programs/apache-ant-1.7.1/bin


## ----------- ##
## Core tests. ##
## ----------- ##

configure:1554: checking for a BSD-compatible install
configure:1609: result: /usr/bin/install -c
configure:1620: checking whether build environment is sane
configure:1663: result: yes
configure:1728: checking for gawk
configure:1757: result: no
configure:1728: checking for mawk
configure:1744: found /usr/bin/mawk
configure:1754: result: mawk
configure:1764: checking whether make sets $(MAKE)
configure:1784: result: yes
configure:1987: checking for style of include used by make
configure:2015: result: GNU
configure:2086: checking for gcc
configure:2102: found /usr/bin/gcc
configure:2112: result: gcc
configure:2356: checking for C compiler version
configure:2359: gcc --version </dev/null >&5
gcc (Ubuntu 4.4.1-4ubuntu9) 4.4.1
Copyright (C) 2009 Free Software Foundation, Inc.
This is free software; see the source for copying conditions.  There is NO
warranty; not even for MERCHANTABILITY or FITNESS FOR A PARTICULAR PURPOSE.

configure:2362: $? = 0
configure:2364: gcc -v </dev/null >&5
Using built-in specs.
Target: i486-linux-gnu
Configured with: ../src/configure -v --with-pkgversion='Ubuntu 4.4.1-4ubuntu9' --with-bugurl=file:///usr/share/doc/gcc-4.4/README.Bugs --enable-languages=c,c++,fortran,objc,obj-c++ --prefix=/usr --enable-shared --enable-multiarch --enable-linker-build-id --with-system-zlib --libexecdir=/usr/lib --without-included-gettext --enable-threads=posix --with-gxx-include-dir=/usr/include/c++/4.4 --program-suffix=-4.4 --enable-nls --enable-clocale=gnu --enable-libstdcxx-debug --enable-objc-gc --enable-targets=all --disable-werror --with-arch-32=i486 --with-tune=generic --enable-checking=release --build=i486-linux-gnu --host=i486-linux-gnu --target=i486-linux-gnu
Thread model: posix
gcc version 4.4.1 (Ubuntu 4.4.1-4ubuntu9) 
configure:2367: $? = 0
configure:2369: gcc -V </dev/null >&5
gcc: '-V' option must have argument
configure:2372: $? = 1
configure:2395: checking for C compiler default output file name
configure:2398: gcc    conftest.c  >&5
configure:2401: $? = 0
configure:2447: result: a.out
configure:2452: checking whether the C compiler works
configure:2458: ./a.out
configure:2461: $? = 0
configure:2478: result: yes
configure:2485: checking whether we are cross compiling
configure:2487: result: no
configure:2490: checking for suffix of executables
configure:2492: gcc -o conftest    conftest.c  >&5
configure:2495: $? = 0
configure:2520: result: 
configure:2526: checking for suffix of object files
configure:2547: gcc -c   conftest.c >&5
configure:2550: $? = 0
configure:2572: result: o
configure:2576: checking whether we are using the GNU C compiler
configure:2600: gcc -c   conftest.c >&5
configure:2606: $? = 0
configure:2610: test -z 
			 || test ! -s conftest.err
configure:2613: $? = 0
configure:2616: test -s conftest.o
configure:2619: $? = 0
configure:2632: result: yes
configure:2638: checking whether gcc accepts -g
configure:2659: gcc -c -g  conftest.c >&5
configure:2665: $? = 0
configure:2669: test -z 
			 || test ! -s conftest.err
configure:2672: $? = 0
configure:2675: test -s conftest.o
configure:2678: $? = 0
configure:2689: result: yes
configure:2706: checking for gcc option to accept ANSI C
configure:2776: gcc  -c -g -O2  conftest.c >&5
configure:2782: $? = 0
configure:2786: test -z 
			 || test ! -s conftest.err
configure:2789: $? = 0
configure:2792: test -s conftest.o
configure:2795: $? = 0
configure:2813: result: none needed
configure:2831: gcc -c -g -O2  conftest.c >&5
conftest.c:2: error: expected '=', ',', ';', 'asm' or '__attribute__' before 'me'
configure:2837: $? = 1
configure: failed program was:
| #ifndef __cplusplus
|   choke me
| #endif
configure:2972: checking dependency style of gcc
configure:3062: result: gcc3
configure:3087: checking for special C compiler options needed for large files
configure:3186: result: no
configure:3192: checking for _FILE_OFFSET_BITS value needed for large files
configure:3223: gcc -c -g -O2  conftest.c >&5
conftest.c:18: warning: left shift count >= width of type
conftest.c:18: warning: left shift count >= width of type
conftest.c:20: error: size of array 'off_t_is_large' is negative
configure:3229: $? = 1
configure: failed program was:
| /* confdefs.h.  */
| 
| #define PACKAGE_NAME "hadoop-utils"
| #define PACKAGE_TARNAME "hadoop-utils"
| #define PACKAGE_VERSION "0.13.0"
| #define PACKAGE_STRING "hadoop-utils 0.13.0"
| #define PACKAGE_BUGREPORT "omalley@apache.org"
| #define PACKAGE "hadoop-utils"
| #define VERSION "0.13.0"
| #define _GNU_SOURCE 1
| /* end confdefs.h.  */
| #include <sys/types.h>
|  /* Check that off_t can represent 2**63 - 1 correctly.
|     We can't simply define LARGE_OFF_T to be 9223372036854775807,
|     since some C++ compilers masquerading as C compilers
|     incorrectly reject 9223372036854775807.  */
| #define LARGE_OFF_T (((off_t) 1 << 62) - 1 + ((off_t) 1 << 62))
|   int off_t_is_large[(LARGE_OFF_T % 2147483629 == 721
| 		       && LARGE_OFF_T % 2147483647 == 1)
| 		      ? 1 : -1];
| int
| main ()
| {
| 
|   ;
|   return 0;
| }
configure:3276: gcc -c -g -O2  conftest.c >&5
configure:3282: $? = 0
configure:3286: test -z 
			 || test ! -s conftest.err
configure:3289: $? = 0
configure:3292: test -s conftest.o
configure:3295: $? = 0
configure:3307: result: 64
configure:3317: checking for _LARGE_FILES value needed for large files
configure:3348: gcc -c -g -O2  conftest.c >&5
configure:3354: $? = 0
configure:3358: test -z 
			 || test ! -s conftest.err
configure:3361: $? = 0
configure:3364: test -s conftest.o
configure:3367: $? = 0
configure:3432: result: no
configure:3502: checking for g++
configure:3518: found /usr/bin/g++
configure:3528: result: g++
configure:3544: checking for C++ compiler version
configure:3547: g++ --version </dev/null >&5
g++ (Ubuntu 4.4.1-4ubuntu9) 4.4.1
Copyright (C) 2009 Free Software Foundation, Inc.
This is free software; see the source for copying conditions.  There is NO
warranty; not even for MERCHANTABILITY or FITNESS FOR A PARTICULAR PURPOSE.

configure:3550: $? = 0
configure:3552: g++ -v </dev/null >&5
Using built-in specs.
Target: i486-linux-gnu
Configured with: ../src/configure -v --with-pkgversion='Ubuntu 4.4.1-4ubuntu9' --with-bugurl=file:///usr/share/doc/gcc-4.4/README.Bugs --enable-languages=c,c++,fortran,objc,obj-c++ --prefix=/usr --enable-shared --enable-multiarch --enable-linker-build-id --with-system-zlib --libexecdir=/usr/lib --without-included-gettext --enable-threads=posix --with-gxx-include-dir=/usr/include/c++/4.4 --program-suffix=-4.4 --enable-nls --enable-clocale=gnu --enable-libstdcxx-debug --enable-objc-gc --enable-targets=all --disable-werror --with-arch-32=i486 --with-tune=generic --enable-checking=release --build=i486-linux-gnu --host=i486-linux-gnu --target=i486-linux-gnu
Thread model: posix
gcc version 4.4.1 (Ubuntu 4.4.1-4ubuntu9) 
configure:3555: $? = 0
configure:3557: g++ -V </dev/null >&5
g++: '-V' option must have argument
configure:3560: $? = 1
configure:3563: checking whether we are using the GNU C++ compiler
configure:3587: g++ -c   conftest.cc >&5
configure:3593: $? = 0
configure:3597: test -z 
			 || test ! -s conftest.err
configure:3600: $? = 0
configure:3603: test -s conftest.o
configure:3606: $? = 0
configure:3619: result: yes
configure:3625: checking whether g++ accepts -g
configure:3646: g++ -c -g  conftest.cc >&5
configure:3652: $? = 0
configure:3656: test -z 
			 || test ! -s conftest.err
configure:3659: $? = 0
configure:3662: test -s conftest.o
configure:3665: $? = 0
configure:3676: result: yes
configure:3718: g++ -c -g -O2  conftest.cc >&5
configure:3724: $? = 0
configure:3728: test -z 
			 || test ! -s conftest.err
configure:3731: $? = 0
configure:3734: test -s conftest.o
configure:3737: $? = 0
configure:3763: g++ -c -g -O2  conftest.cc >&5
conftest.cc: In function 'int main()':
conftest.cc:17: error: 'exit' was not declared in this scope
configure:3769: $? = 1
configure: failed program was:
| /* confdefs.h.  */
| 
| #define PACKAGE_NAME "hadoop-utils"
| #define PACKAGE_TARNAME "hadoop-utils"
| #define PACKAGE_VERSION "0.13.0"
| #define PACKAGE_STRING "hadoop-utils 0.13.0"
| #define PACKAGE_BUGREPORT "omalley@apache.org"
| #define PACKAGE "hadoop-utils"
| #define VERSION "0.13.0"
| #define _GNU_SOURCE 1
| #define _FILE_OFFSET_BITS 64
| /* end confdefs.h.  */
| 
| int
| main ()
| {
| exit (42);
|   ;
|   return 0;
| }
configure:3718: g++ -c -g -O2  conftest.cc >&5
conftest.cc:13: error: 'void std::exit(int)' should have been declared inside 'std'
configure:3724: $? = 1
configure: failed program was:
| /* confdefs.h.  */
| 
| #define PACKAGE_NAME "hadoop-utils"
| #define PACKAGE_TARNAME "hadoop-utils"
| #define PACKAGE_VERSION "0.13.0"
| #define PACKAGE_STRING "hadoop-utils 0.13.0"
| #define PACKAGE_BUGREPORT "omalley@apache.org"
| #define PACKAGE "hadoop-utils"
| #define VERSION "0.13.0"
| #define _GNU_SOURCE 1
| #define _FILE_OFFSET_BITS 64
| /* end confdefs.h.  */
| extern "C" void std::exit (int) throw (); using std::exit;
| #include <stdlib.h>
| int
| main ()
| {
| exit (42);
|   ;
|   return 0;
| }
configure:3718: g++ -c -g -O2  conftest.cc >&5
conftest.cc:13: error: 'void std::exit(int)' should have been declared inside 'std'
In file included from conftest.cc:14:
/usr/include/stdlib.h:543: error: declaration of 'void std::exit(int) throw ()' throws different exceptions
conftest.cc:13: error: from previous declaration 'void std::exit(int)'
configure:3724: $? = 1
configure: failed program was:
| /* confdefs.h.  */
| 
| #define PACKAGE_NAME "hadoop-utils"
| #define PACKAGE_TARNAME "hadoop-utils"
| #define PACKAGE_VERSION "0.13.0"
| #define PACKAGE_STRING "hadoop-utils 0.13.0"
| #define PACKAGE_BUGREPORT "omalley@apache.org"
| #define PACKAGE "hadoop-utils"
| #define VERSION "0.13.0"
| #define _GNU_SOURCE 1
| #define _FILE_OFFSET_BITS 64
| /* end confdefs.h.  */
| extern "C" void std::exit (int); using std::exit;
| #include <stdlib.h>
| int
| main ()
| {
| exit (42);
|   ;
|   return 0;
| }
configure:3718: g++ -c -g -O2  conftest.cc >&5
configure:3724: $? = 0
configure:3728: test -z 
			 || test ! -s conftest.err
configure:3731: $? = 0
configure:3734: test -s conftest.o
configure:3737: $? = 0
configure:3763: g++ -c -g -O2  conftest.cc >&5
configure:3769: $? = 0
configure:3773: test -z 
			 || test ! -s conftest.err
configure:3776: $? = 0
configure:3779: test -s conftest.o
configure:3782: $? = 0
configure:3807: checking dependency style of g++
configure:3897: result: gcc3
configure:3992: checking build system type
configure:4010: result: i686-pc-linux-gnu
configure:4018: checking host system type
configure:4032: result: i686-pc-linux-gnu
configure:4040: checking for a sed that does not truncate output
configure:4094: result: /bin/sed
configure:4097: checking for egrep
configure:4107: result: grep -E
configure:4123: checking for ld used by gcc
configure:4190: result: /usr/bin/ld
configure:4199: checking if the linker (/usr/bin/ld) is GNU ld
configure:4214: result: yes
configure:4219: checking for /usr/bin/ld option to reload object files
configure:4226: result: -r
configure:4244: checking for BSD-compatible nm
configure:4286: result: /usr/bin/nm -B
configure:4290: checking whether ln -s works
configure:4294: result: yes
configure:4301: checking how to recognise dependent libraries
configure:4473: result: pass_all
configure:4686: checking how to run the C preprocessor
configure:4721: gcc -E  conftest.c
configure:4727: $? = 0
configure:4759: gcc -E  conftest.c
conftest.c:16:28: error: ac_nonexistent.h: No such file or directory
configure:4765: $? = 1
configure: failed program was:
| /* confdefs.h.  */
| 
| #define PACKAGE_NAME "hadoop-utils"
| #define PACKAGE_TARNAME "hadoop-utils"
| #define PACKAGE_VERSION "0.13.0"
| #define PACKAGE_STRING "hadoop-utils 0.13.0"
| #define PACKAGE_BUGREPORT "omalley@apache.org"
| #define PACKAGE "hadoop-utils"
| #define VERSION "0.13.0"
| #define _GNU_SOURCE 1
| #define _FILE_OFFSET_BITS 64
| #ifdef __cplusplus
| extern "C" void exit (int) throw ();
| #endif
| /* end confdefs.h.  */
| #include <ac_nonexistent.h>
configure:4804: result: gcc -E
configure:4828: gcc -E  conftest.c
configure:4834: $? = 0
configure:4866: gcc -E  conftest.c
conftest.c:16:28: error: ac_nonexistent.h: No such file or directory
configure:4872: $? = 1
configure: failed program was:
| /* confdefs.h.  */
| 
| #define PACKAGE_NAME "hadoop-utils"
| #define PACKAGE_TARNAME "hadoop-utils"
| #define PACKAGE_VERSION "0.13.0"
| #define PACKAGE_STRING "hadoop-utils 0.13.0"
| #define PACKAGE_BUGREPORT "omalley@apache.org"
| #define PACKAGE "hadoop-utils"
| #define VERSION "0.13.0"
| #define _GNU_SOURCE 1
| #define _FILE_OFFSET_BITS 64
| #ifdef __cplusplus
| extern "C" void exit (int) throw ();
| #endif
| /* end confdefs.h.  */
| #include <ac_nonexistent.h>
configure:4916: checking for ANSI C header files
configure:4941: gcc -c -g -O2  conftest.c >&5
configure:4947: $? = 0
configure:4951: test -z 
			 || test ! -s conftest.err
configure:4954: $? = 0
configure:4957: test -s conftest.o
configure:4960: $? = 0
configure:5049: gcc -o conftest -g -O2   conftest.c  >&5
conftest.c: In function 'main':
conftest.c:33: warning: incompatible implicit declaration of built-in function 'exit'
configure:5052: $? = 0
configure:5054: ./conftest
configure:5057: $? = 0
configure:5072: result: yes
configure:5096: checking for sys/types.h
configure:5112: gcc -c -g -O2  conftest.c >&5
configure:5118: $? = 0
configure:5122: test -z 
			 || test ! -s conftest.err
configure:5125: $? = 0
configure:5128: test -s conftest.o
configure:5131: $? = 0
configure:5142: result: yes
configure:5096: checking for sys/stat.h
configure:5112: gcc -c -g -O2  conftest.c >&5
configure:5118: $? = 0
configure:5122: test -z 
			 || test ! -s conftest.err
configure:5125: $? = 0
configure:5128: test -s conftest.o
configure:5131: $? = 0
configure:5142: result: yes
configure:5096: checking for stdlib.h
configure:5112: gcc -c -g -O2  conftest.c >&5
configure:5118: $? = 0
configure:5122: test -z 
			 || test ! -s conftest.err
configure:5125: $? = 0
configure:5128: test -s conftest.o
configure:5131: $? = 0
configure:5142: result: yes
configure:5096: checking for string.h
configure:5112: gcc -c -g -O2  conftest.c >&5
configure:5118: $? = 0
configure:5122: test -z 
			 || test ! -s conftest.err
configure:5125: $? = 0
configure:5128: test -s conftest.o
configure:5131: $? = 0
configure:5142: result: yes
configure:5096: checking for memory.h
configure:5112: gcc -c -g -O2  conftest.c >&5
configure:5118: $? = 0
configure:5122: test -z 
			 || test ! -s conftest.err
configure:5125: $? = 0
configure:5128: test -s conftest.o
configure:5131: $? = 0
configure:5142: result: yes
configure:5096: checking for strings.h
configure:5112: gcc -c -g -O2  conftest.c >&5
configure:5118: $? = 0
configure:5122: test -z 
			 || test ! -s conftest.err
configure:5125: $? = 0
configure:5128: test -s conftest.o
configure:5131: $? = 0
configure:5142: result: yes
configure:5096: checking for inttypes.h
configure:5112: gcc -c -g -O2  conftest.c >&5
configure:5118: $? = 0
configure:5122: test -z 
			 || test ! -s conftest.err
configure:5125: $? = 0
configure:5128: test -s conftest.o
configure:5131: $? = 0
configure:5142: result: yes
configure:5096: checking for stdint.h
configure:5112: gcc -c -g -O2  conftest.c >&5
configure:5118: $? = 0
configure:5122: test -z 
			 || test ! -s conftest.err
configure:5125: $? = 0
configure:5128: test -s conftest.o
configure:5131: $? = 0
configure:5142: result: yes
configure:5096: checking for unistd.h
configure:5112: gcc -c -g -O2  conftest.c >&5
configure:5118: $? = 0
configure:5122: test -z 
			 || test ! -s conftest.err
configure:5125: $? = 0
configure:5128: test -s conftest.o
configure:5131: $? = 0
configure:5142: result: yes
configure:5168: checking dlfcn.h usability
configure:5180: gcc -c -g -O2  conftest.c >&5
configure:5186: $? = 0
configure:5190: test -z 
			 || test ! -s conftest.err
configure:5193: $? = 0
configure:5196: test -s conftest.o
configure:5199: $? = 0
configure:5209: result: yes
configure:5213: checking dlfcn.h presence
configure:5223: gcc -E  conftest.c
configure:5229: $? = 0
configure:5249: result: yes
configure:5284: checking for dlfcn.h
configure:5291: result: yes
configure:5314: checking how to run the C++ preprocessor
configure:5345: g++ -E  conftest.cc
configure:5351: $? = 0
configure:5383: g++ -E  conftest.cc
conftest.cc:27:28: error: ac_nonexistent.h: No such file or directory
configure:5389: $? = 1
configure: failed program was:
| /* confdefs.h.  */
| 
| #define PACKAGE_NAME "hadoop-utils"
| #define PACKAGE_TARNAME "hadoop-utils"
| #define PACKAGE_VERSION "0.13.0"
| #define PACKAGE_STRING "hadoop-utils 0.13.0"
| #define PACKAGE_BUGREPORT "omalley@apache.org"
| #define PACKAGE "hadoop-utils"
| #define VERSION "0.13.0"
| #define _GNU_SOURCE 1
| #define _FILE_OFFSET_BITS 64
| #ifdef __cplusplus
| extern "C" void exit (int) throw ();
| #endif
| #define STDC_HEADERS 1
| #define HAVE_SYS_TYPES_H 1
| #define HAVE_SYS_STAT_H 1
| #define HAVE_STDLIB_H 1
| #define HAVE_STRING_H 1
| #define HAVE_MEMORY_H 1
| #define HAVE_STRINGS_H 1
| #define HAVE_INTTYPES_H 1
| #define HAVE_STDINT_H 1
| #define HAVE_UNISTD_H 1
| #define HAVE_DLFCN_H 1
| /* end confdefs.h.  */
| #include <ac_nonexistent.h>
configure:5428: result: g++ -E
configure:5452: g++ -E  conftest.cc
configure:5458: $? = 0
configure:5490: g++ -E  conftest.cc
conftest.cc:27:28: error: ac_nonexistent.h: No such file or directory
configure:5496: $? = 1
configure: failed program was:
| /* confdefs.h.  */
| 
| #define PACKAGE_NAME "hadoop-utils"
| #define PACKAGE_TARNAME "hadoop-utils"
| #define PACKAGE_VERSION "0.13.0"
| #define PACKAGE_STRING "hadoop-utils 0.13.0"
| #define PACKAGE_BUGREPORT "omalley@apache.org"
| #define PACKAGE "hadoop-utils"
| #define VERSION "0.13.0"
| #define _GNU_SOURCE 1
| #define _FILE_OFFSET_BITS 64
| #ifdef __cplusplus
| extern "C" void exit (int) throw ();
| #endif
| #define STDC_HEADERS 1
| #define HAVE_SYS_TYPES_H 1
| #define HAVE_SYS_STAT_H 1
| #define HAVE_STDLIB_H 1
| #define HAVE_STRING_H 1
| #define HAVE_MEMORY_H 1
| #define HAVE_STRINGS_H 1
| #define HAVE_INTTYPES_H 1
| #define HAVE_STDINT_H 1
| #define HAVE_UNISTD_H 1
| #define HAVE_DLFCN_H 1
| /* end confdefs.h.  */
| #include <ac_nonexistent.h>
configure:5593: checking for g77
configure:5622: result: no
configure:5593: checking for f77
configure:5622: result: no
configure:5593: checking for xlf
configure:5622: result: no
configure:5593: checking for frt
configure:5622: result: no
configure:5593: checking for pgf77
configure:5622: result: no
configure:5593: checking for fort77
configure:5622: result: no
configure:5593: checking for fl32
configure:5622: result: no
configure:5593: checking for af77
configure:5622: result: no
configure:5593: checking for f90
configure:5622: result: no
configure:5593: checking for xlf90
configure:5622: result: no
configure:5593: checking for pgf90
configure:5622: result: no
configure:5593: checking for epcf90
configure:5622: result: no
configure:5593: checking for f95
configure:5622: result: no
configure:5593: checking for fort
configure:5622: result: no
configure:5593: checking for xlf95
configure:5622: result: no
configure:5593: checking for ifc
configure:5622: result: no
configure:5593: checking for efc
configure:5622: result: no
configure:5593: checking for pgf95
configure:5622: result: no
configure:5593: checking for lf95
configure:5622: result: no
configure:5593: checking for gfortran
configure:5622: result: no
configure:5634: checking for Fortran 77 compiler version
configure:5637:  --version </dev/null >&5
./configure: line 5638: --version: command not found
configure:5640: $? = 127
configure:5642:  -v </dev/null >&5
./configure: line 5643: -v: command not found
configure:5645: $? = 127
configure:5647:  -V </dev/null >&5
./configure: line 5648: -V: command not found
configure:5650: $? = 127
configure:5658: checking whether we are using the GNU Fortran 77 compiler
configure:5672:  -c  conftest.F >&5
./configure: line 5673: -c: command not found
configure:5678: $? = 127
configure: failed program was:
|       program main
| #ifndef __GNUC__
|        choke me
| #endif
| 
|       end
configure:5704: result: no
configure:5710: checking whether  accepts -g
configure:5722:  -c -g conftest.f >&5
./configure: line 5723: -c: command not found
configure:5728: $? = 127
configure: failed program was:
|       program main
| 
|       end
configure:5753: result: no
configure:5783: checking the maximum length of command line arguments
configure:5875: result: 32768
configure:5886: checking command to parse /usr/bin/nm -B output from gcc object
configure:5982: gcc -c -g -O2  conftest.c >&5
configure:5985: $? = 0
configure:5989: /usr/bin/nm -B conftest.o \| sed -n -e 's/^.*[ 	]\([ABCDGIRSTW][ABCDGIRSTW]*\)[ 	][ 	]*\([_A-Za-z][_A-Za-z0-9]*\)$/\1 \2 \2/p' \> conftest.nm
configure:5992: $? = 0
configure:6044: gcc -o conftest -g -O2   conftest.c conftstm.o >&5
configure:6047: $? = 0
configure:6085: result: ok
configure:6089: checking for objdir
configure:6104: result: .libs
configure:6194: checking for ar
configure:6210: found /usr/bin/ar
configure:6221: result: ar
configure:6274: checking for ranlib
configure:6290: found /usr/bin/ranlib
configure:6301: result: ranlib
configure:6354: checking for strip
configure:6370: found /usr/bin/strip
configure:6381: result: strip
configure:6668: checking if gcc static flag  works
configure:6696: result: yes
configure:6714: checking if gcc supports -fno-rtti -fno-exceptions
configure:6732: gcc -c -g -O2  -fno-rtti -fno-exceptions conftest.c >&5
cc1: warning: command line option "-fno-rtti" is valid for C++/ObjC++ but not for C
configure:6736: $? = 0
configure:6749: result: no
configure:6764: checking for gcc option to produce PIC
configure:6968: result: -fPIC
configure:6976: checking if gcc PIC flag -fPIC works
configure:6994: gcc -c -g -O2  -fPIC -DPIC conftest.c >&5
configure:6998: $? = 0
configure:7011: result: yes
configure:7035: checking if gcc supports -c -o file.o
configure:7056: gcc -c -g -O2  -o out/conftest2.o conftest.c >&5
configure:7060: $? = 0
configure:7082: result: yes
configure:7108: checking whether the gcc linker (/usr/bin/ld) supports shared libraries
configure:8004: result: yes
configure:8030: checking whether -lc should be explicitly linked in
configure:8035: gcc -c -g -O2  conftest.c >&5
configure:8038: $? = 0
configure:8052: gcc -shared conftest.o  -v -Wl,-soname -Wl,conftest -o conftest 2\>\&1 \| grep  -lc  \>/dev/null 2\>\&1
configure:8055: $? = 0
configure:8067: result: no
configure:8075: checking dynamic linker characteristics
configure:8629: result: GNU/Linux ld.so
configure:8633: checking how to hardcode library paths into programs
configure:8658: result: immediate
configure:8672: checking whether stripping libraries is possible
configure:8677: result: yes
configure:9507: checking if libtool supports shared libraries
configure:9509: result: yes
configure:9512: checking whether to build shared libraries
configure:9533: result: yes
configure:9536: checking whether to build static libraries
configure:9540: result: yes
configure:9632: creating libtool
configure:10210: checking for ld used by g++
configure:10277: result: /usr/bin/ld
configure:10286: checking if the linker (/usr/bin/ld) is GNU ld
configure:10301: result: yes
configure:10352: checking whether the g++ linker (/usr/bin/ld) supports shared libraries
configure:11232: result: yes
configure:11250: g++ -c -g -O2  conftest.cpp >&5
configure:11253: $? = 0
configure:11363: checking for g++ option to produce PIC
configure:11631: result: -fPIC
configure:11639: checking if g++ PIC flag -fPIC works
configure:11657: g++ -c -g -O2  -fPIC -DPIC conftest.cpp >&5
configure:11661: $? = 0
configure:11674: result: yes
configure:11698: checking if g++ supports -c -o file.o
configure:11719: g++ -c -g -O2  -o out/conftest2.o conftest.cpp >&5
configure:11723: $? = 0
configure:11745: result: yes
configure:11771: checking whether the g++ linker (/usr/bin/ld) supports shared libraries
configure:11796: result: yes
configure:11867: checking dynamic linker characteristics
configure:12421: result: GNU/Linux ld.so
configure:12425: checking how to hardcode library paths into programs
configure:12450: result: immediate
configure:12464: checking whether stripping libraries is possible
configure:12469: result: yes
configure:20007: checking for unistd.h
configure:20012: result: yes
configure:20154: checking for stdbool.h that conforms to C99
configure:20207: g++ -c -g -O2  conftest.cc >&5
configure:20213: $? = 0
configure:20217: test -z 
			 || test ! -s conftest.err
configure:20220: $? = 0
configure:20223: test -s conftest.o
configure:20226: $? = 0
configure:20237: result: yes
configure:20239: checking for _Bool
configure:20263: g++ -c -g -O2  conftest.cc >&5
conftest.cc: In function 'int main()':
conftest.cc:65: error: '_Bool' was not declared in this scope
conftest.cc:65: error: expected primary-expression before ')' token
conftest.cc:65: error: expected ')' before numeric constant
conftest.cc:67: error: '_Bool' was not declared in this scope
configure:20269: $? = 1
configure: failed program was:
| /* confdefs.h.  */
| 
| #define PACKAGE_NAME "hadoop-utils"
| #define PACKAGE_TARNAME "hadoop-utils"
| #define PACKAGE_VERSION "0.13.0"
| #define PACKAGE_STRING "hadoop-utils 0.13.0"
| #define PACKAGE_BUGREPORT "omalley@apache.org"
| #define PACKAGE "hadoop-utils"
| #define VERSION "0.13.0"
| #define _GNU_SOURCE 1
| #define _FILE_OFFSET_BITS 64
| #ifdef __cplusplus
| extern "C" void exit (int) throw ();
| #endif
| #define STDC_HEADERS 1
| #define HAVE_SYS_TYPES_H 1
| #define HAVE_SYS_STAT_H 1
| #define HAVE_STDLIB_H 1
| #define HAVE_STRING_H 1
| #define HAVE_MEMORY_H 1
| #define HAVE_STRINGS_H 1
| #define HAVE_INTTYPES_H 1
| #define HAVE_STDINT_H 1
| #define HAVE_UNISTD_H 1
| #define HAVE_DLFCN_H 1
| #define HAVE_UNISTD_H 1
| /* end confdefs.h.  */
| #include <stdio.h>
| #if HAVE_SYS_TYPES_H
| # include <sys/types.h>
| #endif
| #if HAVE_SYS_STAT_H
| # include <sys/stat.h>
| #endif
| #if STDC_HEADERS
| # include <stdlib.h>
| # include <stddef.h>
| #else
| # if HAVE_STDLIB_H
| #  include <stdlib.h>
| # endif
| #endif
| #if HAVE_STRING_H
| # if !STDC_HEADERS && HAVE_MEMORY_H
| #  include <memory.h>
| # endif
| # include <string.h>
| #endif
| #if HAVE_STRINGS_H
| # include <strings.h>
| #endif
| #if HAVE_INTTYPES_H
| # include <inttypes.h>
| #else
| # if HAVE_STDINT_H
| #  include <stdint.h>
| # endif
| #endif
| #if HAVE_UNISTD_H
| # include <unistd.h>
| #endif
| int
| main ()
| {
| if ((_Bool *) 0)
|   return 0;
| if (sizeof (_Bool))
|   return 0;
|   ;
|   return 0;
| }
configure:20293: result: no
configure:20312: checking for an ANSI C-conforming const
configure:20379: g++ -c -g -O2  conftest.cc >&5
configure:20385: $? = 0
configure:20389: test -z 
			 || test ! -s conftest.err
configure:20392: $? = 0
configure:20395: test -s conftest.o
configure:20398: $? = 0
configure:20409: result: yes
configure:20419: checking for off_t
configure:20443: g++ -c -g -O2  conftest.cc >&5
configure:20449: $? = 0
configure:20453: test -z 
			 || test ! -s conftest.err
configure:20456: $? = 0
configure:20459: test -s conftest.o
configure:20462: $? = 0
configure:20473: result: yes
configure:20485: checking for size_t
configure:20509: g++ -c -g -O2  conftest.cc >&5
configure:20515: $? = 0
configure:20519: test -z 
			 || test ! -s conftest.err
configure:20522: $? = 0
configure:20525: test -s conftest.o
configure:20528: $? = 0
configure:20539: result: yes
configure:20551: checking whether strerror_r is declared
configure:20575: g++ -c -g -O2  conftest.cc >&5
configure:20581: $? = 0
configure:20585: test -z 
			 || test ! -s conftest.err
configure:20588: $? = 0
configure:20591: test -s conftest.o
configure:20594: $? = 0
configure:20605: result: yes
configure:20627: checking for strerror_r
configure:20684: g++ -o conftest -g -O2   conftest.cc  >&5
configure:20690: $? = 0
configure:20694: test -z 
			 || test ! -s conftest.err
configure:20697: $? = 0
configure:20700: test -s conftest
configure:20703: $? = 0
configure:20715: result: yes
configure:20725: checking whether strerror_r returns char *
configure:20753: g++ -c -g -O2  conftest.cc >&5
configure:20759: $? = 0
configure:20763: test -z 
			 || test ! -s conftest.err
configure:20766: $? = 0
configure:20769: test -s conftest.o
configure:20772: $? = 0
configure:20832: result: yes
configure:20849: checking for mkdir
configure:20906: g++ -o conftest -g -O2   conftest.cc  >&5
configure:20912: $? = 0
configure:20916: test -z 
			 || test ! -s conftest.err
configure:20919: $? = 0
configure:20922: test -s conftest
configure:20925: $? = 0
configure:20937: result: yes
configure:20849: checking for uname
configure:20906: g++ -o conftest -g -O2   conftest.cc  >&5
configure:20912: $? = 0
configure:20916: test -z 
			 || test ! -s conftest.err
configure:20919: $? = 0
configure:20922: test -s conftest
configure:20925: $? = 0
configure:20937: result: yes
configure:21063: creating ./config.status

## ---------------------- ##
## Running config.status. ##
## ---------------------- ##

This file was extended by hadoop-utils config.status 0.13.0, which was
generated by GNU Autoconf 2.59.  Invocation command line was

  CONFIG_FILES    = 
  CONFIG_HEADERS  = 
  CONFIG_LINKS    = 
  CONFIG_COMMANDS = 
  $ ./config.status 

on hawai

config.status:714: creating Makefile
config.status:818: creating impl/config.h
config.status:1124: executing depfiles commands

## ---------------- ##
## Cache variables. ##
## ---------------- ##

ac_cv_build=i686-pc-linux-gnu
ac_cv_build_alias=i686-pc-linux-gnu
ac_cv_c_compiler_gnu=yes
ac_cv_c_const=yes
ac_cv_cxx_compiler_gnu=yes
ac_cv_env_CC_set=
ac_cv_env_CC_value=
ac_cv_env_CFLAGS_set=
ac_cv_env_CFLAGS_value=
ac_cv_env_CPPFLAGS_set=
ac_cv_env_CPPFLAGS_value=
ac_cv_env_CPP_set=
ac_cv_env_CPP_value=
ac_cv_env_CXXCPP_set=
ac_cv_env_CXXCPP_value=
ac_cv_env_CXXFLAGS_set=
ac_cv_env_CXXFLAGS_value=
ac_cv_env_CXX_set=
ac_cv_env_CXX_value=
ac_cv_env_F77_set=
ac_cv_env_F77_value=
ac_cv_env_FFLAGS_set=
ac_cv_env_FFLAGS_value=
ac_cv_env_LDFLAGS_set=
ac_cv_env_LDFLAGS_value=
ac_cv_env_build_alias_set=
ac_cv_env_build_alias_value=
ac_cv_env_host_alias_set=
ac_cv_env_host_alias_value=
ac_cv_env_target_alias_set=
ac_cv_env_target_alias_value=
ac_cv_exeext=
ac_cv_f77_compiler_gnu=no
ac_cv_func_mkdir=yes
ac_cv_func_strerror_r=yes
ac_cv_func_strerror_r_char_p=yes
ac_cv_func_uname=yes
ac_cv_have_decl_strerror_r=yes
ac_cv_header_dlfcn_h=yes
ac_cv_header_inttypes_h=yes
ac_cv_header_memory_h=yes
ac_cv_header_stdbool_h=yes
ac_cv_header_stdc=yes
ac_cv_header_stdint_h=yes
ac_cv_header_stdlib_h=yes
ac_cv_header_string_h=yes
ac_cv_header_strings_h=yes
ac_cv_header_sys_stat_h=yes
ac_cv_header_sys_types_h=yes
ac_cv_header_unistd_h=yes
ac_cv_host=i686-pc-linux-gnu
ac_cv_host_alias=i686-pc-linux-gnu
ac_cv_objext=o
ac_cv_path_install='/usr/bin/install -c'
ac_cv_prog_AWK=mawk
ac_cv_prog_CPP='gcc -E'
ac_cv_prog_CXXCPP='g++ -E'
ac_cv_prog_ac_ct_AR=ar
ac_cv_prog_ac_ct_CC=gcc
ac_cv_prog_ac_ct_CXX=g++
ac_cv_prog_ac_ct_RANLIB=ranlib
ac_cv_prog_ac_ct_STRIP=strip
ac_cv_prog_cc_g=yes
ac_cv_prog_cc_stdc=
ac_cv_prog_cxx_g=yes
ac_cv_prog_egrep='grep -E'
ac_cv_prog_f77_g=no
ac_cv_prog_make_make_set=yes
ac_cv_sys_file_offset_bits=64
ac_cv_sys_large_files=no
ac_cv_sys_largefile_CC=no
ac_cv_type__Bool=no
ac_cv_type_off_t=yes
ac_cv_type_size_t=yes
am_cv_CC_dependencies_compiler_type=gcc3
am_cv_CXX_dependencies_compiler_type=gcc3
lt_cv_deplibs_check_method=pass_all
lt_cv_file_magic_cmd='$MAGIC_CMD'
lt_cv_file_magic_test_file=
lt_cv_ld_reload_flag=-r
lt_cv_objdir=.libs
lt_cv_path_LD=/usr/bin/ld
lt_cv_path_LDCXX=/usr/bin/ld
lt_cv_path_NM='/usr/bin/nm -B'
lt_cv_path_SED=/bin/sed
lt_cv_prog_compiler_c_o=yes
lt_cv_prog_compiler_c_o_CXX=yes
lt_cv_prog_compiler_rtti_exceptions=no
lt_cv_prog_gnu_ld=yes
lt_cv_prog_gnu_ldcxx=yes
lt_cv_sys_global_symbol_pipe='sed -n -e '\''s/^.*[ 	]\([ABCDGIRSTW][ABCDGIRSTW]*\)[ 	][ 	]*\([_A-Za-z][_A-Za-z0-9]*\)$/\1 \2 \2/p'\'''
lt_cv_sys_global_symbol_to_c_name_address='sed -n -e '\''s/^: \([^ ]*\) $/  {\"\1\", (lt_ptr) 0},/p'\'' -e '\''s/^[BCDEGRST] \([^ ]*\) \([^ ]*\)$/  {"\2", (lt_ptr) \&\2},/p'\'''
lt_cv_sys_global_symbol_to_cdecl='sed -n -e '\''s/^. .* \(.*\)$/extern int \1;/p'\'''
lt_cv_sys_max_cmd_len=32768
lt_lt_cv_prog_compiler_c_o='"yes"'
lt_lt_cv_prog_compiler_c_o_CXX='"yes"'
lt_lt_cv_sys_global_symbol_pipe='"sed -n -e '\''s/^.*[ 	]\\([ABCDGIRSTW][ABCDGIRSTW]*\\)[ 	][ 	]*\\([_A-Za-z][_A-Za-z0-9]*\\)\$/\\1 \\2 \\2/p'\''"'
lt_lt_cv_sys_global_symbol_to_c_name_address='"sed -n -e '\''s/^: \\([^ ]*\\) \$/  {\\\"\\1\\\", (lt_ptr) 0},/p'\'' -e '\''s/^[BCDEGRST] \\([^ ]*\\) \\([^ ]*\\)\$/  {\"\\2\", (lt_ptr) \\&\\2},/p'\''"'
lt_lt_cv_sys_global_symbol_to_cdecl='"sed -n -e '\''s/^. .* \\(.*\\)\$/extern int \\1;/p'\''"'

## ----------------- ##
## Output variables. ##
## ----------------- ##

ACLOCAL='${SHELL} /home/xeon/hadoop/hadoop-0.20.1_bkp/src/c++/utils/missing --run aclocal-1.9'
AMDEPBACKSLASH='\'
AMDEP_FALSE='#'
AMDEP_TRUE=''
AMTAR='${SHELL} /home/xeon/hadoop/hadoop-0.20.1_bkp/src/c++/utils/missing --run tar'
AR='ar'
AUTOCONF='${SHELL} /home/xeon/hadoop/hadoop-0.20.1_bkp/src/c++/utils/missing --run autoconf'
AUTOHEADER='${SHELL} /home/xeon/hadoop/hadoop-0.20.1_bkp/src/c++/utils/missing --run autoheader'
AUTOMAKE='${SHELL} /home/xeon/hadoop/hadoop-0.20.1_bkp/src/c++/utils/missing --run automake-1.9'
AWK='mawk'
CC='gcc'
CCDEPMODE='depmode=gcc3'
CFLAGS='-g -O2'
CPP='gcc -E'
CPPFLAGS=''
CXX='g++'
CXXCPP='g++ -E'
CXXDEPMODE='depmode=gcc3'
CXXFLAGS='-g -O2'
CYGPATH_W='echo'
DEFS='-DHAVE_CONFIG_H'
DEPDIR='.deps'
ECHO='echo'
ECHO_C=''
ECHO_N='-n'
ECHO_T=''
EGREP='grep -E'
EXEEXT=''
F77=''
FFLAGS=''
INSTALL_DATA='${INSTALL} -m 644 -C'
INSTALL_PROGRAM='${INSTALL}'
INSTALL_SCRIPT='${INSTALL}'
INSTALL_STRIP_PROGRAM='${SHELL} $(install_sh) -c -s'
LDFLAGS=''
LIBOBJS=''
LIBS=''
LIBTOOL='$(SHELL) $(top_builddir)/libtool'
LN_S='ln -s'
LTLIBOBJS=''
MAKEINFO='${SHELL} /home/xeon/hadoop/hadoop-0.20.1_bkp/src/c++/utils/missing --run makeinfo'
OBJEXT='o'
PACKAGE='hadoop-utils'
PACKAGE_BUGREPORT='omalley@apache.org'
PACKAGE_NAME='hadoop-utils'
PACKAGE_STRING='hadoop-utils 0.13.0'
PACKAGE_TARNAME='hadoop-utils'
PACKAGE_VERSION='0.13.0'
PATH_SEPARATOR=':'
RANLIB='ranlib'
SET_MAKE=''
SHELL='/bin/bash'
STRIP='strip'
VERSION='0.13.0'
ac_ct_AR='ar'
ac_ct_CC='gcc'
ac_ct_CXX='g++'
ac_ct_F77=''
ac_ct_RANLIB='ranlib'
ac_ct_STRIP='strip'
am__fastdepCC_FALSE='#'
am__fastdepCC_TRUE=''
am__fastdepCXX_FALSE='#'
am__fastdepCXX_TRUE=''
am__include='include'
am__leading_dot='.'
am__quote=''
am__tar='${AMTAR} chof - "$$tardir"'
am__untar='${AMTAR} xf -'
bindir='${exec_prefix}/bin'
build='i686-pc-linux-gnu'
build_alias=''
build_cpu='i686'
build_os='linux-gnu'
build_vendor='pc'
datadir='${prefix}/share'
exec_prefix='${prefix}'
host='i686-pc-linux-gnu'
host_alias=''
host_cpu='i686'
host_os='linux-gnu'
host_vendor='pc'
includedir='${prefix}/include'
infodir='${prefix}/info'
install_sh='/home/xeon/hadoop/hadoop-0.20.1_bkp/src/c++/utils/install-sh'
libdir='${exec_prefix}/lib'
libexecdir='${exec_prefix}/libexec'
localstatedir='${prefix}/var'
mandir='${prefix}/man'
mkdir_p='mkdir -p --'
oldincludedir='/usr/include'
prefix='/home/xeon/hadoop/hadoop-0.20.1_bkp/src/c++/utils/../install'
program_transform_name='s,x,x,'
sbindir='${exec_prefix}/sbin'
sharedstatedir='${prefix}/com'
sysconfdir='${prefix}/etc'
target_alias=''

## ----------- ##
## confdefs.h. ##
## ----------- ##

#define HAVE_DECL_STRERROR_R 1
#define HAVE_DLFCN_H 1
#define HAVE_INTTYPES_H 1
#define HAVE_MEMORY_H 1
#define HAVE_MKDIR 1
#define HAVE_STDBOOL_H 1
#define HAVE_STDINT_H 1
#define HAVE_STDLIB_H 1
#define HAVE_STRERROR_R 1
#define HAVE_STRINGS_H 1
#define HAVE_STRING_H 1
#define HAVE_SYS_STAT_H 1
#define HAVE_SYS_TYPES_H 1
#define HAVE_UNAME 1
#define HAVE_UNISTD_H 1
#define HAVE_UNISTD_H 1
#define PACKAGE "hadoop-utils"
#define PACKAGE_BUGREPORT "omalley@apache.org"
#define PACKAGE_NAME "hadoop-utils"
#define PACKAGE_STRING "hadoop-utils 0.13.0"
#define PACKAGE_TARNAME "hadoop-utils"
#define PACKAGE_VERSION "0.13.0"
#define STDC_HEADERS 1
#define STRERROR_R_CHAR_P 1
#define VERSION "0.13.0"
#define _FILE_OFFSET_BITS 64
#define _GNU_SOURCE 1
#endif
#ifdef __cplusplus
extern "C" void exit (int) throw ();

configure: exit 0
