70_hadoop-0.20.1-SE_streamSort_1F_m50_f100_r1
SUBMIT_TIME = 1475768629459
LAUNCH_TIME = 1475768629784
MAP_PHASE_FINISH_TIME = 1475768677810
FINISH_TIME = 1475768689795
110_hadoop-0.20.1-SE_streamSort_1F_m100_f100_r1
SUBMIT_TIME = 1475768824623
LAUNCH_TIME = 1475768825021
MAP_PHASE_FINISH_TIME = 1475768903079
FINISH_TIME = 1475768919596
180_hadoop-0.20.1-SE_streamSort_1F_m200_f100_r1
SUBMIT_TIME = 1475769138083
LAUNCH_TIME = 1475769138483
MAP_PHASE_FINISH_TIME = 1475769290897
FINISH_TIME = 1475769305366
270_hadoop-0.20.1-SE_streamSort_1F_m300_f100_r1
SUBMIT_TIME = 1475769630499
LAUNCH_TIME = 1475769630895
MAP_PHASE_FINISH_TIME = 1475769857120
FINISH_TIME = 1475769882957
340_hadoop-0.20.1-SE_streamSort_1F_m400_f100_r1
SUBMIT_TIME = 1475777813660
LAUNCH_TIME = 1475777814068
MAP_PHASE_FINISH_TIME = 1475778114264
FINISH_TIME = 1475778137767
410_hadoop-0.20.1-SE_streamSort_1F_m500_f100_r1
SUBMIT_TIME = 1475770440661
LAUNCH_TIME = 1475770440965
MAP_PHASE_FINISH_TIME = 1475770816270
FINISH_TIME = 1475770840050
70_hadoop-0.20.1-SE_javaSort_1F_m50_f100_r1
SUBMIT_TIME = 1475771647446
LAUNCH_TIME = 1475771647809
MAP_PHASE_FINISH_TIME = 1475771695484
FINISH_TIME = 1475771707053
110_hadoop-0.20.1-SE_javaSort_1F_m100_f100_r1
SUBMIT_TIME = 1475771837402
LAUNCH_TIME = 1475771837750
MAP_PHASE_FINISH_TIME = 1475771918061
FINISH_TIME = 1475771930033
180_hadoop-0.20.1-SE_javaSort_1F_m200_f100_r1
SUBMIT_TIME = 1475772140606
LAUNCH_TIME = 1475772140900
MAP_PHASE_FINISH_TIME = 1475772294846
FINISH_TIME = 1475772309698
250_hadoop-0.20.1-SE_javaSort_1F_m300_f100_r1
SUBMIT_TIME = 1475772644066
LAUNCH_TIME = 1475772644451
MAP_PHASE_FINISH_TIME = 1475772861500
FINISH_TIME = 1475772877647
320_hadoop-0.20.1-SE_javaSort_1F_m400_f100_r1
SUBMIT_TIME = 1475773316504
LAUNCH_TIME = 1475773316890
MAP_PHASE_FINISH_TIME = 1475773603975
FINISH_TIME = 1475773624857
410_hadoop-0.20.1-SE_javaSort_1F_m500_f100_r1
SUBMIT_TIME = 1475774088840
LAUNCH_TIME = 1475774089148
MAP_PHASE_FINISH_TIME = 1475774455645
FINISH_TIME = 1475774480358
80_hadoop-0.20.1-SE_combiner_1F_m50_f100_r1
SUBMIT_TIME = 1475774673489
LAUNCH_TIME = 1475774673862
MAP_PHASE_FINISH_TIME = 1475774713538
FINISH_TIME = 1475774742387
120_hadoop-0.20.1-SE_combiner_1F_m100_f100_r1
SUBMIT_TIME = 1475774854240
LAUNCH_TIME = 1475774854595
MAP_PHASE_FINISH_TIME = 1475774918106
FINISH_TIME = 1475774958537
180_hadoop-0.20.1-SE_combiner_1F_m200_f100_r1
SUBMIT_TIME = 1475775140831
LAUNCH_TIME = 1475775141106
MAP_PHASE_FINISH_TIME = 1475775258745
FINISH_TIME = 1475775304701
280_hadoop-0.20.1-SE_combiner_1F_m300_f100_r1
SUBMIT_TIME = 1475775571902
LAUNCH_TIME = 1475775572245
MAP_PHASE_FINISH_TIME = 1475775734215
FINISH_TIME = 1475775841461
340_hadoop-0.20.1-SE_combiner_1F_m400_f100_r1
SUBMIT_TIME = 1475776234931
LAUNCH_TIME = 1475776235356
MAP_PHASE_FINISH_TIME = 1475776443551
FINISH_TIME = 1475776559665
390_hadoop-0.20.1-SE_combiner_1F_m500_f100_r1
SUBMIT_TIME = 1475777033554
LAUNCH_TIME = 1475777033859
MAP_PHASE_FINISH_TIME = 1475777295506
FINISH_TIME = 1475777410720
