total 1 jobs
Jobs in waiting state: 1
Jobs in ready state: 0
Jobs in running state: 0
Jobs in success state: 0
Jobs in failed state: 0


Jobs in waiting state: 0
Jobs in ready state: 0
Jobs in running state: 1
Jobs in success state: 0
Jobs in failed state: 0


Jobs in waiting state: 0
Jobs in ready state: 0
Jobs in running state: 1
Jobs in success state: 0
Jobs in failed state: 0


Jobs in waiting state: 0
Jobs in ready state: 0
Jobs in running state: 1
Jobs in success state: 0
Jobs in failed state: 0


Jobs in waiting state: 0
Jobs in ready state: 0
Jobs in running state: 1
Jobs in success state: 0
Jobs in failed state: 0


Jobs in waiting state: 0
Jobs in ready state: 0
Jobs in running state: 1
Jobs in success state: 0
Jobs in failed state: 0


Jobs in waiting state: 0
Jobs in ready state: 0
Jobs in running state: 1
Jobs in success state: 0
Jobs in failed state: 0


Jobs in waiting state: 0
Jobs in ready state: 0
Jobs in running state: 1
Jobs in success state: 0
Jobs in failed state: 0


Jobs in waiting state: 0
Jobs in ready state: 0
Jobs in running state: 1
Jobs in success state: 0
Jobs in failed state: 0


Jobs in waiting state: 0
Jobs in ready state: 0
Jobs in running state: 1
Jobs in success state: 0
Jobs in failed state: 0


Jobs in waiting state: 0
Jobs in ready state: 0
Jobs in running state: 1
Jobs in success state: 0
Jobs in failed state: 0


Jobs in waiting state: 0
Jobs in ready state: 0
Jobs in running state: 1
Jobs in success state: 0
Jobs in failed state: 0


Jobs in waiting state: 0
Jobs in ready state: 0
Jobs in running state: 1
Jobs in success state: 0
Jobs in failed state: 0


Jobs in waiting state: 0
Jobs in ready state: 0
Jobs in running state: 1
Jobs in success state: 0
Jobs in failed state: 0


Jobs in waiting state: 0
Jobs in ready state: 0
Jobs in running state: 1
Jobs in success state: 0
Jobs in failed state: 0


Jobs in waiting state: 0
Jobs in ready state: 0
Jobs in running state: 1
Jobs in success state: 0
Jobs in failed state: 0


Jobs in waiting state: 0
Jobs in ready state: 0
Jobs in running state: 1
Jobs in success state: 0
Jobs in failed state: 0


Jobs in waiting state: 0
Jobs in ready state: 0
Jobs in running state: 1
Jobs in success state: 0
Jobs in failed state: 0


1 jobs succeeded
JobId	job_201610061240_0001
JobName	GridmixJavaSorter.small
job_201610061240_0001.GridmixJavaSorter.small.FileSystemCounters.FILE_BYTES_READ	27238686039
job_201610061240_0001.GridmixJavaSorter.small.FileSystemCounters.FILE_BYTES_WRITTEN	54478584510
job_201610061240_0001.GridmixJavaSorter.small.FileSystemCounters.HDFS_BYTES_READ	27114962915
job_201610061240_0001.GridmixJavaSorter.small.FileSystemCounters.HDFS_BYTES_WRITTEN	27101855515
job_201610061240_0001.GridmixJavaSorter.small.mapEndTime	1475772294846
job_201610061240_0001.GridmixJavaSorter.small.mapExecutionTimeStats.avg	145274
job_201610061240_0001.GridmixJavaSorter.small.mapExecutionTimeStats.max	149747
job_201610061240_0001.GridmixJavaSorter.small.mapExecutionTimeStats.medium	145649
job_201610061240_0001.GridmixJavaSorter.small.mapExecutionTimeStats.min	141338
job_201610061240_0001.GridmixJavaSorter.small.mapExecutionTimeStats.numOfItems	201
job_201610061240_0001.GridmixJavaSorter.small.mapStartTime	1475772140900
job_201610061240_0001.GridmixJavaSorter.small.numOfMapTasks	201
job_201610061240_0001.GridmixJavaSorter.small.numOfReduceTasks	201
job_201610061240_0001.GridmixJavaSorter.small.org.apache.hadoop.mapred.JobInProgress$Counter.DATA_LOCAL_MAPS	181
job_201610061240_0001.GridmixJavaSorter.small.org.apache.hadoop.mapred.JobInProgress$Counter.RACK_LOCAL_MAPS	20
job_201610061240_0001.GridmixJavaSorter.small.org.apache.hadoop.mapred.JobInProgress$Counter.TOTAL_LAUNCHED_MAPS	201
job_201610061240_0001.GridmixJavaSorter.small.org.apache.hadoop.mapred.JobInProgress$Counter.TOTAL_LAUNCHED_REDUCES	215
job_201610061240_0001.GridmixJavaSorter.small.org.apache.hadoop.mapred.Task$Counter.COMBINE_INPUT_RECORDS	0
job_201610061240_0001.GridmixJavaSorter.small.org.apache.hadoop.mapred.Task$Counter.COMBINE_OUTPUT_RECORDS	0
job_201610061240_0001.GridmixJavaSorter.small.org.apache.hadoop.mapred.Task$Counter.MAP_INPUT_BYTES	27101855515
job_201610061240_0001.GridmixJavaSorter.small.org.apache.hadoop.mapred.Task$Counter.MAP_INPUT_RECORDS	24296945
job_201610061240_0001.GridmixJavaSorter.small.org.apache.hadoop.mapred.Task$Counter.MAP_OUTPUT_BYTES	27145955868
job_201610061240_0001.GridmixJavaSorter.small.org.apache.hadoop.mapred.Task$Counter.MAP_OUTPUT_RECORDS	24296945
job_201610061240_0001.GridmixJavaSorter.small.org.apache.hadoop.mapred.Task$Counter.REDUCE_INPUT_GROUPS	19830222
job_201610061240_0001.GridmixJavaSorter.small.org.apache.hadoop.mapred.Task$Counter.REDUCE_INPUT_RECORDS	24296945
job_201610061240_0001.GridmixJavaSorter.small.org.apache.hadoop.mapred.Task$Counter.REDUCE_OUTPUT_RECORDS	24296945
job_201610061240_0001.GridmixJavaSorter.small.org.apache.hadoop.mapred.Task$Counter.REDUCE_SHUFFLE_BYTES	27102475315
job_201610061240_0001.GridmixJavaSorter.small.org.apache.hadoop.mapred.Task$Counter.SPILLED_RECORDS	48593890
job_201610061240_0001.GridmixJavaSorter.small.reduceEndTime	1475772309698
job_201610061240_0001.GridmixJavaSorter.small.reduceExecutionTimeStats.avg	8195
job_201610061240_0001.GridmixJavaSorter.small.reduceExecutionTimeStats.max	10647
job_201610061240_0001.GridmixJavaSorter.small.reduceExecutionTimeStats.medium	8676
job_201610061240_0001.GridmixJavaSorter.small.reduceExecutionTimeStats.min	6247
job_201610061240_0001.GridmixJavaSorter.small.reduceExecutionTimeStats.numOfItems	201
job_201610061240_0001.GridmixJavaSorter.small.reduceStartTime	1475772140900
job_201610061240_0001.jobStatus	successful
GridMix results:
Total num of Jobs: 1
ExecutionTime: 180
