total 1 jobs
Jobs in waiting state: 1
Jobs in ready state: 0
Jobs in running state: 0
Jobs in success state: 0
Jobs in failed state: 0


Jobs in waiting state: 0
Jobs in ready state: 0
Jobs in running state: 1
Jobs in success state: 0
Jobs in failed state: 0


Jobs in waiting state: 0
Jobs in ready state: 0
Jobs in running state: 1
Jobs in success state: 0
Jobs in failed state: 0


Jobs in waiting state: 0
Jobs in ready state: 0
Jobs in running state: 1
Jobs in success state: 0
Jobs in failed state: 0


Jobs in waiting state: 0
Jobs in ready state: 0
Jobs in running state: 1
Jobs in success state: 0
Jobs in failed state: 0


Jobs in waiting state: 0
Jobs in ready state: 0
Jobs in running state: 1
Jobs in success state: 0
Jobs in failed state: 0


Jobs in waiting state: 0
Jobs in ready state: 0
Jobs in running state: 1
Jobs in success state: 0
Jobs in failed state: 0


Jobs in waiting state: 0
Jobs in ready state: 0
Jobs in running state: 1
Jobs in success state: 0
Jobs in failed state: 0


1 jobs succeeded
JobId	job_201610061323_0001
JobName	GridmixCombinerJob.small
job_201610061323_0001.GridmixCombinerJob.small.FileSystemCounters.FILE_BYTES_READ	349069402
job_201610061323_0001.GridmixCombinerJob.small.FileSystemCounters.FILE_BYTES_WRITTEN	15322155
job_201610061323_0001.GridmixCombinerJob.small.FileSystemCounters.HDFS_BYTES_READ	6778673941
job_201610061323_0001.GridmixCombinerJob.small.FileSystemCounters.HDFS_BYTES_WRITTEN	17655
job_201610061323_0001.GridmixCombinerJob.small.mapEndTime	1475774713538
job_201610061323_0001.GridmixCombinerJob.small.mapExecutionTimeStats.avg	30919
job_201610061323_0001.GridmixCombinerJob.small.mapExecutionTimeStats.max	35338
job_201610061323_0001.GridmixCombinerJob.small.mapExecutionTimeStats.medium	31427
job_201610061323_0001.GridmixCombinerJob.small.mapExecutionTimeStats.min	26931
job_201610061323_0001.GridmixCombinerJob.small.mapExecutionTimeStats.numOfItems	50
job_201610061323_0001.GridmixCombinerJob.small.mapStartTime	1475774673862
job_201610061323_0001.GridmixCombinerJob.small.numOfMapTasks	50
job_201610061323_0001.GridmixCombinerJob.small.numOfReduceTasks	50
job_201610061323_0001.GridmixCombinerJob.small.org.apache.hadoop.mapred.JobInProgress$Counter.DATA_LOCAL_MAPS	26
job_201610061323_0001.GridmixCombinerJob.small.org.apache.hadoop.mapred.JobInProgress$Counter.RACK_LOCAL_MAPS	24
job_201610061323_0001.GridmixCombinerJob.small.org.apache.hadoop.mapred.JobInProgress$Counter.TOTAL_LAUNCHED_MAPS	50
job_201610061323_0001.GridmixCombinerJob.small.org.apache.hadoop.mapred.JobInProgress$Counter.TOTAL_LAUNCHED_REDUCES	51
job_201610061323_0001.GridmixCombinerJob.small.org.apache.hadoop.mapred.Task$Counter.COMBINE_INPUT_RECORDS	635547981
job_201610061323_0001.GridmixCombinerJob.small.org.apache.hadoop.mapred.Task$Counter.COMBINE_OUTPUT_RECORDS	851000
job_201610061323_0001.GridmixCombinerJob.small.org.apache.hadoop.mapred.Task$Counter.MAP_INPUT_BYTES	6775462628
job_201610061323_0001.GridmixCombinerJob.small.org.apache.hadoop.mapred.Task$Counter.MAP_INPUT_RECORDS	6073268
job_201610061323_0001.GridmixCombinerJob.small.org.apache.hadoop.mapred.Task$Counter.MAP_OUTPUT_BYTES	9302304016
job_201610061323_0001.GridmixCombinerJob.small.org.apache.hadoop.mapred.Task$Counter.MAP_OUTPUT_RECORDS	634746981
job_201610061323_0001.GridmixCombinerJob.small.org.apache.hadoop.mapred.Task$Counter.REDUCE_INPUT_GROUPS	1000
job_201610061323_0001.GridmixCombinerJob.small.org.apache.hadoop.mapred.Task$Counter.REDUCE_INPUT_RECORDS	50000
job_201610061323_0001.GridmixCombinerJob.small.org.apache.hadoop.mapred.Task$Counter.REDUCE_OUTPUT_RECORDS	1000
job_201610061323_0001.GridmixCombinerJob.small.org.apache.hadoop.mapred.Task$Counter.REDUCE_SHUFFLE_BYTES	832879
job_201610061323_0001.GridmixCombinerJob.small.org.apache.hadoop.mapred.Task$Counter.SPILLED_RECORDS	901000
job_201610061323_0001.GridmixCombinerJob.small.reduceEndTime	1475774742387
job_201610061323_0001.GridmixCombinerJob.small.reduceExecutionTimeStats.avg	22164
job_201610061323_0001.GridmixCombinerJob.small.reduceExecutionTimeStats.max	24698
job_201610061323_0001.GridmixCombinerJob.small.reduceExecutionTimeStats.medium	22720
job_201610061323_0001.GridmixCombinerJob.small.reduceExecutionTimeStats.min	20182
job_201610061323_0001.GridmixCombinerJob.small.reduceExecutionTimeStats.numOfItems	50
job_201610061323_0001.GridmixCombinerJob.small.reduceStartTime	1475774673862
job_201610061323_0001.jobStatus	successful
GridMix results:
Total num of Jobs: 1
ExecutionTime: 80
