80_hadoop-0.20.1-FRFT_streamSort_1F_m50_f100_r1
SUBMIT_TIME = 1476156834905
LAUNCH_TIME = 1476156836287
MAP_PHASE_FINISH_TIME = 1476156884423
FINISH_TIME = 1476156897489
110_hadoop-0.20.1-FRFT_streamSort_1F_m100_f100_r1
SUBMIT_TIME = 1476157258320
LAUNCH_TIME = 1476157258887
MAP_PHASE_FINISH_TIME = 1476157338896
FINISH_TIME = 1476157355613
180_hadoop-0.20.1-FRFT_streamSort_1F_m200_f100_r1
SUBMIT_TIME = 1476157958969
LAUNCH_TIME = 1476157959879
MAP_PHASE_FINISH_TIME = 1476158114124
FINISH_TIME = 1476158129526
270_hadoop-0.20.1-FRFT_streamSort_1F_m300_f100_r1
SUBMIT_TIME = 1476159174087
LAUNCH_TIME = 1476159174639
MAP_PHASE_FINISH_TIME = 1476159405319
FINISH_TIME = 1476159432357
340_hadoop-0.20.1-FRFT_streamSort_1F_m400_f100_r1
SUBMIT_TIME = 1476160748008
LAUNCH_TIME = 1476160748674
MAP_PHASE_FINISH_TIME = 1476161054274
FINISH_TIME = 1476161078878
420_hadoop-0.20.1-FRFT_streamSort_1F_m500_f100_r1
SUBMIT_TIME = 1476163202867
LAUNCH_TIME = 1476163203411
MAP_PHASE_FINISH_TIME = 1476163588109
FINISH_TIME = 1476163609869
80_hadoop-0.20.1-FRFT_javaSort_1F_m50_f100_r1
SUBMIT_TIME = 1476164711762
LAUNCH_TIME = 1476164712853
MAP_PHASE_FINISH_TIME = 1476164761510
FINISH_TIME = 1476164774289
110_hadoop-0.20.1-FRFT_javaSort_1F_m100_f100_r1
SUBMIT_TIME = 1476165252948
LAUNCH_TIME = 1476165253666
MAP_PHASE_FINISH_TIME = 1476165336085
FINISH_TIME = 1476165348737
190_hadoop-0.20.1-FRFT_javaSort_1F_m200_f100_r1
SUBMIT_TIME = 1476166075194
LAUNCH_TIME = 1476166075743
MAP_PHASE_FINISH_TIME = 1476166233758
FINISH_TIME = 1476166249390
250_hadoop-0.20.1-FRFT_javaSort_1F_m300_f100_r1
SUBMIT_TIME = 1476167686841
LAUNCH_TIME = 1476167687383
MAP_PHASE_FINISH_TIME = 1476167909788
FINISH_TIME = 1476167926995
330_hadoop-0.20.1-FRFT_javaSort_1F_m400_f100_r1
SUBMIT_TIME = 1476169896619
LAUNCH_TIME = 1476169897205
MAP_PHASE_FINISH_TIME = 1476170192417
FINISH_TIME = 1476170211349
410_hadoop-0.20.1-FRFT_javaSort_1F_m500_f100_r1
SUBMIT_TIME = 1476172599070
LAUNCH_TIME = 1476172599790
MAP_PHASE_FINISH_TIME = 1476172975429
FINISH_TIME = 1476173000362
80_hadoop-0.20.1-FRFT_combiner_1F_m50_f100_r1
SUBMIT_TIME = 1476174218937
LAUNCH_TIME = 1476174225963
MAP_PHASE_FINISH_TIME = 1476174267073
FINISH_TIME = 1476174295980
120_hadoop-0.20.1-FRFT_combiner_1F_m100_f100_r1
SUBMIT_TIME = 1476174695952
LAUNCH_TIME = 1476174696450
MAP_PHASE_FINISH_TIME = 1476174762349
FINISH_TIME = 1476174802980
180_hadoop-0.20.1-FRFT_combiner_1F_m200_f100_r1
SUBMIT_TIME = 1476175527110
LAUNCH_TIME = 1476175527743
MAP_PHASE_FINISH_TIME = 1476175648723
FINISH_TIME = 1476175695269
290_hadoop-0.20.1-FRFT_combiner_1F_m300_f100_r1
SUBMIT_TIME = 1476176885052
LAUNCH_TIME = 1476176885473
MAP_PHASE_FINISH_TIME = 1476177051302
FINISH_TIME = 1476177159738
340_hadoop-0.20.1-FRFT_combiner_1F_m400_f100_r1
SUBMIT_TIME = 1476178434547
LAUNCH_TIME = 1476178435087
MAP_PHASE_FINISH_TIME = 1476178649075
FINISH_TIME = 1476178765661
400_hadoop-0.20.1-FRFT_combiner_1F_m500_f100_r1
SUBMIT_TIME = 1476180103597
LAUNCH_TIME = 1476180104145
MAP_PHASE_FINISH_TIME = 1476180373247
FINISH_TIME = 1476180488447