total 1 jobs
Jobs in waiting state: 1
Jobs in ready state: 0
Jobs in running state: 0
Jobs in success state: 0
Jobs in failed state: 0


Jobs in waiting state: 0
Jobs in ready state: 0
Jobs in running state: 1
Jobs in success state: 0
Jobs in failed state: 0


Jobs in waiting state: 0
Jobs in ready state: 0
Jobs in running state: 1
Jobs in success state: 0
Jobs in failed state: 0


Jobs in waiting state: 0
Jobs in ready state: 0
Jobs in running state: 1
Jobs in success state: 0
Jobs in failed state: 0


Jobs in waiting state: 0
Jobs in ready state: 0
Jobs in running state: 1
Jobs in success state: 0
Jobs in failed state: 0


Jobs in waiting state: 0
Jobs in ready state: 0
Jobs in running state: 1
Jobs in success state: 0
Jobs in failed state: 0


Jobs in waiting state: 0
Jobs in ready state: 0
Jobs in running state: 1
Jobs in success state: 0
Jobs in failed state: 0


Jobs in waiting state: 0
Jobs in ready state: 0
Jobs in running state: 1
Jobs in success state: 0
Jobs in failed state: 0


1 jobs succeeded
JobId	job_201610110422_0001
JobName	GridmixCombinerJob.small
job_201610110422_0001.GridmixCombinerJob.small.FileSystemCounters.FILE_BYTES_READ	697305754
job_201610110422_0001.GridmixCombinerJob.small.FileSystemCounters.FILE_BYTES_WRITTEN	29811260
job_201610110422_0001.GridmixCombinerJob.small.FileSystemCounters.HDFS_BYTES_READ	13557347882
job_201610110422_0001.GridmixCombinerJob.small.FileSystemCounters.HDFS_BYTES_WRITTEN	17655
job_201610110422_0001.GridmixCombinerJob.small.mapEndTime	1476174267073
job_201610110422_0001.GridmixCombinerJob.small.mapExecutionTimeStats.avg	32239
job_201610110422_0001.GridmixCombinerJob.small.mapExecutionTimeStats.max	36836
job_201610110422_0001.GridmixCombinerJob.small.mapExecutionTimeStats.medium	32768
job_201610110422_0001.GridmixCombinerJob.small.mapExecutionTimeStats.min	28350
job_201610110422_0001.GridmixCombinerJob.small.mapExecutionTimeStats.numOfItems	100
job_201610110422_0001.GridmixCombinerJob.small.mapStartTime	1476174225963
job_201610110422_0001.GridmixCombinerJob.small.numOfMapTasks	100
job_201610110422_0001.GridmixCombinerJob.small.numOfReduceTasks	50
job_201610110422_0001.GridmixCombinerJob.small.org.apache.hadoop.mapred.JobInProgress$Counter.DATA_LOCAL_MAPS	75
job_201610110422_0001.GridmixCombinerJob.small.org.apache.hadoop.mapred.JobInProgress$Counter.RACK_LOCAL_MAPS	25
job_201610110422_0001.GridmixCombinerJob.small.org.apache.hadoop.mapred.JobInProgress$Counter.TOTAL_LAUNCHED_MAPS	100
job_201610110422_0001.GridmixCombinerJob.small.org.apache.hadoop.mapred.JobInProgress$Counter.TOTAL_LAUNCHED_REDUCES	68
job_201610110422_0001.GridmixCombinerJob.small.org.apache.hadoop.mapred.Task$Counter.COMBINE_INPUT_RECORDS	1271095962
job_201610110422_0001.GridmixCombinerJob.small.org.apache.hadoop.mapred.Task$Counter.COMBINE_OUTPUT_RECORDS	1702000
job_201610110422_0001.GridmixCombinerJob.small.org.apache.hadoop.mapred.Task$Counter.MAP_INPUT_BYTES	13550925256
job_201610110422_0001.GridmixCombinerJob.small.org.apache.hadoop.mapred.Task$Counter.MAP_INPUT_RECORDS	12146536
job_201610110422_0001.GridmixCombinerJob.small.org.apache.hadoop.mapred.Task$Counter.MAP_OUTPUT_BYTES	18604608032
job_201610110422_0001.GridmixCombinerJob.small.org.apache.hadoop.mapred.Task$Counter.MAP_OUTPUT_RECORDS	1269493962
job_201610110422_0001.GridmixCombinerJob.small.org.apache.hadoop.mapred.Task$Counter.REDUCE_INPUT_GROUPS	1000
job_201610110422_0001.GridmixCombinerJob.small.org.apache.hadoop.mapred.Task$Counter.REDUCE_INPUT_RECORDS	50000
job_201610110422_0001.GridmixCombinerJob.small.org.apache.hadoop.mapred.Task$Counter.REDUCE_OUTPUT_RECORDS	1000
job_201610110422_0001.GridmixCombinerJob.small.org.apache.hadoop.mapred.Task$Counter.REDUCE_SHUFFLE_BYTES	833410
job_201610110422_0001.GridmixCombinerJob.small.org.apache.hadoop.mapred.Task$Counter.SPILLED_RECORDS	1752000
job_201610110422_0001.GridmixCombinerJob.small.reduceEndTime	1476174295980
job_201610110422_0001.GridmixCombinerJob.small.reduceExecutionTimeStats.avg	22194
job_201610110422_0001.GridmixCombinerJob.small.reduceExecutionTimeStats.max	24634
job_201610110422_0001.GridmixCombinerJob.small.reduceExecutionTimeStats.medium	22801
job_201610110422_0001.GridmixCombinerJob.small.reduceExecutionTimeStats.min	20224
job_201610110422_0001.GridmixCombinerJob.small.reduceExecutionTimeStats.numOfItems	50
job_201610110422_0001.GridmixCombinerJob.small.reduceStartTime	1476174225963
job_201610110422_0001.jobStatus	successful
GridMix results:
Total num of Jobs: 1
ExecutionTime: 80
