total 1 jobs
Jobs in waiting state: 1
Jobs in ready state: 0
Jobs in running state: 0
Jobs in success state: 0
Jobs in failed state: 0


Jobs in waiting state: 0
Jobs in ready state: 0
Jobs in running state: 1
Jobs in success state: 0
Jobs in failed state: 0


Jobs in waiting state: 0
Jobs in ready state: 0
Jobs in running state: 1
Jobs in success state: 0
Jobs in failed state: 0


Jobs in waiting state: 0
Jobs in ready state: 0
Jobs in running state: 1
Jobs in success state: 0
Jobs in failed state: 0


Jobs in waiting state: 0
Jobs in ready state: 0
Jobs in running state: 1
Jobs in success state: 0
Jobs in failed state: 0


Jobs in waiting state: 0
Jobs in ready state: 0
Jobs in running state: 1
Jobs in success state: 0
Jobs in failed state: 0


Jobs in waiting state: 0
Jobs in ready state: 0
Jobs in running state: 1
Jobs in success state: 0
Jobs in failed state: 0


Jobs in waiting state: 0
Jobs in ready state: 0
Jobs in running state: 1
Jobs in success state: 0
Jobs in failed state: 0


Jobs in waiting state: 0
Jobs in ready state: 0
Jobs in running state: 1
Jobs in success state: 0
Jobs in failed state: 0


Jobs in waiting state: 0
Jobs in ready state: 0
Jobs in running state: 1
Jobs in success state: 0
Jobs in failed state: 0


Jobs in waiting state: 0
Jobs in ready state: 0
Jobs in running state: 1
Jobs in success state: 0
Jobs in failed state: 0


Jobs in waiting state: 0
Jobs in ready state: 0
Jobs in running state: 1
Jobs in success state: 0
Jobs in failed state: 0


Jobs in waiting state: 0
Jobs in ready state: 0
Jobs in running state: 1
Jobs in success state: 0
Jobs in failed state: 0


Jobs in waiting state: 0
Jobs in ready state: 0
Jobs in running state: 1
Jobs in success state: 0
Jobs in failed state: 0


Jobs in waiting state: 0
Jobs in ready state: 0
Jobs in running state: 1
Jobs in success state: 0
Jobs in failed state: 0


Jobs in waiting state: 0
Jobs in ready state: 0
Jobs in running state: 1
Jobs in success state: 0
Jobs in failed state: 0


Jobs in waiting state: 0
Jobs in ready state: 0
Jobs in running state: 1
Jobs in success state: 0
Jobs in failed state: 0


Jobs in waiting state: 0
Jobs in ready state: 0
Jobs in running state: 1
Jobs in success state: 0
Jobs in failed state: 0


1 jobs succeeded
JobId	job_201610110159_0001
JobName	GridmixJavaSorter.small
job_201610110159_0001.GridmixJavaSorter.small.FileSystemCounters.FILE_BYTES_READ	27238686039
job_201610110159_0001.GridmixJavaSorter.small.FileSystemCounters.FILE_BYTES_WRITTEN	81718482981
job_201610110159_0001.GridmixJavaSorter.small.FileSystemCounters.HDFS_BYTES_READ	54229925830
job_201610110159_0001.GridmixJavaSorter.small.FileSystemCounters.HDFS_BYTES_WRITTEN	27101855515
job_201610110159_0001.GridmixJavaSorter.small.mapEndTime	1476166233758
job_201610110159_0001.GridmixJavaSorter.small.mapExecutionTimeStats.avg	149126
job_201610110159_0001.GridmixJavaSorter.small.mapExecutionTimeStats.max	153721
job_201610110159_0001.GridmixJavaSorter.small.mapExecutionTimeStats.medium	149764
job_201610110159_0001.GridmixJavaSorter.small.mapExecutionTimeStats.min	145129
job_201610110159_0001.GridmixJavaSorter.small.mapExecutionTimeStats.numOfItems	402
job_201610110159_0001.GridmixJavaSorter.small.mapStartTime	1476166075743
job_201610110159_0001.GridmixJavaSorter.small.numOfMapTasks	402
job_201610110159_0001.GridmixJavaSorter.small.numOfReduceTasks	201
job_201610110159_0001.GridmixJavaSorter.small.org.apache.hadoop.mapred.JobInProgress$Counter.DATA_LOCAL_MAPS	331
job_201610110159_0001.GridmixJavaSorter.small.org.apache.hadoop.mapred.JobInProgress$Counter.RACK_LOCAL_MAPS	71
job_201610110159_0001.GridmixJavaSorter.small.org.apache.hadoop.mapred.JobInProgress$Counter.TOTAL_LAUNCHED_MAPS	402
job_201610110159_0001.GridmixJavaSorter.small.org.apache.hadoop.mapred.JobInProgress$Counter.TOTAL_LAUNCHED_REDUCES	226
job_201610110159_0001.GridmixJavaSorter.small.org.apache.hadoop.mapred.Task$Counter.COMBINE_INPUT_RECORDS	0
job_201610110159_0001.GridmixJavaSorter.small.org.apache.hadoop.mapred.Task$Counter.COMBINE_OUTPUT_RECORDS	0
job_201610110159_0001.GridmixJavaSorter.small.org.apache.hadoop.mapred.Task$Counter.MAP_INPUT_BYTES	54203711030
job_201610110159_0001.GridmixJavaSorter.small.org.apache.hadoop.mapred.Task$Counter.MAP_INPUT_RECORDS	48593890
job_201610110159_0001.GridmixJavaSorter.small.org.apache.hadoop.mapred.Task$Counter.MAP_OUTPUT_BYTES	54291911736
job_201610110159_0001.GridmixJavaSorter.small.org.apache.hadoop.mapred.Task$Counter.MAP_OUTPUT_RECORDS	48593890
job_201610110159_0001.GridmixJavaSorter.small.org.apache.hadoop.mapred.Task$Counter.REDUCE_INPUT_GROUPS	19830222
job_201610110159_0001.GridmixJavaSorter.small.org.apache.hadoop.mapred.Task$Counter.REDUCE_INPUT_RECORDS	24296945
job_201610110159_0001.GridmixJavaSorter.small.org.apache.hadoop.mapred.Task$Counter.REDUCE_OUTPUT_RECORDS	24296945
job_201610110159_0001.GridmixJavaSorter.small.org.apache.hadoop.mapred.Task$Counter.REDUCE_SHUFFLE_BYTES	27100993163
job_201610110159_0001.GridmixJavaSorter.small.org.apache.hadoop.mapred.Task$Counter.SPILLED_RECORDS	72890835
job_201610110159_0001.GridmixJavaSorter.small.reduceEndTime	1476166249390
job_201610110159_0001.GridmixJavaSorter.small.reduceExecutionTimeStats.avg	9015
job_201610110159_0001.GridmixJavaSorter.small.reduceExecutionTimeStats.max	11297
job_201610110159_0001.GridmixJavaSorter.small.reduceExecutionTimeStats.medium	9493
job_201610110159_0001.GridmixJavaSorter.small.reduceExecutionTimeStats.min	6928
job_201610110159_0001.GridmixJavaSorter.small.reduceExecutionTimeStats.numOfItems	201
job_201610110159_0001.GridmixJavaSorter.small.reduceStartTime	1476166075743
job_201610110159_0001.jobStatus	successful
GridMix results:
Total num of Jobs: 1
ExecutionTime: 190
