80_hadoop-0.20.1-FRFT_streamSort_2F_m50_f100_r1
SUBMIT_TIME = 1475851059942
LAUNCH_TIME = 1475851060427
MAP_PHASE_FINISH_TIME = 1475851111865
FINISH_TIME = 1475851122822
120_hadoop-0.20.1-FRFT_streamSort_2F_m100_f100_r1
SUBMIT_TIME = 1475851314742
LAUNCH_TIME = 1475851315828
MAP_PHASE_FINISH_TIME = 1475851400837
FINISH_TIME = 1475851417394
190_hadoop-0.20.1-FRFT_streamSort_2F_m200_f100_r1
SUBMIT_TIME = 1475851788110
LAUNCH_TIME = 1475851788733
MAP_PHASE_FINISH_TIME = 1475851950789
FINISH_TIME = 1475851966238
280_hadoop-0.20.1-FRFT_streamSort_2F_m300_f100_r1
SUBMIT_TIME = 1475852679893
LAUNCH_TIME = 1475852680322
MAP_PHASE_FINISH_TIME = 1475852920845
FINISH_TIME = 1475852947572
360_hadoop-0.20.1-FRFT_streamSort_2F_m400_f100_r1
SUBMIT_TIME = 1475853783902
LAUNCH_TIME = 1475853784383
MAP_PHASE_FINISH_TIME = 1475854106050
FINISH_TIME = 1475854126032
440_hadoop-0.20.1-FRFT_streamSort_2F_m500_f100_r1
SUBMIT_TIME = 1475855394984
LAUNCH_TIME = 1475855395593
MAP_PHASE_FINISH_TIME = 1475855797067
FINISH_TIME = 1475855820147
80_hadoop-0.20.1-FRFT_javaSort_2F_m50_f100_r1
SUBMIT_TIME = 1475856805371
LAUNCH_TIME = 1475856806032
MAP_PHASE_FINISH_TIME = 1475856858594
FINISH_TIME = 1475856870163
110_hadoop-0.20.1-FRFT_javaSort_2F_m100_f100_r1
SUBMIT_TIME = 1475857031614
LAUNCH_TIME = 1475857032353
MAP_PHASE_FINISH_TIME = 1475857120896
FINISH_TIME = 1475857132868
200_hadoop-0.20.1-FRFT_javaSort_2F_m200_f100_r1
SUBMIT_TIME = 1475857511392
LAUNCH_TIME = 1475857511892
MAP_PHASE_FINISH_TIME = 1475857681617
FINISH_TIME = 1475857696469
270_hadoop-0.20.1-FRFT_javaSort_2F_m300_f100_r1
SUBMIT_TIME = 1476743130978
LAUNCH_TIME = 1476743131371
MAP_PHASE_FINISH_TIME = 1476743370667
FINISH_TIME = 1476743386815
350_hadoop-0.20.1-FRFT_javaSort_2F_m400_f100_r1
SUBMIT_TIME = 1475859772544
LAUNCH_TIME = 1475859772968
MAP_PHASE_FINISH_TIME = 1475860089479
FINISH_TIME = 1475860110361
430_hadoop-0.20.1-FRFT_javaSort_2F_m500_f100_r1
SUBMIT_TIME = 1475861123119
LAUNCH_TIME = 1475861123577
MAP_PHASE_FINISH_TIME = 1475861507642
FINISH_TIME = 1475861543353
90_hadoop-0.20.1-FRFT_combiner_2F_m50_f100_r1
SUBMIT_TIME = 1475862344811
LAUNCH_TIME = 1475862346765
MAP_PHASE_FINISH_TIME = 1475862389806
FINISH_TIME = 1475862419267
120_hadoop-0.20.1-FRFT_combiner_2F_m100_f100_r1
SUBMIT_TIME = 1475862626317
LAUNCH_TIME = 1475862671638
MAP_PHASE_FINISH_TIME = 1475862741090
FINISH_TIME = 1475862781659
190_hadoop-0.20.1-FRFT_combiner_2F_m200_f100_r1
SUBMIT_TIME = 1475862969012
LAUNCH_TIME = 1475862969993
MAP_PHASE_FINISH_TIME = 1475863098565
FINISH_TIME = 1475863145811
300_hadoop-0.20.1-FRFT_combiner_2F_m300_f100_r1
SUBMIT_TIME = 1476744372663
LAUNCH_TIME = 1476744373054
MAP_PHASE_FINISH_TIME = 1476744547751
FINISH_TIME = 1476744654707
360_hadoop-0.20.1-FRFT_combiner_2F_m400_f100_r1
SUBMIT_TIME = 1475864394463
LAUNCH_TIME = 1475864395635
MAP_PHASE_FINISH_TIME = 1475864624315
FINISH_TIME = 1475864739599
410_hadoop-0.20.1-FRFT_combiner_2F_m500_f100_r1
SUBMIT_TIME = 1475865168143
LAUNCH_TIME = 1475865168683
MAP_PHASE_FINISH_TIME = 1475865447347
FINISH_TIME = 1475865563218