total 1 jobs
Jobs in waiting state: 1
Jobs in ready state: 0
Jobs in running state: 0
Jobs in success state: 0
Jobs in failed state: 0


Jobs in waiting state: 0
Jobs in ready state: 0
Jobs in running state: 1
Jobs in success state: 0
Jobs in failed state: 0


Jobs in waiting state: 0
Jobs in ready state: 0
Jobs in running state: 1
Jobs in success state: 0
Jobs in failed state: 0


Jobs in waiting state: 0
Jobs in ready state: 0
Jobs in running state: 1
Jobs in success state: 0
Jobs in failed state: 0


Jobs in waiting state: 0
Jobs in ready state: 0
Jobs in running state: 1
Jobs in success state: 0
Jobs in failed state: 0


Jobs in waiting state: 0
Jobs in ready state: 0
Jobs in running state: 1
Jobs in success state: 0
Jobs in failed state: 0


Jobs in waiting state: 0
Jobs in ready state: 0
Jobs in running state: 1
Jobs in success state: 0
Jobs in failed state: 0


Jobs in waiting state: 0
Jobs in ready state: 0
Jobs in running state: 1
Jobs in success state: 0
Jobs in failed state: 0


Jobs in waiting state: 0
Jobs in ready state: 0
Jobs in running state: 1
Jobs in success state: 0
Jobs in failed state: 0


Jobs in waiting state: 0
Jobs in ready state: 0
Jobs in running state: 1
Jobs in success state: 0
Jobs in failed state: 0


Jobs in waiting state: 0
Jobs in ready state: 0
Jobs in running state: 1
Jobs in success state: 0
Jobs in failed state: 0


Jobs in waiting state: 0
Jobs in ready state: 0
Jobs in running state: 1
Jobs in success state: 0
Jobs in failed state: 0


Jobs in waiting state: 0
Jobs in ready state: 0
Jobs in running state: 1
Jobs in success state: 0
Jobs in failed state: 0


Jobs in waiting state: 0
Jobs in ready state: 0
Jobs in running state: 1
Jobs in success state: 0
Jobs in failed state: 0


Jobs in waiting state: 0
Jobs in ready state: 0
Jobs in running state: 1
Jobs in success state: 0
Jobs in failed state: 0


Jobs in waiting state: 0
Jobs in ready state: 0
Jobs in running state: 1
Jobs in success state: 0
Jobs in failed state: 0


Jobs in waiting state: 0
Jobs in ready state: 0
Jobs in running state: 1
Jobs in success state: 0
Jobs in failed state: 0


Jobs in waiting state: 0
Jobs in ready state: 0
Jobs in running state: 1
Jobs in success state: 0
Jobs in failed state: 0


Jobs in waiting state: 0
Jobs in ready state: 0
Jobs in running state: 1
Jobs in success state: 0
Jobs in failed state: 0


Jobs in waiting state: 0
Jobs in ready state: 0
Jobs in running state: 1
Jobs in success state: 0
Jobs in failed state: 0


Jobs in waiting state: 0
Jobs in ready state: 0
Jobs in running state: 1
Jobs in success state: 0
Jobs in failed state: 0


Jobs in waiting state: 0
Jobs in ready state: 0
Jobs in running state: 1
Jobs in success state: 0
Jobs in failed state: 0


Jobs in waiting state: 0
Jobs in ready state: 0
Jobs in running state: 1
Jobs in success state: 0
Jobs in failed state: 0


Jobs in waiting state: 0
Jobs in ready state: 0
Jobs in running state: 1
Jobs in success state: 0
Jobs in failed state: 0


Jobs in waiting state: 0
Jobs in ready state: 0
Jobs in running state: 1
Jobs in success state: 0
Jobs in failed state: 0


Jobs in waiting state: 0
Jobs in ready state: 0
Jobs in running state: 1
Jobs in success state: 0
Jobs in failed state: 0


Jobs in waiting state: 0
Jobs in ready state: 0
Jobs in running state: 1
Jobs in success state: 0
Jobs in failed state: 0


Jobs in waiting state: 0
Jobs in ready state: 0
Jobs in running state: 1
Jobs in success state: 0
Jobs in failed state: 0


Jobs in waiting state: 0
Jobs in ready state: 0
Jobs in running state: 1
Jobs in success state: 0
Jobs in failed state: 0


Jobs in waiting state: 0
Jobs in ready state: 0
Jobs in running state: 1
Jobs in success state: 0
Jobs in failed state: 0


Jobs in waiting state: 0
Jobs in ready state: 0
Jobs in running state: 1
Jobs in success state: 0
Jobs in failed state: 0


Jobs in waiting state: 0
Jobs in ready state: 0
Jobs in running state: 1
Jobs in success state: 0
Jobs in failed state: 0


Jobs in waiting state: 0
Jobs in ready state: 0
Jobs in running state: 1
Jobs in success state: 0
Jobs in failed state: 0


Jobs in waiting state: 0
Jobs in ready state: 0
Jobs in running state: 1
Jobs in success state: 0
Jobs in failed state: 0


Jobs in waiting state: 0
Jobs in ready state: 0
Jobs in running state: 1
Jobs in success state: 0
Jobs in failed state: 0


Jobs in waiting state: 0
Jobs in ready state: 0
Jobs in running state: 1
Jobs in success state: 0
Jobs in failed state: 0


Jobs in waiting state: 0
Jobs in ready state: 0
Jobs in running state: 1
Jobs in success state: 0
Jobs in failed state: 0


Jobs in waiting state: 0
Jobs in ready state: 0
Jobs in running state: 1
Jobs in success state: 0
Jobs in failed state: 0


Jobs in waiting state: 0
Jobs in ready state: 0
Jobs in running state: 1
Jobs in success state: 0
Jobs in failed state: 0


Jobs in waiting state: 0
Jobs in ready state: 0
Jobs in running state: 1
Jobs in success state: 0
Jobs in failed state: 0


Jobs in waiting state: 0
Jobs in ready state: 0
Jobs in running state: 1
Jobs in success state: 0
Jobs in failed state: 0


Jobs in waiting state: 0
Jobs in ready state: 0
Jobs in running state: 1
Jobs in success state: 0
Jobs in failed state: 0


1 jobs succeeded
JobId	job_201610071313_0001
JobName	GridmixJavaSorter.small
job_201610071313_0001.GridmixJavaSorter.small.FileSystemCounters.FILE_BYTES_READ	68096665944
job_201610071313_0001.GridmixJavaSorter.small.FileSystemCounters.FILE_BYTES_WRITTEN	272409256872
job_201610071313_0001.GridmixJavaSorter.small.FileSystemCounters.HDFS_BYTES_READ	203362015938
job_201610071313_0001.GridmixJavaSorter.small.FileSystemCounters.HDFS_BYTES_WRITTEN	67754635682
job_201610071313_0001.GridmixJavaSorter.small.mapEndTime	1475861507642
job_201610071313_0001.GridmixJavaSorter.small.mapExecutionTimeStats.avg	375368
job_201610071313_0001.GridmixJavaSorter.small.mapExecutionTimeStats.max	379784
job_201610071313_0001.GridmixJavaSorter.small.mapExecutionTimeStats.medium	375854
job_201610071313_0001.GridmixJavaSorter.small.mapExecutionTimeStats.min	371385
job_201610071313_0001.GridmixJavaSorter.small.mapExecutionTimeStats.numOfItems	1503
job_201610071313_0001.GridmixJavaSorter.small.mapStartTime	1475861123577
job_201610071313_0001.GridmixJavaSorter.small.numOfMapTasks	1503
job_201610071313_0001.GridmixJavaSorter.small.numOfReduceTasks	501
job_201610071313_0001.GridmixJavaSorter.small.org.apache.hadoop.mapred.JobInProgress$Counter.DATA_LOCAL_MAPS	1295
job_201610071313_0001.GridmixJavaSorter.small.org.apache.hadoop.mapred.JobInProgress$Counter.RACK_LOCAL_MAPS	208
job_201610071313_0001.GridmixJavaSorter.small.org.apache.hadoop.mapred.JobInProgress$Counter.TOTAL_LAUNCHED_MAPS	1503
job_201610071313_0001.GridmixJavaSorter.small.org.apache.hadoop.mapred.JobInProgress$Counter.TOTAL_LAUNCHED_REDUCES	537
job_201610071313_0001.GridmixJavaSorter.small.org.apache.hadoop.mapred.Task$Counter.COMBINE_INPUT_RECORDS	0
job_201610071313_0001.GridmixJavaSorter.small.org.apache.hadoop.mapred.Task$Counter.COMBINE_OUTPUT_RECORDS	0
job_201610071313_0001.GridmixJavaSorter.small.org.apache.hadoop.mapred.Task$Counter.MAP_INPUT_BYTES	203263907046
job_201610071313_0001.GridmixJavaSorter.small.org.apache.hadoop.mapred.Task$Counter.MAP_INPUT_RECORDS	182223747
job_201610071313_0001.GridmixJavaSorter.small.org.apache.hadoop.mapred.Task$Counter.MAP_OUTPUT_BYTES	203594593329
job_201610071313_0001.GridmixJavaSorter.small.org.apache.hadoop.mapred.Task$Counter.MAP_OUTPUT_RECORDS	182223747
job_201610071313_0001.GridmixJavaSorter.small.org.apache.hadoop.mapred.Task$Counter.REDUCE_INPUT_GROUPS	48224324
job_201610071313_0001.GridmixJavaSorter.small.org.apache.hadoop.mapred.Task$Counter.REDUCE_INPUT_RECORDS	60741249
job_201610071313_0001.GridmixJavaSorter.small.org.apache.hadoop.mapred.Task$Counter.REDUCE_OUTPUT_RECORDS	60741249
job_201610071313_0001.GridmixJavaSorter.small.org.apache.hadoop.mapred.Task$Counter.REDUCE_SHUFFLE_BYTES	67935583343
job_201610071313_0001.GridmixJavaSorter.small.org.apache.hadoop.mapred.Task$Counter.SPILLED_RECORDS	242964996
job_201610071313_0001.GridmixJavaSorter.small.reduceEndTime	1475861543353
job_201610071313_0001.GridmixJavaSorter.small.reduceExecutionTimeStats.avg	29043
job_201610071313_0001.GridmixJavaSorter.small.reduceExecutionTimeStats.max	31327
job_201610071313_0001.GridmixJavaSorter.small.reduceExecutionTimeStats.medium	29472
job_201610071313_0001.GridmixJavaSorter.small.reduceExecutionTimeStats.min	27010
job_201610071313_0001.GridmixJavaSorter.small.reduceExecutionTimeStats.numOfItems	501
job_201610071313_0001.GridmixJavaSorter.small.reduceStartTime	1475861123577
job_201610071313_0001.jobStatus	successful
GridMix results:
Total num of Jobs: 1
ExecutionTime: 430
