total 1 jobs
Jobs in waiting state: 1
Jobs in ready state: 0
Jobs in running state: 0
Jobs in success state: 0
Jobs in failed state: 0


Jobs in waiting state: 0
Jobs in ready state: 0
Jobs in running state: 1
Jobs in success state: 0
Jobs in failed state: 0


Jobs in waiting state: 0
Jobs in ready state: 0
Jobs in running state: 1
Jobs in success state: 0
Jobs in failed state: 0


Jobs in waiting state: 0
Jobs in ready state: 0
Jobs in running state: 1
Jobs in success state: 0
Jobs in failed state: 0


Jobs in waiting state: 0
Jobs in ready state: 0
Jobs in running state: 1
Jobs in success state: 0
Jobs in failed state: 0


Jobs in waiting state: 0
Jobs in ready state: 0
Jobs in running state: 1
Jobs in success state: 0
Jobs in failed state: 0


Jobs in waiting state: 0
Jobs in ready state: 0
Jobs in running state: 1
Jobs in success state: 0
Jobs in failed state: 0


Jobs in waiting state: 0
Jobs in ready state: 0
Jobs in running state: 1
Jobs in success state: 0
Jobs in failed state: 0


Jobs in waiting state: 0
Jobs in ready state: 0
Jobs in running state: 1
Jobs in success state: 0
Jobs in failed state: 0


Jobs in waiting state: 0
Jobs in ready state: 0
Jobs in running state: 1
Jobs in success state: 0
Jobs in failed state: 0


Jobs in waiting state: 0
Jobs in ready state: 0
Jobs in running state: 1
Jobs in success state: 0
Jobs in failed state: 0


Jobs in waiting state: 0
Jobs in ready state: 0
Jobs in running state: 1
Jobs in success state: 0
Jobs in failed state: 0


Jobs in waiting state: 0
Jobs in ready state: 0
Jobs in running state: 1
Jobs in success state: 0
Jobs in failed state: 0


Jobs in waiting state: 0
Jobs in ready state: 0
Jobs in running state: 1
Jobs in success state: 0
Jobs in failed state: 0


Jobs in waiting state: 0
Jobs in ready state: 0
Jobs in running state: 1
Jobs in success state: 0
Jobs in failed state: 0


Jobs in waiting state: 0
Jobs in ready state: 0
Jobs in running state: 1
Jobs in success state: 0
Jobs in failed state: 0


Jobs in waiting state: 0
Jobs in ready state: 0
Jobs in running state: 1
Jobs in success state: 0
Jobs in failed state: 0


Jobs in waiting state: 0
Jobs in ready state: 0
Jobs in running state: 1
Jobs in success state: 0
Jobs in failed state: 0


Jobs in waiting state: 0
Jobs in ready state: 0
Jobs in running state: 1
Jobs in success state: 0
Jobs in failed state: 0


Jobs in waiting state: 0
Jobs in ready state: 0
Jobs in running state: 1
Jobs in success state: 0
Jobs in failed state: 0


Jobs in waiting state: 0
Jobs in ready state: 0
Jobs in running state: 1
Jobs in success state: 0
Jobs in failed state: 0


Jobs in waiting state: 0
Jobs in ready state: 0
Jobs in running state: 1
Jobs in success state: 0
Jobs in failed state: 0


Jobs in waiting state: 0
Jobs in ready state: 0
Jobs in running state: 1
Jobs in success state: 0
Jobs in failed state: 0


Jobs in waiting state: 0
Jobs in ready state: 0
Jobs in running state: 1
Jobs in success state: 0
Jobs in failed state: 0


Jobs in waiting state: 0
Jobs in ready state: 0
Jobs in running state: 1
Jobs in success state: 0
Jobs in failed state: 0


Jobs in waiting state: 0
Jobs in ready state: 0
Jobs in running state: 1
Jobs in success state: 0
Jobs in failed state: 0


Jobs in waiting state: 0
Jobs in ready state: 0
Jobs in running state: 1
Jobs in success state: 0
Jobs in failed state: 0


Jobs in waiting state: 0
Jobs in ready state: 0
Jobs in running state: 1
Jobs in success state: 0
Jobs in failed state: 0


Jobs in waiting state: 0
Jobs in ready state: 0
Jobs in running state: 1
Jobs in success state: 0
Jobs in failed state: 0


Jobs in waiting state: 0
Jobs in ready state: 0
Jobs in running state: 1
Jobs in success state: 0
Jobs in failed state: 0


Jobs in waiting state: 0
Jobs in ready state: 0
Jobs in running state: 1
Jobs in success state: 0
Jobs in failed state: 0


Jobs in waiting state: 0
Jobs in ready state: 0
Jobs in running state: 1
Jobs in success state: 0
Jobs in failed state: 0


Jobs in waiting state: 0
Jobs in ready state: 0
Jobs in running state: 1
Jobs in success state: 0
Jobs in failed state: 0


Jobs in waiting state: 0
Jobs in ready state: 0
Jobs in running state: 1
Jobs in success state: 0
Jobs in failed state: 0


Jobs in waiting state: 0
Jobs in ready state: 0
Jobs in running state: 1
Jobs in success state: 0
Jobs in failed state: 0


Jobs in waiting state: 0
Jobs in ready state: 0
Jobs in running state: 1
Jobs in success state: 0
Jobs in failed state: 0


Jobs in waiting state: 0
Jobs in ready state: 0
Jobs in running state: 1
Jobs in success state: 0
Jobs in failed state: 0


Jobs in waiting state: 0
Jobs in ready state: 0
Jobs in running state: 1
Jobs in success state: 0
Jobs in failed state: 0


Jobs in waiting state: 0
Jobs in ready state: 0
Jobs in running state: 1
Jobs in success state: 0
Jobs in failed state: 0


Jobs in waiting state: 0
Jobs in ready state: 0
Jobs in running state: 1
Jobs in success state: 0
Jobs in failed state: 0


1 jobs succeeded
JobId	job_201610071423_0001
JobName	GridmixCombinerJob.small
job_201610071423_0001.GridmixCombinerJob.small.FileSystemCounters.FILE_BYTES_READ	120567393777
job_201610071423_0001.GridmixCombinerJob.small.FileSystemCounters.FILE_BYTES_WRITTEN	528612519
job_201610071423_0001.GridmixCombinerJob.small.FileSystemCounters.HDFS_BYTES_READ	203362015938
job_201610071423_0001.GridmixCombinerJob.small.FileSystemCounters.HDFS_BYTES_WRITTEN	18655
job_201610071423_0001.GridmixCombinerJob.small.mapEndTime	1475865447347
job_201610071423_0001.GridmixCombinerJob.small.mapExecutionTimeStats.avg	270049
job_201610071423_0001.GridmixCombinerJob.small.mapExecutionTimeStats.max	274555
job_201610071423_0001.GridmixCombinerJob.small.mapExecutionTimeStats.medium	270376
job_201610071423_0001.GridmixCombinerJob.small.mapExecutionTimeStats.min	265977
job_201610071423_0001.GridmixCombinerJob.small.mapExecutionTimeStats.numOfItems	1503
job_201610071423_0001.GridmixCombinerJob.small.mapStartTime	1475865168683
job_201610071423_0001.GridmixCombinerJob.small.numOfMapTasks	1503
job_201610071423_0001.GridmixCombinerJob.small.numOfReduceTasks	501
job_201610071423_0001.GridmixCombinerJob.small.org.apache.hadoop.mapred.JobInProgress$Counter.DATA_LOCAL_MAPS	1291
job_201610071423_0001.GridmixCombinerJob.small.org.apache.hadoop.mapred.JobInProgress$Counter.RACK_LOCAL_MAPS	212
job_201610071423_0001.GridmixCombinerJob.small.org.apache.hadoop.mapred.JobInProgress$Counter.TOTAL_LAUNCHED_MAPS	1503
job_201610071423_0001.GridmixCombinerJob.small.org.apache.hadoop.mapred.JobInProgress$Counter.TOTAL_LAUNCHED_REDUCES	547
job_201610071423_0001.GridmixCombinerJob.small.org.apache.hadoop.mapred.Task$Counter.COMBINE_INPUT_RECORDS	19066792062
job_201610071423_0001.GridmixCombinerJob.small.org.apache.hadoop.mapred.Task$Counter.COMBINE_OUTPUT_RECORDS	25542000
job_201610071423_0001.GridmixCombinerJob.small.org.apache.hadoop.mapred.Task$Counter.MAP_INPUT_BYTES	203263907046
job_201610071423_0001.GridmixCombinerJob.small.org.apache.hadoop.mapred.Task$Counter.MAP_INPUT_RECORDS	182223747
job_201610071423_0001.GridmixCombinerJob.small.org.apache.hadoop.mapred.Task$Counter.MAP_OUTPUT_BYTES	279070471800
job_201610071423_0001.GridmixCombinerJob.small.org.apache.hadoop.mapred.Task$Counter.MAP_OUTPUT_RECORDS	19042753062
job_201610071423_0001.GridmixCombinerJob.small.org.apache.hadoop.mapred.Task$Counter.REDUCE_INPUT_GROUPS	1000
job_201610071423_0001.GridmixCombinerJob.small.org.apache.hadoop.mapred.Task$Counter.REDUCE_INPUT_RECORDS	501000
job_201610071423_0001.GridmixCombinerJob.small.org.apache.hadoop.mapred.Task$Counter.REDUCE_OUTPUT_RECORDS	1000
job_201610071423_0001.GridmixCombinerJob.small.org.apache.hadoop.mapred.Task$Counter.REDUCE_SHUFFLE_BYTES	9833069
job_201610071423_0001.GridmixCombinerJob.small.org.apache.hadoop.mapred.Task$Counter.SPILLED_RECORDS	26043000
job_201610071423_0001.GridmixCombinerJob.small.reduceEndTime	1475865563218
job_201610071423_0001.GridmixCombinerJob.small.reduceExecutionTimeStats.avg	109089
job_201610071423_0001.GridmixCombinerJob.small.reduceExecutionTimeStats.max	111487
job_201610071423_0001.GridmixCombinerJob.small.reduceExecutionTimeStats.medium	109556
job_201610071423_0001.GridmixCombinerJob.small.reduceExecutionTimeStats.min	107205
job_201610071423_0001.GridmixCombinerJob.small.reduceExecutionTimeStats.numOfItems	501
job_201610071423_0001.GridmixCombinerJob.small.reduceStartTime	1475865168683
job_201610071423_0001.jobStatus	successful
GridMix results:
Total num of Jobs: 1
ExecutionTime: 410
