120_hadoop-0.20.1-BFT_streamSort_2T_m100_f6_r1
SUBMIT_TIME = 1476131531535
LAUNCH_TIME = 1476131532075
MAP_PHASE_FINISH_TIME = 1476131617122
FINISH_TIME = 1476131633562
120_hadoop-0.20.1-BFT_streamSort_2T_m100_f12_r1
SUBMIT_TIME = 1476136144261
LAUNCH_TIME = 1476136144737
MAP_PHASE_FINISH_TIME = 1476136236732
FINISH_TIME = 1476136252215
130_hadoop-0.20.1-BFT_streamSort_2T_m100_f25_r1
SUBMIT_TIME = 1476140249890
LAUNCH_TIME = 1476140250483
MAP_PHASE_FINISH_TIME = 1476140351714
FINISH_TIME = 1476140369453
150_hadoop-0.20.1-BFT_streamSort_2T_m100_f50_r1
SUBMIT_TIME = 1476144337145
LAUNCH_TIME = 1476144343065
MAP_PHASE_FINISH_TIME = 1476144465690
FINISH_TIME = 1476144481173
190_hadoop-0.20.1-BFT_streamSort_2T_m100_f100_r1
SUBMIT_TIME = 1476148803127
LAUNCH_TIME = 1476148803580
MAP_PHASE_FINISH_TIME = 1476148967328
FINISH_TIME = 1476148984144
290_hadoop-0.20.1-BFT_streamSort_2T_m300_f6_r1
SUBMIT_TIME = 1476132480603
LAUNCH_TIME = 1476132481176
MAP_PHASE_FINISH_TIME = 1476132731060
FINISH_TIME = 1476132756391
300_hadoop-0.20.1-BFT_streamSort_2T_m300_f12_r1
SUBMIT_TIME = 1476137112289
LAUNCH_TIME = 1476137112960
MAP_PHASE_FINISH_TIME = 1476137377860
FINISH_TIME = 1476137403338
330_hadoop-0.20.1-BFT_streamSort_2T_m300_f25_r1
SUBMIT_TIME = 1476141240716
LAUNCH_TIME = 1476141241265
MAP_PHASE_FINISH_TIME = 1476141534682
FINISH_TIME = 1476141560519
390_hadoop-0.20.1-BFT_streamSort_2T_m300_f50_r1
SUBMIT_TIME = 1476145478671
LAUNCH_TIME = 1476145479332
MAP_PHASE_FINISH_TIME = 1476145830395
FINISH_TIME = 1476145855379
510_hadoop-0.20.1-BFT_streamSort_2T_m300_f100_r1
SUBMIT_TIME = 1476149750740
LAUNCH_TIME = 1476149751304
MAP_PHASE_FINISH_TIME = 1476150218690
FINISH_TIME = 1476150243527
450_hadoop-0.20.1-BFT_streamSort_2T_m500_f6_r1
SUBMIT_TIME = 1476134571715
LAUNCH_TIME = 1476134572437
MAP_PHASE_FINISH_TIME = 1476134983161
FINISH_TIME = 1476135005932
470_hadoop-0.20.1-BFT_streamSort_2T_m500_f12_r1
SUBMIT_TIME = 1476138763789
LAUNCH_TIME = 1476138764337
MAP_PHASE_FINISH_TIME = 1476139195405
FINISH_TIME = 1476139220168
520_hadoop-0.20.1-BFT_streamSort_2T_m500_f25_r1
SUBMIT_TIME = 1476143142825
LAUNCH_TIME = 1476143145255
MAP_PHASE_FINISH_TIME = 1476143627013
FINISH_TIME = 1476143648793
620_hadoop-0.20.1-BFT_streamSort_2T_m500_f50_r1
SUBMIT_TIME = 1476147386102
LAUNCH_TIME = 1476147386784
MAP_PHASE_FINISH_TIME = 1476147888835
FINISH_TIME = 1476147989632
810_hadoop-0.20.1-BFT_streamSort_2T_m500_f100_r1
SUBMIT_TIME = 1476151566295
LAUNCH_TIME = 1476151566899
MAP_PHASE_FINISH_TIME = 1476152339614
FINISH_TIME = 1476152362403
