packageJobJar: [] [/local/hadoop/hadoop-0.20.1-BFT/contrib/streaming/hadoop-0.20.1-streaming.jar] /tmp/streamjob8476910546515889670.jar tmpDir=null
total 1 jobs
Jobs in waiting state: 1
Jobs in ready state: 0
Jobs in running state: 0
Jobs in success state: 0
Jobs in failed state: 0


Jobs in waiting state: 0
Jobs in ready state: 0
Jobs in running state: 1
Jobs in success state: 0
Jobs in failed state: 0


Jobs in waiting state: 0
Jobs in ready state: 0
Jobs in running state: 1
Jobs in success state: 0
Jobs in failed state: 0


Jobs in waiting state: 0
Jobs in ready state: 0
Jobs in running state: 1
Jobs in success state: 0
Jobs in failed state: 0


Jobs in waiting state: 0
Jobs in ready state: 0
Jobs in running state: 1
Jobs in success state: 0
Jobs in failed state: 0


Jobs in waiting state: 0
Jobs in ready state: 0
Jobs in running state: 1
Jobs in success state: 0
Jobs in failed state: 0


Jobs in waiting state: 0
Jobs in ready state: 0
Jobs in running state: 1
Jobs in success state: 0
Jobs in failed state: 0


Jobs in waiting state: 0
Jobs in ready state: 0
Jobs in running state: 1
Jobs in success state: 0
Jobs in failed state: 0


Jobs in waiting state: 0
Jobs in ready state: 0
Jobs in running state: 1
Jobs in success state: 0
Jobs in failed state: 0


Jobs in waiting state: 0
Jobs in ready state: 0
Jobs in running state: 1
Jobs in success state: 0
Jobs in failed state: 0


Jobs in waiting state: 0
Jobs in ready state: 0
Jobs in running state: 1
Jobs in success state: 0
Jobs in failed state: 0


Jobs in waiting state: 0
Jobs in ready state: 0
Jobs in running state: 1
Jobs in success state: 0
Jobs in failed state: 0


Jobs in waiting state: 0
Jobs in ready state: 0
Jobs in running state: 1
Jobs in success state: 0
Jobs in failed state: 0


Jobs in waiting state: 0
Jobs in ready state: 0
Jobs in running state: 1
Jobs in success state: 0
Jobs in failed state: 0


1 jobs succeeded
JobId	job_201610102001_0001
JobName	GridmixStreamingSorter.small
job_201610102001_0001.GridmixStreamingSorter.small.FileSystemCounters.FILE_BYTES_READ	13619349813
job_201610102001_0001.GridmixStreamingSorter.small.FileSystemCounters.FILE_BYTES_WRITTEN	47680711403
job_201610102001_0001.GridmixStreamingSorter.small.FileSystemCounters.HDFS_BYTES_READ	33905861993
job_201610102001_0001.GridmixStreamingSorter.small.FileSystemCounters.HDFS_BYTES_WRITTEN	13550930981
job_201610102001_0001.GridmixStreamingSorter.small.mapEndTime	1476144465690
job_201610102001_0001.GridmixStreamingSorter.small.mapExecutionTimeStats.avg	113949
job_201610102001_0001.GridmixStreamingSorter.small.mapExecutionTimeStats.max	118500
job_201610102001_0001.GridmixStreamingSorter.small.mapExecutionTimeStats.medium	114317
job_201610102001_0001.GridmixStreamingSorter.small.mapExecutionTimeStats.min	109981
job_201610102001_0001.GridmixStreamingSorter.small.mapExecutionTimeStats.numOfItems	303
job_201610102001_0001.GridmixStreamingSorter.small.mapStartTime	1476144343065
job_201610102001_0001.GridmixStreamingSorter.small.numOfMapTasks	303
job_201610102001_0001.GridmixStreamingSorter.small.numOfReduceTasks	101
job_201610102001_0001.GridmixStreamingSorter.small.org.apache.hadoop.mapred.JobInProgress$Counter.DATA_LOCAL_MAPS	193
job_201610102001_0001.GridmixStreamingSorter.small.org.apache.hadoop.mapred.JobInProgress$Counter.RACK_LOCAL_MAPS	60
job_201610102001_0001.GridmixStreamingSorter.small.org.apache.hadoop.mapred.JobInProgress$Counter.TOTAL_LAUNCHED_MAPS	253
job_201610102001_0001.GridmixStreamingSorter.small.org.apache.hadoop.mapred.JobInProgress$Counter.TOTAL_LAUNCHED_REDUCES	130
job_201610102001_0001.GridmixStreamingSorter.small.org.apache.hadoop.mapred.Task$Counter.COMBINE_INPUT_RECORDS	0
job_201610102001_0001.GridmixStreamingSorter.small.org.apache.hadoop.mapred.Task$Counter.COMBINE_OUTPUT_RECORDS	0
job_201610102001_0001.GridmixStreamingSorter.small.org.apache.hadoop.mapred.Task$Counter.MAP_INPUT_BYTES	33889482971
job_201610102001_0001.GridmixStreamingSorter.small.org.apache.hadoop.mapred.Task$Counter.MAP_INPUT_RECORDS	30387087
job_201610102001_0001.GridmixStreamingSorter.small.org.apache.hadoop.mapred.Task$Counter.MAP_OUTPUT_BYTES	33944629127
job_201610102001_0001.GridmixStreamingSorter.small.org.apache.hadoop.mapred.Task$Counter.MAP_OUTPUT_RECORDS	30387087
job_201610102001_0001.GridmixStreamingSorter.small.org.apache.hadoop.mapred.Task$Counter.REDUCE_INPUT_GROUPS	10192610
job_201610102001_0001.GridmixStreamingSorter.small.org.apache.hadoop.mapred.Task$Counter.REDUCE_INPUT_RECORDS	12150126
job_201610102001_0001.GridmixStreamingSorter.small.org.apache.hadoop.mapred.Task$Counter.REDUCE_OUTPUT_RECORDS	12150126
job_201610102001_0001.GridmixStreamingSorter.small.org.apache.hadoop.mapred.Task$Counter.REDUCE_SHUFFLE_BYTES	13483704530
job_201610102001_0001.GridmixStreamingSorter.small.org.apache.hadoop.mapred.Task$Counter.SPILLED_RECORDS	42537213
job_201610102001_0001.GridmixStreamingSorter.small.reduceEndTime	1476144481173
job_201610102001_0001.GridmixStreamingSorter.small.reduceExecutionTimeStats.avg	8802
job_201610102001_0001.GridmixStreamingSorter.small.reduceExecutionTimeStats.max	11127
job_201610102001_0001.GridmixStreamingSorter.small.reduceExecutionTimeStats.medium	9145
job_201610102001_0001.GridmixStreamingSorter.small.reduceExecutionTimeStats.min	6700
job_201610102001_0001.GridmixStreamingSorter.small.reduceExecutionTimeStats.numOfItems	101
job_201610102001_0001.GridmixStreamingSorter.small.reduceStartTime	1476144343065
job_201610102001_0001.jobStatus	successful
GridMix results:
Total num of Jobs: 1
ExecutionTime: 150
