packageJobJar: [] [/local/hadoop/hadoop-0.20.1-BFT/contrib/streaming/hadoop-0.20.1-streaming.jar] /tmp/streamjob6548867104471222403.jar tmpDir=null
total 1 jobs
Jobs in waiting state: 1
Jobs in ready state: 0
Jobs in running state: 0
Jobs in success state: 0
Jobs in failed state: 0


Jobs in waiting state: 0
Jobs in ready state: 0
Jobs in running state: 1
Jobs in success state: 0
Jobs in failed state: 0


Jobs in waiting state: 0
Jobs in ready state: 0
Jobs in running state: 1
Jobs in success state: 0
Jobs in failed state: 0


Jobs in waiting state: 0
Jobs in ready state: 0
Jobs in running state: 1
Jobs in success state: 0
Jobs in failed state: 0


Jobs in waiting state: 0
Jobs in ready state: 0
Jobs in running state: 1
Jobs in success state: 0
Jobs in failed state: 0


Jobs in waiting state: 0
Jobs in ready state: 0
Jobs in running state: 1
Jobs in success state: 0
Jobs in failed state: 0


Jobs in waiting state: 0
Jobs in ready state: 0
Jobs in running state: 1
Jobs in success state: 0
Jobs in failed state: 0


Jobs in waiting state: 0
Jobs in ready state: 0
Jobs in running state: 1
Jobs in success state: 0
Jobs in failed state: 0


Jobs in waiting state: 0
Jobs in ready state: 0
Jobs in running state: 1
Jobs in success state: 0
Jobs in failed state: 0


Jobs in waiting state: 0
Jobs in ready state: 0
Jobs in running state: 1
Jobs in success state: 0
Jobs in failed state: 0


Jobs in waiting state: 0
Jobs in ready state: 0
Jobs in running state: 1
Jobs in success state: 0
Jobs in failed state: 0


1 jobs succeeded
JobId	job_201610101627_0001
JobName	GridmixStreamingSorter.small
job_201610101627_0001.GridmixStreamingSorter.small.FileSystemCounters.FILE_BYTES_READ	13619349813
job_201610101627_0001.GridmixStreamingSorter.small.FileSystemCounters.FILE_BYTES_WRITTEN	41810329245
job_201610101627_0001.GridmixStreamingSorter.small.FileSystemCounters.HDFS_BYTES_READ	28062292248
job_201610101627_0001.GridmixStreamingSorter.small.FileSystemCounters.HDFS_BYTES_WRITTEN	13550930981
job_201610101627_0001.GridmixStreamingSorter.small.mapEndTime	1476131617122
job_201610101627_0001.GridmixStreamingSorter.small.mapExecutionTimeStats.avg	76435
job_201610101627_0001.GridmixStreamingSorter.small.mapExecutionTimeStats.max	80832
job_201610101627_0001.GridmixStreamingSorter.small.mapExecutionTimeStats.medium	76806
job_201610101627_0001.GridmixStreamingSorter.small.mapExecutionTimeStats.min	72166
job_201610101627_0001.GridmixStreamingSorter.small.mapExecutionTimeStats.numOfItems	303
job_201610101627_0001.GridmixStreamingSorter.small.mapStartTime	1476131532075
job_201610101627_0001.GridmixStreamingSorter.small.numOfMapTasks	303
job_201610101627_0001.GridmixStreamingSorter.small.numOfReduceTasks	101
job_201610101627_0001.GridmixStreamingSorter.small.org.apache.hadoop.mapred.JobInProgress$Counter.DATA_LOCAL_MAPS	154
job_201610101627_0001.GridmixStreamingSorter.small.org.apache.hadoop.mapred.JobInProgress$Counter.RACK_LOCAL_MAPS	55
job_201610101627_0001.GridmixStreamingSorter.small.org.apache.hadoop.mapred.JobInProgress$Counter.TOTAL_LAUNCHED_MAPS	209
job_201610101627_0001.GridmixStreamingSorter.small.org.apache.hadoop.mapred.JobInProgress$Counter.TOTAL_LAUNCHED_REDUCES	119
job_201610101627_0001.GridmixStreamingSorter.small.org.apache.hadoop.mapred.Task$Counter.COMBINE_INPUT_RECORDS	0
job_201610101627_0001.GridmixStreamingSorter.small.org.apache.hadoop.mapred.Task$Counter.COMBINE_OUTPUT_RECORDS	0
job_201610101627_0001.GridmixStreamingSorter.small.org.apache.hadoop.mapred.Task$Counter.MAP_INPUT_BYTES	28048726085
job_201610101627_0001.GridmixStreamingSorter.small.org.apache.hadoop.mapred.Task$Counter.MAP_INPUT_RECORDS	25149961
job_201610101627_0001.GridmixStreamingSorter.small.org.apache.hadoop.mapred.Task$Counter.MAP_OUTPUT_BYTES	28094367371
job_201610101627_0001.GridmixStreamingSorter.small.org.apache.hadoop.mapred.Task$Counter.MAP_OUTPUT_RECORDS	25149961
job_201610101627_0001.GridmixStreamingSorter.small.org.apache.hadoop.mapred.Task$Counter.REDUCE_INPUT_GROUPS	10192610
job_201610101627_0001.GridmixStreamingSorter.small.org.apache.hadoop.mapred.Task$Counter.REDUCE_INPUT_RECORDS	12150126
job_201610101627_0001.GridmixStreamingSorter.small.org.apache.hadoop.mapred.Task$Counter.REDUCE_OUTPUT_RECORDS	12150126
job_201610101627_0001.GridmixStreamingSorter.small.org.apache.hadoop.mapred.Task$Counter.REDUCE_SHUFFLE_BYTES	13484336201
job_201610101627_0001.GridmixStreamingSorter.small.org.apache.hadoop.mapred.Task$Counter.SPILLED_RECORDS	37300087
job_201610101627_0001.GridmixStreamingSorter.small.reduceEndTime	1476131633562
job_201610101627_0001.GridmixStreamingSorter.small.reduceExecutionTimeStats.avg	9660
job_201610101627_0001.GridmixStreamingSorter.small.reduceExecutionTimeStats.max	12230
job_201610101627_0001.GridmixStreamingSorter.small.reduceExecutionTimeStats.medium	10219
job_201610101627_0001.GridmixStreamingSorter.small.reduceExecutionTimeStats.min	7640
job_201610101627_0001.GridmixStreamingSorter.small.reduceExecutionTimeStats.numOfItems	101
job_201610101627_0001.GridmixStreamingSorter.small.reduceStartTime	1476131532075
job_201610101627_0001.jobStatus	successful
GridMix results:
Total num of Jobs: 1
ExecutionTime: 120
