packageJobJar: [] [/local/hadoop/hadoop-0.20.1-BFT/contrib/streaming/hadoop-0.20.1-streaming.jar] /tmp/streamjob5585309438499179688.jar tmpDir=null
total 1 jobs
Jobs in waiting state: 1
Jobs in ready state: 0
Jobs in running state: 0
Jobs in success state: 0
Jobs in failed state: 0


Jobs in waiting state: 0
Jobs in ready state: 0
Jobs in running state: 1
Jobs in success state: 0
Jobs in failed state: 0


Jobs in waiting state: 0
Jobs in ready state: 0
Jobs in running state: 1
Jobs in success state: 0
Jobs in failed state: 0


Jobs in waiting state: 0
Jobs in ready state: 0
Jobs in running state: 1
Jobs in success state: 0
Jobs in failed state: 0


Jobs in waiting state: 0
Jobs in ready state: 0
Jobs in running state: 1
Jobs in success state: 0
Jobs in failed state: 0


Jobs in waiting state: 0
Jobs in ready state: 0
Jobs in running state: 1
Jobs in success state: 0
Jobs in failed state: 0


Jobs in waiting state: 0
Jobs in ready state: 0
Jobs in running state: 1
Jobs in success state: 0
Jobs in failed state: 0


Jobs in waiting state: 0
Jobs in ready state: 0
Jobs in running state: 1
Jobs in success state: 0
Jobs in failed state: 0


Jobs in waiting state: 0
Jobs in ready state: 0
Jobs in running state: 1
Jobs in success state: 0
Jobs in failed state: 0


Jobs in waiting state: 0
Jobs in ready state: 0
Jobs in running state: 1
Jobs in success state: 0
Jobs in failed state: 0


Jobs in waiting state: 0
Jobs in ready state: 0
Jobs in running state: 1
Jobs in success state: 0
Jobs in failed state: 0


1 jobs succeeded
JobId	job_201610101745_0001
JobName	GridmixStreamingSorter.small
job_201610101745_0001.GridmixStreamingSorter.small.FileSystemCounters.FILE_BYTES_READ	13619349813
job_201610101745_0001.GridmixStreamingSorter.small.FileSystemCounters.FILE_BYTES_WRITTEN	42626046861
job_201610101745_0001.GridmixStreamingSorter.small.FileSystemCounters.HDFS_BYTES_READ	28874283294
job_201610101745_0001.GridmixStreamingSorter.small.FileSystemCounters.HDFS_BYTES_WRITTEN	13550930981
job_201610101745_0001.GridmixStreamingSorter.small.mapEndTime	1476136236732
job_201610101745_0001.GridmixStreamingSorter.small.mapExecutionTimeStats.avg	83367
job_201610101745_0001.GridmixStreamingSorter.small.mapExecutionTimeStats.max	87683
job_201610101745_0001.GridmixStreamingSorter.small.mapExecutionTimeStats.medium	83619
job_201610101745_0001.GridmixStreamingSorter.small.mapExecutionTimeStats.min	79098
job_201610101745_0001.GridmixStreamingSorter.small.mapExecutionTimeStats.numOfItems	303
job_201610101745_0001.GridmixStreamingSorter.small.mapStartTime	1476136144737
job_201610101745_0001.GridmixStreamingSorter.small.numOfMapTasks	303
job_201610101745_0001.GridmixStreamingSorter.small.numOfReduceTasks	101
job_201610101745_0001.GridmixStreamingSorter.small.org.apache.hadoop.mapred.JobInProgress$Counter.DATA_LOCAL_MAPS	147
job_201610101745_0001.GridmixStreamingSorter.small.org.apache.hadoop.mapred.JobInProgress$Counter.RACK_LOCAL_MAPS	68
job_201610101745_0001.GridmixStreamingSorter.small.org.apache.hadoop.mapred.JobInProgress$Counter.TOTAL_LAUNCHED_MAPS	215
job_201610101745_0001.GridmixStreamingSorter.small.org.apache.hadoop.mapred.JobInProgress$Counter.TOTAL_LAUNCHED_REDUCES	127
job_201610101745_0001.GridmixStreamingSorter.small.org.apache.hadoop.mapred.Task$Counter.COMBINE_INPUT_RECORDS	0
job_201610101745_0001.GridmixStreamingSorter.small.org.apache.hadoop.mapred.Task$Counter.COMBINE_OUTPUT_RECORDS	0
job_201610101745_0001.GridmixStreamingSorter.small.org.apache.hadoop.mapred.Task$Counter.MAP_INPUT_BYTES	28860326209
job_201610101745_0001.GridmixStreamingSorter.small.org.apache.hadoop.mapred.Task$Counter.MAP_INPUT_RECORDS	25877754
job_201610101745_0001.GridmixStreamingSorter.small.org.apache.hadoop.mapred.Task$Counter.MAP_OUTPUT_BYTES	28907288797
job_201610101745_0001.GridmixStreamingSorter.small.org.apache.hadoop.mapred.Task$Counter.MAP_OUTPUT_RECORDS	25877754
job_201610101745_0001.GridmixStreamingSorter.small.org.apache.hadoop.mapred.Task$Counter.REDUCE_INPUT_GROUPS	10192610
job_201610101745_0001.GridmixStreamingSorter.small.org.apache.hadoop.mapred.Task$Counter.REDUCE_INPUT_RECORDS	12150126
job_201610101745_0001.GridmixStreamingSorter.small.org.apache.hadoop.mapred.Task$Counter.REDUCE_OUTPUT_RECORDS	12150126
job_201610101745_0001.GridmixStreamingSorter.small.org.apache.hadoop.mapred.Task$Counter.REDUCE_SHUFFLE_BYTES	13484856075
job_201610101745_0001.GridmixStreamingSorter.small.org.apache.hadoop.mapred.Task$Counter.SPILLED_RECORDS	38027880
job_201610101745_0001.GridmixStreamingSorter.small.reduceEndTime	1476136252215
job_201610101745_0001.GridmixStreamingSorter.small.reduceExecutionTimeStats.avg	8757
job_201610101745_0001.GridmixStreamingSorter.small.reduceExecutionTimeStats.max	11152
job_201610101745_0001.GridmixStreamingSorter.small.reduceExecutionTimeStats.medium	9273
job_201610101745_0001.GridmixStreamingSorter.small.reduceExecutionTimeStats.min	6872
job_201610101745_0001.GridmixStreamingSorter.small.reduceExecutionTimeStats.numOfItems	101
job_201610101745_0001.GridmixStreamingSorter.small.reduceStartTime	1476136144737
job_201610101745_0001.jobStatus	successful
GridMix results:
Total num of Jobs: 1
ExecutionTime: 120
