120_hadoop-0.20.1-FRFT_streamSort_2T_m100_f6_r1
SUBMIT_TIME = 1475868124007
LAUNCH_TIME = 1475868125471
MAP_PHASE_FINISH_TIME = 1475868210678
FINISH_TIME = 1475868227037
120_hadoop-0.20.1-FRFT_streamSort_2T_m100_f12_r1
SUBMIT_TIME = 1475872494335
LAUNCH_TIME = 1475872495655
MAP_PHASE_FINISH_TIME = 1475872581664
FINISH_TIME = 1475872597677
120_hadoop-0.20.1-FRFT_streamSort_2T_m100_f25_r1
SUBMIT_TIME = 1475875605226
LAUNCH_TIME = 1475875611632
MAP_PHASE_FINISH_TIME = 1475875697691
FINISH_TIME = 1475875714208
120_hadoop-0.20.1-FRFT_streamSort_2T_m100_f50_r1
SUBMIT_TIME = 1476749317969
LAUNCH_TIME = 1476749335732
MAP_PHASE_FINISH_TIME = 1476749422601
FINISH_TIME = 1476749438751
120_hadoop-0.20.1-FRFT_streamSort_2T_m100_f100_r1
SUBMIT_TIME = 1476752506880
LAUNCH_TIME = 1476752507144
MAP_PHASE_FINISH_TIME = 1476752593156
FINISH_TIME = 1476752609044
280_hadoop-0.20.1-FRFT_streamSort_2T_m300_f6_r1
SUBMIT_TIME = 1475868782743
LAUNCH_TIME = 1475868783165
MAP_PHASE_FINISH_TIME = 1475869024688
FINISH_TIME = 1475869051945
280_hadoop-0.20.1-FRFT_streamSort_2T_m300_f12_r1
SUBMIT_TIME = 1475873133874
LAUNCH_TIME = 1475873134593
MAP_PHASE_FINISH_TIME = 1475873378606
FINISH_TIME = 1475873404843
280_hadoop-0.20.1-FRFT_streamSort_2T_m300_f25_r1
SUBMIT_TIME = 1475876388563
LAUNCH_TIME = 1475876389037
MAP_PHASE_FINISH_TIME = 1475876632452
FINISH_TIME = 1475876658607
280_hadoop-0.20.1-FRFT_streamSort_2T_m300_f50_r1
SUBMIT_TIME = 1476750122363
LAUNCH_TIME = 1476750122731
MAP_PHASE_FINISH_TIME = 1476750363207
FINISH_TIME = 1476750389981
290_hadoop-0.20.1-FRFT_streamSort_2T_m300_f100_r1
SUBMIT_TIME = 1476753278531
LAUNCH_TIME = 1476753278882
MAP_PHASE_FINISH_TIME = 1476753525295
FINISH_TIME = 1476753549962
440_hadoop-0.20.1-FRFT_streamSort_2T_m500_f6_r1
SUBMIT_TIME = 1475870130578
LAUNCH_TIME = 1475870131224
MAP_PHASE_FINISH_TIME = 1475870534000
FINISH_TIME = 1475870557289
440_hadoop-0.20.1-FRFT_streamSort_2T_m500_f12_r1
SUBMIT_TIME = 1475874285344
LAUNCH_TIME = 1475874286480
MAP_PHASE_FINISH_TIME = 1475874690027
FINISH_TIME = 1475874713889
440_hadoop-0.20.1-FRFT_streamSort_2T_m500_f25_r1
SUBMIT_TIME = 1475878070973
LAUNCH_TIME = 1475878071546
MAP_PHASE_FINISH_TIME = 1475878475020
FINISH_TIME = 1475878499100
440_hadoop-0.20.1-FRFT_streamSort_2T_m500_f50_r1
SUBMIT_TIME = 1476751569476
LAUNCH_TIME = 1476751569871
MAP_PHASE_FINISH_TIME = 1476751972929
FINISH_TIME = 1476751996817
440_hadoop-0.20.1-FRFT_streamSort_2T_m500_f100_r1
SUBMIT_TIME = 1476754480456
LAUNCH_TIME = 1476754480769
MAP_PHASE_FINISH_TIME = 1476754886850
FINISH_TIME = 1476754910086
