packageJobJar: [] [/local/hadoop/hadoop-0.20.1-FRFT/contrib/streaming/hadoop-0.20.1-streaming.jar] /tmp/streamjob521603895307598805.jar tmpDir=null
total 1 jobs
Jobs in waiting state: 1
Jobs in ready state: 0
Jobs in running state: 0
Jobs in success state: 0
Jobs in failed state: 0


Jobs in waiting state: 0
Jobs in ready state: 0
Jobs in running state: 1
Jobs in success state: 0
Jobs in failed state: 0


Jobs in waiting state: 0
Jobs in ready state: 0
Jobs in running state: 1
Jobs in success state: 0
Jobs in failed state: 0


Jobs in waiting state: 0
Jobs in ready state: 0
Jobs in running state: 1
Jobs in success state: 0
Jobs in failed state: 0


Jobs in waiting state: 0
Jobs in ready state: 0
Jobs in running state: 1
Jobs in success state: 0
Jobs in failed state: 0


Jobs in waiting state: 0
Jobs in ready state: 0
Jobs in running state: 1
Jobs in success state: 0
Jobs in failed state: 0


Jobs in waiting state: 0
Jobs in ready state: 0
Jobs in running state: 1
Jobs in success state: 0
Jobs in failed state: 0


Jobs in waiting state: 0
Jobs in ready state: 0
Jobs in running state: 1
Jobs in success state: 0
Jobs in failed state: 0


Jobs in waiting state: 0
Jobs in ready state: 0
Jobs in running state: 1
Jobs in success state: 0
Jobs in failed state: 0


Jobs in waiting state: 0
Jobs in ready state: 0
Jobs in running state: 1
Jobs in success state: 0
Jobs in failed state: 0


Jobs in waiting state: 0
Jobs in ready state: 0
Jobs in running state: 1
Jobs in success state: 0
Jobs in failed state: 0


1 jobs succeeded
JobId	job_201610071633_0001
JobName	GridmixStreamingSorter.small
job_201610071633_0001.GridmixStreamingSorter.small.FileSystemCounters.FILE_BYTES_READ	13619349813
job_201610071633_0001.GridmixStreamingSorter.small.FileSystemCounters.FILE_BYTES_WRITTEN	54478317948
job_201610071633_0001.GridmixStreamingSorter.small.FileSystemCounters.HDFS_BYTES_READ	40672454043
job_201610071633_0001.GridmixStreamingSorter.small.FileSystemCounters.HDFS_BYTES_WRITTEN	13550930981
job_201610071633_0001.GridmixStreamingSorter.small.mapEndTime	1475872581664
job_201610071633_0001.GridmixStreamingSorter.small.mapExecutionTimeStats.avg	77231
job_201610071633_0001.GridmixStreamingSorter.small.mapExecutionTimeStats.max	81704
job_201610071633_0001.GridmixStreamingSorter.small.mapExecutionTimeStats.medium	77722
job_201610071633_0001.GridmixStreamingSorter.small.mapExecutionTimeStats.min	73373
job_201610071633_0001.GridmixStreamingSorter.small.mapExecutionTimeStats.numOfItems	303
job_201610071633_0001.GridmixStreamingSorter.small.mapStartTime	1475872495655
job_201610071633_0001.GridmixStreamingSorter.small.numOfMapTasks	303
job_201610071633_0001.GridmixStreamingSorter.small.numOfReduceTasks	101
job_201610071633_0001.GridmixStreamingSorter.small.org.apache.hadoop.mapred.JobInProgress$Counter.DATA_LOCAL_MAPS	204
job_201610071633_0001.GridmixStreamingSorter.small.org.apache.hadoop.mapred.JobInProgress$Counter.RACK_LOCAL_MAPS	99
job_201610071633_0001.GridmixStreamingSorter.small.org.apache.hadoop.mapred.JobInProgress$Counter.TOTAL_LAUNCHED_MAPS	303
job_201610071633_0001.GridmixStreamingSorter.small.org.apache.hadoop.mapred.JobInProgress$Counter.TOTAL_LAUNCHED_REDUCES	142
job_201610071633_0001.GridmixStreamingSorter.small.org.apache.hadoop.mapred.Task$Counter.COMBINE_INPUT_RECORDS	0
job_201610071633_0001.GridmixStreamingSorter.small.org.apache.hadoop.mapred.Task$Counter.COMBINE_OUTPUT_RECORDS	0
job_201610071633_0001.GridmixStreamingSorter.small.org.apache.hadoop.mapred.Task$Counter.MAP_INPUT_BYTES	40652792943
job_201610071633_0001.GridmixStreamingSorter.small.org.apache.hadoop.mapred.Task$Counter.MAP_INPUT_RECORDS	36450378
job_201610071633_0001.GridmixStreamingSorter.small.org.apache.hadoop.mapred.Task$Counter.MAP_OUTPUT_BYTES	40718943876
job_201610071633_0001.GridmixStreamingSorter.small.org.apache.hadoop.mapred.Task$Counter.MAP_OUTPUT_RECORDS	36450378
job_201610071633_0001.GridmixStreamingSorter.small.org.apache.hadoop.mapred.Task$Counter.REDUCE_INPUT_GROUPS	10192610
job_201610071633_0001.GridmixStreamingSorter.small.org.apache.hadoop.mapred.Task$Counter.REDUCE_INPUT_RECORDS	12150126
job_201610071633_0001.GridmixStreamingSorter.small.org.apache.hadoop.mapred.Task$Counter.REDUCE_OUTPUT_RECORDS	12150126
job_201610071633_0001.GridmixStreamingSorter.small.org.apache.hadoop.mapred.Task$Counter.REDUCE_SHUFFLE_BYTES	13484153310
job_201610071633_0001.GridmixStreamingSorter.small.org.apache.hadoop.mapred.Task$Counter.SPILLED_RECORDS	48600504
job_201610071633_0001.GridmixStreamingSorter.small.reduceEndTime	1475872597677
job_201610071633_0001.GridmixStreamingSorter.small.reduceExecutionTimeStats.avg	9244
job_201610071633_0001.GridmixStreamingSorter.small.reduceExecutionTimeStats.max	11861
job_201610071633_0001.GridmixStreamingSorter.small.reduceExecutionTimeStats.medium	9873
job_201610071633_0001.GridmixStreamingSorter.small.reduceExecutionTimeStats.min	7392
job_201610071633_0001.GridmixStreamingSorter.small.reduceExecutionTimeStats.numOfItems	101
job_201610071633_0001.GridmixStreamingSorter.small.reduceStartTime	1475872495655
job_201610071633_0001.jobStatus	successful
GridMix results:
Total num of Jobs: 1
ExecutionTime: 120
