110_hadoop-0.20.1-SE_streamSort_1T_m100_f6_r1
SUBMIT_TIME = 1475778563732
LAUNCH_TIME = 1475778564044
MAP_PHASE_FINISH_TIME = 1475778646981
FINISH_TIME = 1475778663498
120_hadoop-0.20.1-SE_streamSort_1T_m100_f12_r1
SUBMIT_TIME = 1475779504128
LAUNCH_TIME = 1475779504358
MAP_PHASE_FINISH_TIME = 1475779592173
FINISH_TIME = 1475779608690
130_hadoop-0.20.1-SE_streamSort_1T_m100_f25_r1
SUBMIT_TIME = 1475787937802
LAUNCH_TIME = 1475787938172
MAP_PHASE_FINISH_TIME = 1475788035745
FINISH_TIME = 1475788052252
150_hadoop-0.20.1-SE_streamSort_1T_m100_f50_r1
SUBMIT_TIME = 1475781916464
LAUNCH_TIME = 1475781916734
MAP_PHASE_FINISH_TIME = 1475782033821
FINISH_TIME = 1475782050338
190_hadoop-0.20.1-SE_streamSort_1T_m100_f100_r1
SUBMIT_TIME = 1475783688961
LAUNCH_TIME = 1475783689379
MAP_PHASE_FINISH_TIME = 1475783845495
FINISH_TIME = 1475783862012
280_hadoop-0.20.1-SE_streamSort_1T_m300_f6_r1
SUBMIT_TIME = 1475778975779
LAUNCH_TIME = 1475778976172
MAP_PHASE_FINISH_TIME = 1475779216536
FINISH_TIME = 1475779242373
290_hadoop-0.20.1-SE_streamSort_1T_m300_f12_r1
SUBMIT_TIME = 1475779786977
LAUNCH_TIME = 1475779787380
MAP_PHASE_FINISH_TIME = 1475780041883
FINISH_TIME = 1475780067720
320_hadoop-0.20.1-SE_streamSort_1T_m300_f25_r1
SUBMIT_TIME = 1475781417438
LAUNCH_TIME = 1475781417720
MAP_PHASE_FINISH_TIME = 1475781700501
FINISH_TIME = 1475781726338
380_hadoop-0.20.1-SE_streamSort_1T_m300_f50_r1
SUBMIT_TIME = 1475782292016
LAUNCH_TIME = 1475782292286
MAP_PHASE_FINISH_TIME = 1475782631624
FINISH_TIME = 1475782657461
490_hadoop-0.20.1-SE_streamSort_1T_m300_f100_r1
SUBMIT_TIME = 1475784032761
LAUNCH_TIME = 1475784033137
MAP_PHASE_FINISH_TIME = 1475784485587
FINISH_TIME = 1475784511424
440_hadoop-0.20.1-SE_streamSort_1T_m500_f6_r1
SUBMIT_TIME = 1475789652370
LAUNCH_TIME = 1475789652800
MAP_PHASE_FINISH_TIME = 1475790051562
FINISH_TIME = 1475790075342
460_hadoop-0.20.1-SE_streamSort_1T_m500_f12_r1
SUBMIT_TIME = 1475780518070
LAUNCH_TIME = 1475780518454
MAP_PHASE_FINISH_TIME = 1475780940672
FINISH_TIME = 1475780964452
510_hadoop-0.20.1-SE_streamSort_1T_m500_f25_r1
SUBMIT_TIME = 1475791567152
LAUNCH_TIME = 1475791567556
MAP_PHASE_FINISH_TIME = 1475792036687
FINISH_TIME = 1475792060467
600_hadoop-0.20.1-SE_streamSort_1T_m500_f50_r1
SUBMIT_TIME = 1475783022508
LAUNCH_TIME = 1475783022817
MAP_PHASE_FINISH_TIME = 1475783585773
FINISH_TIME = 1475783609555
790_hadoop-0.20.1-SE_streamSort_1T_m500_f100_r1
SUBMIT_TIME = 1475784786410
LAUNCH_TIME = 1475784786851
MAP_PHASE_FINISH_TIME = 1475785537461
FINISH_TIME = 1475785561241
