packageJobJar: [] [/local/hadoop/hadoop-0.20.1-SE/contrib/streaming/hadoop-0.20.1-streaming.jar] /tmp/streamjob3952279179496852878.jar tmpDir=null
total 1 jobs
Jobs in waiting state: 1
Jobs in ready state: 0
Jobs in running state: 0
Jobs in success state: 0
Jobs in failed state: 0


Jobs in waiting state: 0
Jobs in ready state: 0
Jobs in running state: 1
Jobs in success state: 0
Jobs in failed state: 0


Jobs in waiting state: 0
Jobs in ready state: 0
Jobs in running state: 1
Jobs in success state: 0
Jobs in failed state: 0


Jobs in waiting state: 0
Jobs in ready state: 0
Jobs in running state: 1
Jobs in success state: 0
Jobs in failed state: 0


Jobs in waiting state: 0
Jobs in ready state: 0
Jobs in running state: 1
Jobs in success state: 0
Jobs in failed state: 0


Jobs in waiting state: 0
Jobs in ready state: 0
Jobs in running state: 1
Jobs in success state: 0
Jobs in failed state: 0


Jobs in waiting state: 0
Jobs in ready state: 0
Jobs in running state: 1
Jobs in success state: 0
Jobs in failed state: 0


Jobs in waiting state: 0
Jobs in ready state: 0
Jobs in running state: 1
Jobs in success state: 0
Jobs in failed state: 0


Jobs in waiting state: 0
Jobs in ready state: 0
Jobs in running state: 1
Jobs in success state: 0
Jobs in failed state: 0


Jobs in waiting state: 0
Jobs in ready state: 0
Jobs in running state: 1
Jobs in success state: 0
Jobs in failed state: 0


Jobs in waiting state: 0
Jobs in ready state: 0
Jobs in running state: 1
Jobs in success state: 0
Jobs in failed state: 0


Jobs in waiting state: 0
Jobs in ready state: 0
Jobs in running state: 1
Jobs in success state: 0
Jobs in failed state: 0


1 jobs succeeded
JobId	job_201610061700_0001
JobName	GridmixStreamingSorter.small
job_201610061700_0001.GridmixStreamingSorter.small.FileSystemCounters.FILE_BYTES_READ	13619349813
job_201610061700_0001.GridmixStreamingSorter.small.FileSystemCounters.FILE_BYTES_WRITTEN	27239005858
job_201610061700_0001.GridmixStreamingSorter.small.FileSystemCounters.HDFS_BYTES_READ	13557484681
job_201610061700_0001.GridmixStreamingSorter.small.FileSystemCounters.HDFS_BYTES_WRITTEN	13550930981
job_201610061700_0001.GridmixStreamingSorter.small.mapEndTime	1475788035745
job_201610061700_0001.GridmixStreamingSorter.small.mapExecutionTimeStats.avg	88743
job_201610061700_0001.GridmixStreamingSorter.small.mapExecutionTimeStats.max	93340
job_201610061700_0001.GridmixStreamingSorter.small.mapExecutionTimeStats.medium	89313
job_201610061700_0001.GridmixStreamingSorter.small.mapExecutionTimeStats.min	84919
job_201610061700_0001.GridmixStreamingSorter.small.mapExecutionTimeStats.numOfItems	101
job_201610061700_0001.GridmixStreamingSorter.small.mapStartTime	1475787938172
job_201610061700_0001.GridmixStreamingSorter.small.numOfMapTasks	101
job_201610061700_0001.GridmixStreamingSorter.small.numOfReduceTasks	101
job_201610061700_0001.GridmixStreamingSorter.small.org.apache.hadoop.mapred.JobInProgress$Counter.DATA_LOCAL_MAPS	104
job_201610061700_0001.GridmixStreamingSorter.small.org.apache.hadoop.mapred.JobInProgress$Counter.RACK_LOCAL_MAPS	23
job_201610061700_0001.GridmixStreamingSorter.small.org.apache.hadoop.mapred.JobInProgress$Counter.TOTAL_LAUNCHED_MAPS	127
job_201610061700_0001.GridmixStreamingSorter.small.org.apache.hadoop.mapred.JobInProgress$Counter.TOTAL_LAUNCHED_REDUCES	115
job_201610061700_0001.GridmixStreamingSorter.small.org.apache.hadoop.mapred.Task$Counter.COMBINE_INPUT_RECORDS	0
job_201610061700_0001.GridmixStreamingSorter.small.org.apache.hadoop.mapred.Task$Counter.COMBINE_OUTPUT_RECORDS	0
job_201610061700_0001.GridmixStreamingSorter.small.org.apache.hadoop.mapred.Task$Counter.MAP_INPUT_BYTES	13550930981
job_201610061700_0001.GridmixStreamingSorter.small.org.apache.hadoop.mapred.Task$Counter.MAP_INPUT_RECORDS	12150126
job_201610061700_0001.GridmixStreamingSorter.small.org.apache.hadoop.mapred.Task$Counter.MAP_OUTPUT_BYTES	13572981292
job_201610061700_0001.GridmixStreamingSorter.small.org.apache.hadoop.mapred.Task$Counter.MAP_OUTPUT_RECORDS	12150126
job_201610061700_0001.GridmixStreamingSorter.small.org.apache.hadoop.mapred.Task$Counter.REDUCE_INPUT_GROUPS	10192610
job_201610061700_0001.GridmixStreamingSorter.small.org.apache.hadoop.mapred.Task$Counter.REDUCE_INPUT_RECORDS	12150126
job_201610061700_0001.GridmixStreamingSorter.small.org.apache.hadoop.mapred.Task$Counter.REDUCE_OUTPUT_RECORDS	12150126
job_201610061700_0001.GridmixStreamingSorter.small.org.apache.hadoop.mapred.Task$Counter.REDUCE_SHUFFLE_BYTES	13491698316
job_201610061700_0001.GridmixStreamingSorter.small.org.apache.hadoop.mapred.Task$Counter.SPILLED_RECORDS	24300252
job_201610061700_0001.GridmixStreamingSorter.small.reduceEndTime	1475788052252
job_201610061700_0001.GridmixStreamingSorter.small.reduceExecutionTimeStats.avg	9734
job_201610061700_0001.GridmixStreamingSorter.small.reduceExecutionTimeStats.max	12233
job_201610061700_0001.GridmixStreamingSorter.small.reduceExecutionTimeStats.medium	10398
job_201610061700_0001.GridmixStreamingSorter.small.reduceExecutionTimeStats.min	7621
job_201610061700_0001.GridmixStreamingSorter.small.reduceExecutionTimeStats.numOfItems	101
job_201610061700_0001.GridmixStreamingSorter.small.reduceStartTime	1475787938172
job_201610061700_0001.jobStatus	successful
GridMix results:
Total num of Jobs: 1
ExecutionTime: 130
