packageJobJar: [] [/local/hadoop/hadoop-0.20.1-SE/contrib/streaming/hadoop-0.20.1-streaming.jar] /tmp/streamjob841389744607739692.jar tmpDir=null
total 1 jobs
Jobs in waiting state: 1
Jobs in ready state: 0
Jobs in running state: 0
Jobs in success state: 0
Jobs in failed state: 0


Jobs in waiting state: 0
Jobs in ready state: 0
Jobs in running state: 1
Jobs in success state: 0
Jobs in failed state: 0


Jobs in waiting state: 0
Jobs in ready state: 0
Jobs in running state: 1
Jobs in success state: 0
Jobs in failed state: 0


Jobs in waiting state: 0
Jobs in ready state: 0
Jobs in running state: 1
Jobs in success state: 0
Jobs in failed state: 0


Jobs in waiting state: 0
Jobs in ready state: 0
Jobs in running state: 1
Jobs in success state: 0
Jobs in failed state: 0


Jobs in waiting state: 0
Jobs in ready state: 0
Jobs in running state: 1
Jobs in success state: 0
Jobs in failed state: 0


Jobs in waiting state: 0
Jobs in ready state: 0
Jobs in running state: 1
Jobs in success state: 0
Jobs in failed state: 0


Jobs in waiting state: 0
Jobs in ready state: 0
Jobs in running state: 1
Jobs in success state: 0
Jobs in failed state: 0


Jobs in waiting state: 0
Jobs in ready state: 0
Jobs in running state: 1
Jobs in success state: 0
Jobs in failed state: 0


Jobs in waiting state: 0
Jobs in ready state: 0
Jobs in running state: 1
Jobs in success state: 0
Jobs in failed state: 0


Jobs in waiting state: 0
Jobs in ready state: 0
Jobs in running state: 1
Jobs in success state: 0
Jobs in failed state: 0


Jobs in waiting state: 0
Jobs in ready state: 0
Jobs in running state: 1
Jobs in success state: 0
Jobs in failed state: 0


Jobs in waiting state: 0
Jobs in ready state: 0
Jobs in running state: 1
Jobs in success state: 0
Jobs in failed state: 0


Jobs in waiting state: 0
Jobs in ready state: 0
Jobs in running state: 1
Jobs in success state: 0
Jobs in failed state: 0


1 jobs succeeded
JobId	job_201610061524_0001
JobName	GridmixStreamingSorter.small
job_201610061524_0001.GridmixStreamingSorter.small.FileSystemCounters.FILE_BYTES_READ	13619349813
job_201610061524_0001.GridmixStreamingSorter.small.FileSystemCounters.FILE_BYTES_WRITTEN	27239005858
job_201610061524_0001.GridmixStreamingSorter.small.FileSystemCounters.HDFS_BYTES_READ	13557484681
job_201610061524_0001.GridmixStreamingSorter.small.FileSystemCounters.HDFS_BYTES_WRITTEN	13550930981
job_201610061524_0001.GridmixStreamingSorter.small.mapEndTime	1475782033821
job_201610061524_0001.GridmixStreamingSorter.small.mapExecutionTimeStats.avg	108200
job_201610061524_0001.GridmixStreamingSorter.small.mapExecutionTimeStats.max	112769
job_201610061524_0001.GridmixStreamingSorter.small.mapExecutionTimeStats.medium	108951
job_201610061524_0001.GridmixStreamingSorter.small.mapExecutionTimeStats.min	104434
job_201610061524_0001.GridmixStreamingSorter.small.mapExecutionTimeStats.numOfItems	101
job_201610061524_0001.GridmixStreamingSorter.small.mapStartTime	1475781916734
job_201610061524_0001.GridmixStreamingSorter.small.numOfMapTasks	101
job_201610061524_0001.GridmixStreamingSorter.small.numOfReduceTasks	101
job_201610061524_0001.GridmixStreamingSorter.small.org.apache.hadoop.mapred.JobInProgress$Counter.DATA_LOCAL_MAPS	110
job_201610061524_0001.GridmixStreamingSorter.small.org.apache.hadoop.mapred.JobInProgress$Counter.RACK_LOCAL_MAPS	42
job_201610061524_0001.GridmixStreamingSorter.small.org.apache.hadoop.mapred.JobInProgress$Counter.TOTAL_LAUNCHED_MAPS	152
job_201610061524_0001.GridmixStreamingSorter.small.org.apache.hadoop.mapred.JobInProgress$Counter.TOTAL_LAUNCHED_REDUCES	113
job_201610061524_0001.GridmixStreamingSorter.small.org.apache.hadoop.mapred.Task$Counter.COMBINE_INPUT_RECORDS	0
job_201610061524_0001.GridmixStreamingSorter.small.org.apache.hadoop.mapred.Task$Counter.COMBINE_OUTPUT_RECORDS	0
job_201610061524_0001.GridmixStreamingSorter.small.org.apache.hadoop.mapred.Task$Counter.MAP_INPUT_BYTES	13550930981
job_201610061524_0001.GridmixStreamingSorter.small.org.apache.hadoop.mapred.Task$Counter.MAP_INPUT_RECORDS	12150126
job_201610061524_0001.GridmixStreamingSorter.small.org.apache.hadoop.mapred.Task$Counter.MAP_OUTPUT_BYTES	13572981292
job_201610061524_0001.GridmixStreamingSorter.small.org.apache.hadoop.mapred.Task$Counter.MAP_OUTPUT_RECORDS	12150126
job_201610061524_0001.GridmixStreamingSorter.small.org.apache.hadoop.mapred.Task$Counter.REDUCE_INPUT_GROUPS	10192610
job_201610061524_0001.GridmixStreamingSorter.small.org.apache.hadoop.mapred.Task$Counter.REDUCE_INPUT_RECORDS	12150126
job_201610061524_0001.GridmixStreamingSorter.small.org.apache.hadoop.mapred.Task$Counter.REDUCE_OUTPUT_RECORDS	12150126
job_201610061524_0001.GridmixStreamingSorter.small.org.apache.hadoop.mapred.Task$Counter.REDUCE_SHUFFLE_BYTES	13484747189
job_201610061524_0001.GridmixStreamingSorter.small.org.apache.hadoop.mapred.Task$Counter.SPILLED_RECORDS	24300252
job_201610061524_0001.GridmixStreamingSorter.small.reduceEndTime	1475782050338
job_201610061524_0001.GridmixStreamingSorter.small.reduceExecutionTimeStats.avg	9838
job_201610061524_0001.GridmixStreamingSorter.small.reduceExecutionTimeStats.max	12315
job_201610061524_0001.GridmixStreamingSorter.small.reduceExecutionTimeStats.medium	10368
job_201610061524_0001.GridmixStreamingSorter.small.reduceExecutionTimeStats.min	7654
job_201610061524_0001.GridmixStreamingSorter.small.reduceExecutionTimeStats.numOfItems	101
job_201610061524_0001.GridmixStreamingSorter.small.reduceStartTime	1475781916734
job_201610061524_0001.jobStatus	successful
GridMix results:
Total num of Jobs: 1
ExecutionTime: 150
