packageJobJar: [] [/local/hadoop/hadoop-0.20.1-SE/contrib/streaming/hadoop-0.20.1-streaming.jar] /tmp/streamjob4474224803774943515.jar tmpDir=null
total 1 jobs
Jobs in waiting state: 1
Jobs in ready state: 0
Jobs in running state: 0
Jobs in success state: 0
Jobs in failed state: 0


Jobs in waiting state: 0
Jobs in ready state: 0
Jobs in running state: 1
Jobs in success state: 0
Jobs in failed state: 0


Jobs in waiting state: 0
Jobs in ready state: 0
Jobs in running state: 1
Jobs in success state: 0
Jobs in failed state: 0


Jobs in waiting state: 0
Jobs in ready state: 0
Jobs in running state: 1
Jobs in success state: 0
Jobs in failed state: 0


Jobs in waiting state: 0
Jobs in ready state: 0
Jobs in running state: 1
Jobs in success state: 0
Jobs in failed state: 0


Jobs in waiting state: 0
Jobs in ready state: 0
Jobs in running state: 1
Jobs in success state: 0
Jobs in failed state: 0


Jobs in waiting state: 0
Jobs in ready state: 0
Jobs in running state: 1
Jobs in success state: 0
Jobs in failed state: 0


Jobs in waiting state: 0
Jobs in ready state: 0
Jobs in running state: 1
Jobs in success state: 0
Jobs in failed state: 0


Jobs in waiting state: 0
Jobs in ready state: 0
Jobs in running state: 1
Jobs in success state: 0
Jobs in failed state: 0


Jobs in waiting state: 0
Jobs in ready state: 0
Jobs in running state: 1
Jobs in success state: 0
Jobs in failed state: 0


1 jobs succeeded
JobId	job_201610061428_0001
JobName	GridmixStreamingSorter.small
job_201610061428_0001.GridmixStreamingSorter.small.FileSystemCounters.FILE_BYTES_READ	13619349813
job_201610061428_0001.GridmixStreamingSorter.small.FileSystemCounters.FILE_BYTES_WRITTEN	27239005858
job_201610061428_0001.GridmixStreamingSorter.small.FileSystemCounters.HDFS_BYTES_READ	13557484681
job_201610061428_0001.GridmixStreamingSorter.small.FileSystemCounters.HDFS_BYTES_WRITTEN	13550930981
job_201610061428_0001.GridmixStreamingSorter.small.mapEndTime	1475778646981
job_201610061428_0001.GridmixStreamingSorter.small.mapExecutionTimeStats.avg	74057
job_201610061428_0001.GridmixStreamingSorter.small.mapExecutionTimeStats.max	78808
job_201610061428_0001.GridmixStreamingSorter.small.mapExecutionTimeStats.medium	74810
job_201610061428_0001.GridmixStreamingSorter.small.mapExecutionTimeStats.min	70107
job_201610061428_0001.GridmixStreamingSorter.small.mapExecutionTimeStats.numOfItems	101
job_201610061428_0001.GridmixStreamingSorter.small.mapStartTime	1475778564044
job_201610061428_0001.GridmixStreamingSorter.small.numOfMapTasks	101
job_201610061428_0001.GridmixStreamingSorter.small.numOfReduceTasks	101
job_201610061428_0001.GridmixStreamingSorter.small.org.apache.hadoop.mapred.JobInProgress$Counter.DATA_LOCAL_MAPS	94
job_201610061428_0001.GridmixStreamingSorter.small.org.apache.hadoop.mapred.JobInProgress$Counter.RACK_LOCAL_MAPS	14
job_201610061428_0001.GridmixStreamingSorter.small.org.apache.hadoop.mapred.JobInProgress$Counter.TOTAL_LAUNCHED_MAPS	108
job_201610061428_0001.GridmixStreamingSorter.small.org.apache.hadoop.mapred.JobInProgress$Counter.TOTAL_LAUNCHED_REDUCES	113
job_201610061428_0001.GridmixStreamingSorter.small.org.apache.hadoop.mapred.Task$Counter.COMBINE_INPUT_RECORDS	0
job_201610061428_0001.GridmixStreamingSorter.small.org.apache.hadoop.mapred.Task$Counter.COMBINE_OUTPUT_RECORDS	0
job_201610061428_0001.GridmixStreamingSorter.small.org.apache.hadoop.mapred.Task$Counter.MAP_INPUT_BYTES	13550930981
job_201610061428_0001.GridmixStreamingSorter.small.org.apache.hadoop.mapred.Task$Counter.MAP_INPUT_RECORDS	12150126
job_201610061428_0001.GridmixStreamingSorter.small.org.apache.hadoop.mapred.Task$Counter.MAP_OUTPUT_BYTES	13572981292
job_201610061428_0001.GridmixStreamingSorter.small.org.apache.hadoop.mapred.Task$Counter.MAP_OUTPUT_RECORDS	12150126
job_201610061428_0001.GridmixStreamingSorter.small.org.apache.hadoop.mapred.Task$Counter.REDUCE_INPUT_GROUPS	10192610
job_201610061428_0001.GridmixStreamingSorter.small.org.apache.hadoop.mapred.Task$Counter.REDUCE_INPUT_RECORDS	12150126
job_201610061428_0001.GridmixStreamingSorter.small.org.apache.hadoop.mapred.Task$Counter.REDUCE_OUTPUT_RECORDS	12150126
job_201610061428_0001.GridmixStreamingSorter.small.org.apache.hadoop.mapred.Task$Counter.REDUCE_SHUFFLE_BYTES	13483111850
job_201610061428_0001.GridmixStreamingSorter.small.org.apache.hadoop.mapred.Task$Counter.SPILLED_RECORDS	24300252
job_201610061428_0001.GridmixStreamingSorter.small.reduceEndTime	1475778663498
job_201610061428_0001.GridmixStreamingSorter.small.reduceExecutionTimeStats.avg	9883
job_201610061428_0001.GridmixStreamingSorter.small.reduceExecutionTimeStats.max	12279
job_201610061428_0001.GridmixStreamingSorter.small.reduceExecutionTimeStats.medium	10181
job_201610061428_0001.GridmixStreamingSorter.small.reduceExecutionTimeStats.min	7746
job_201610061428_0001.GridmixStreamingSorter.small.reduceExecutionTimeStats.numOfItems	101
job_201610061428_0001.GridmixStreamingSorter.small.reduceStartTime	1475778564044
job_201610061428_0001.jobStatus	successful
GridMix results:
Total num of Jobs: 1
ExecutionTime: 110
