50_hadoop-0.20.1-DCRFT_streamSort_1F_m50_f100_r1
SUBMIT_TIME = 1476226018142
LAUNCH_TIME = 1476226018864
MAP_PHASE_FINISH_TIME = 1476226042478
FINISH_TIME = 1476226055653
70_hadoop-0.20.1-DCRFT_streamSort_1F_m100_f100_r1
SUBMIT_TIME = 1476226652696
LAUNCH_TIME = 1476226653192
MAP_PHASE_FINISH_TIME = 1476226694148
FINISH_TIME = 1476226709665
110_hadoop-0.20.1-DCRFT_streamSort_1F_m200_f100_r1
SUBMIT_TIME = 1476227551391
LAUNCH_TIME = 1476227551844
MAP_PHASE_FINISH_TIME = 1476227634767
FINISH_TIME = 1476227650236
160_hadoop-0.20.1-DCRFT_streamSort_1F_m300_f100_r1
SUBMIT_TIME = 1476229431793
LAUNCH_TIME = 1476229432376
MAP_PHASE_FINISH_TIME = 1476229550972
FINISH_TIME = 1476229576809
200_hadoop-0.20.1-DCRFT_streamSort_1F_m400_f100_r1
SUBMIT_TIME = 1476231839370
LAUNCH_TIME = 1476231839954
MAP_PHASE_FINISH_TIME = 1476232000409
FINISH_TIME = 1476232025812
240_hadoop-0.20.1-DCRFT_streamSort_1F_m500_f100_r1
SUBMIT_TIME = 1476237980661
LAUNCH_TIME = 1476237981347
MAP_PHASE_FINISH_TIME = 1476238182093
FINISH_TIME = 1476238203853
50_hadoop-0.20.1-DCRFT_javaSort_1F_m50_f100_r1
SUBMIT_TIME = 1476239684392
LAUNCH_TIME = 1476239686502
MAP_PHASE_FINISH_TIME = 1476239711027
FINISH_TIME = 1476239722686
70_hadoop-0.20.1-DCRFT_javaSort_1F_m100_f100_r1
SUBMIT_TIME = 1476240338931
LAUNCH_TIME = 1476240339463
MAP_PHASE_FINISH_TIME = 1476240383830
FINISH_TIME = 1476240395602
110_hadoop-0.20.1-DCRFT_javaSort_1F_m200_f100_r1
SUBMIT_TIME = 1476241541427
LAUNCH_TIME = 1476241542075
MAP_PHASE_FINISH_TIME = 1476241624821
FINISH_TIME = 1476241639673
150_hadoop-0.20.1-DCRFT_javaSort_1F_m300_f100_r1
SUBMIT_TIME = 1476245891304
LAUNCH_TIME = 1476245892478
MAP_PHASE_FINISH_TIME = 1476246011152
FINISH_TIME = 1476246026289
190_hadoop-0.20.1-DCRFT_javaSort_1F_m400_f100_r1
SUBMIT_TIME = 1476248052009
LAUNCH_TIME = 1476248072815
MAP_PHASE_FINISH_TIME = 1476248225120
FINISH_TIME = 1476248245105
230_hadoop-0.20.1-DCRFT_javaSort_1F_m500_f100_r1
SUBMIT_TIME = 1476251037056
LAUNCH_TIME = 1476251037603
MAP_PHASE_FINISH_TIME = 1476251233505
FINISH_TIME = 1476251251308
70_hadoop-0.20.1-DCRFT_combiner_1F_m50_f100_r1
SUBMIT_TIME = 1476242376100
LAUNCH_TIME = 1476242378722
MAP_PHASE_FINISH_TIME = 1476242399048
FINISH_TIME = 1476242429897
90_hadoop-0.20.1-DCRFT_combiner_1F_m100_f100_r1
SUBMIT_TIME = 1476242816650
LAUNCH_TIME = 1476242819927
MAP_PHASE_FINISH_TIME = 1476242855164
FINISH_TIME = 1476242895585
120_hadoop-0.20.1-DCRFT_combiner_1F_m200_f100_r1
SUBMIT_TIME = 1476243613825
LAUNCH_TIME = 1476243614396
MAP_PHASE_FINISH_TIME = 1476243676633
FINISH_TIME = 1476243724583
210_hadoop-0.20.1-DCRFT_combiner_1F_m300_f100_r1
SUBMIT_TIME = 1476253660283
LAUNCH_TIME = 1476253660786
MAP_PHASE_FINISH_TIME = 1476253745845
FINISH_TIME = 1476253854091
240_hadoop-0.20.1-DCRFT_combiner_1F_m400_f100_r1
SUBMIT_TIME = 1476255695191
LAUNCH_TIME = 1476255695655
MAP_PHASE_FINISH_TIME = 1476255807560
FINISH_TIME = 1476255924684
270_hadoop-0.20.1-DCRFT_combiner_1F_m500_f100_r1
SUBMIT_TIME = 1476258244753
LAUNCH_TIME = 1476258245420
MAP_PHASE_FINISH_TIME = 1476258387166
FINISH_TIME = 1476258502269