total 1 jobs
Jobs in waiting state: 1
Jobs in ready state: 0
Jobs in running state: 0
Jobs in success state: 0
Jobs in failed state: 0


Jobs in waiting state: 0
Jobs in ready state: 0
Jobs in running state: 1
Jobs in success state: 0
Jobs in failed state: 0


Jobs in waiting state: 0
Jobs in ready state: 0
Jobs in running state: 1
Jobs in success state: 0
Jobs in failed state: 0


Jobs in waiting state: 0
Jobs in ready state: 0
Jobs in running state: 1
Jobs in success state: 0
Jobs in failed state: 0


Jobs in waiting state: 0
Jobs in ready state: 0
Jobs in running state: 1
Jobs in success state: 0
Jobs in failed state: 0


Jobs in waiting state: 0
Jobs in ready state: 0
Jobs in running state: 1
Jobs in success state: 0
Jobs in failed state: 0


Jobs in waiting state: 0
Jobs in ready state: 0
Jobs in running state: 1
Jobs in success state: 0
Jobs in failed state: 0


Jobs in waiting state: 0
Jobs in ready state: 0
Jobs in running state: 1
Jobs in success state: 0
Jobs in failed state: 0


Jobs in waiting state: 0
Jobs in ready state: 0
Jobs in running state: 1
Jobs in success state: 0
Jobs in failed state: 0


Jobs in waiting state: 0
Jobs in ready state: 0
Jobs in running state: 1
Jobs in success state: 0
Jobs in failed state: 0


1 jobs succeeded
JobId	job_201610112255_0001
JobName	GridmixJavaSorter.small
job_201610112255_0001.GridmixJavaSorter.small.FileSystemCounters.FILE_BYTES_READ	27238665646
job_201610112255_0001.GridmixJavaSorter.small.FileSystemCounters.FILE_BYTES_WRITTEN	54488168524
job_201610112255_0001.GridmixJavaSorter.small.FileSystemCounters.HDFS_BYTES_READ	27141104037
job_201610112255_0001.GridmixJavaSorter.small.FileSystemCounters.HDFS_BYTES_WRITTEN	27101847373
job_201610112255_0001.GridmixJavaSorter.small.mapEndTime	1476241624821
job_201610112255_0001.GridmixJavaSorter.small.mapExecutionTimeStats.avg	73946
job_201610112255_0001.GridmixJavaSorter.small.mapExecutionTimeStats.max	78558
job_201610112255_0001.GridmixJavaSorter.small.mapExecutionTimeStats.medium	74519
job_201610112255_0001.GridmixJavaSorter.small.mapExecutionTimeStats.min	70053
job_201610112255_0001.GridmixJavaSorter.small.mapExecutionTimeStats.numOfItems	1202
job_201610112255_0001.GridmixJavaSorter.small.mapStartTime	1476241542075
job_201610112255_0001.GridmixJavaSorter.small.numOfMapTasks	1202
job_201610112255_0001.GridmixJavaSorter.small.numOfReduceTasks	601
job_201610112255_0001.GridmixJavaSorter.small.org.apache.hadoop.mapred.JobInProgress$Counter.DATA_LOCAL_MAPS	517
job_201610112255_0001.GridmixJavaSorter.small.org.apache.hadoop.mapred.JobInProgress$Counter.RACK_LOCAL_MAPS	84
job_201610112255_0001.GridmixJavaSorter.small.org.apache.hadoop.mapred.JobInProgress$Counter.TOTAL_LAUNCHED_MAPS	601
job_201610112255_0001.GridmixJavaSorter.small.org.apache.hadoop.mapred.JobInProgress$Counter.TOTAL_LAUNCHED_REDUCES	621
job_201610112255_0001.GridmixJavaSorter.small.org.apache.hadoop.mapred.Task$Counter.COMBINE_INPUT_RECORDS	0
job_201610112255_0001.GridmixJavaSorter.small.org.apache.hadoop.mapred.Task$Counter.COMBINE_OUTPUT_RECORDS	0
job_201610112255_0001.GridmixJavaSorter.small.org.apache.hadoop.mapred.Task$Counter.MAP_INPUT_BYTES	27101847373
job_201610112255_0001.GridmixJavaSorter.small.org.apache.hadoop.mapred.Task$Counter.MAP_INPUT_RECORDS	24293042
job_201610112255_0001.GridmixJavaSorter.small.org.apache.hadoop.mapred.Task$Counter.MAP_OUTPUT_BYTES	27145944137
job_201610112255_0001.GridmixJavaSorter.small.org.apache.hadoop.mapred.Task$Counter.MAP_OUTPUT_RECORDS	24293042
job_201610112255_0001.GridmixJavaSorter.small.org.apache.hadoop.mapred.Task$Counter.REDUCE_INPUT_GROUPS	19822751
job_201610112255_0001.GridmixJavaSorter.small.org.apache.hadoop.mapred.Task$Counter.REDUCE_INPUT_RECORDS	24293042
job_201610112255_0001.GridmixJavaSorter.small.org.apache.hadoop.mapred.Task$Counter.REDUCE_OUTPUT_RECORDS	24293042
job_201610112255_0001.GridmixJavaSorter.small.org.apache.hadoop.mapred.Task$Counter.REDUCE_SHUFFLE_BYTES	27188149095
job_201610112255_0001.GridmixJavaSorter.small.org.apache.hadoop.mapred.Task$Counter.SPILLED_RECORDS	48586084
job_201610112255_0001.GridmixJavaSorter.small.reduceEndTime	1476241639673
job_201610112255_0001.GridmixJavaSorter.small.reduceExecutionTimeStats.avg	8227
job_201610112255_0001.GridmixJavaSorter.small.reduceExecutionTimeStats.max	10586
job_201610112255_0001.GridmixJavaSorter.small.reduceExecutionTimeStats.medium	8739
job_201610112255_0001.GridmixJavaSorter.small.reduceExecutionTimeStats.min	5957
job_201610112255_0001.GridmixJavaSorter.small.reduceExecutionTimeStats.numOfItems	601
job_201610112255_0001.GridmixJavaSorter.small.reduceStartTime	1476241542075
job_201610112255_0001.jobStatus	successful
GridMix results:
Total num of Jobs: 1
ExecutionTime: 110
