total 1 jobs
Jobs in waiting state: 1
Jobs in ready state: 0
Jobs in running state: 0
Jobs in success state: 0
Jobs in failed state: 0


Jobs in waiting state: 0
Jobs in ready state: 0
Jobs in running state: 1
Jobs in success state: 0
Jobs in failed state: 0


Jobs in waiting state: 0
Jobs in ready state: 0
Jobs in running state: 1
Jobs in success state: 0
Jobs in failed state: 0


Jobs in waiting state: 0
Jobs in ready state: 0
Jobs in running state: 1
Jobs in success state: 0
Jobs in failed state: 0


Jobs in waiting state: 0
Jobs in ready state: 0
Jobs in running state: 1
Jobs in success state: 0
Jobs in failed state: 0


Jobs in waiting state: 0
Jobs in ready state: 0
Jobs in running state: 1
Jobs in success state: 0
Jobs in failed state: 0


Jobs in waiting state: 0
Jobs in ready state: 0
Jobs in running state: 1
Jobs in success state: 0
Jobs in failed state: 0


Jobs in waiting state: 0
Jobs in ready state: 0
Jobs in running state: 1
Jobs in success state: 0
Jobs in failed state: 0


Jobs in waiting state: 0
Jobs in ready state: 0
Jobs in running state: 1
Jobs in success state: 0
Jobs in failed state: 0


Jobs in waiting state: 0
Jobs in ready state: 0
Jobs in running state: 1
Jobs in success state: 0
Jobs in failed state: 0


Jobs in waiting state: 0
Jobs in ready state: 0
Jobs in running state: 1
Jobs in success state: 0
Jobs in failed state: 0


Jobs in waiting state: 0
Jobs in ready state: 0
Jobs in running state: 1
Jobs in success state: 0
Jobs in failed state: 0


Jobs in waiting state: 0
Jobs in ready state: 0
Jobs in running state: 1
Jobs in success state: 0
Jobs in failed state: 0


Jobs in waiting state: 0
Jobs in ready state: 0
Jobs in running state: 1
Jobs in success state: 0
Jobs in failed state: 0


Jobs in waiting state: 0
Jobs in ready state: 0
Jobs in running state: 1
Jobs in success state: 0
Jobs in failed state: 0


Jobs in waiting state: 0
Jobs in ready state: 0
Jobs in running state: 1
Jobs in success state: 0
Jobs in failed state: 0


Jobs in waiting state: 0
Jobs in ready state: 0
Jobs in running state: 1
Jobs in success state: 0
Jobs in failed state: 0


Jobs in waiting state: 0
Jobs in ready state: 0
Jobs in running state: 1
Jobs in success state: 0
Jobs in failed state: 0


1 jobs succeeded
JobId	job_201610120033_0001
JobName	GridmixJavaSorter.small
job_201610120033_0001.GridmixJavaSorter.small.FileSystemCounters.FILE_BYTES_READ	54477350762
job_201610120033_0001.GridmixJavaSorter.small.FileSystemCounters.FILE_BYTES_WRITTEN	108998112982
job_201610120033_0001.GridmixJavaSorter.small.FileSystemCounters.HDFS_BYTES_READ	54282479835
job_201610120033_0001.GridmixJavaSorter.small.FileSystemCounters.HDFS_BYTES_WRITTEN	54203704361
job_201610120033_0001.GridmixJavaSorter.small.mapEndTime	1476248225120
job_201610120033_0001.GridmixJavaSorter.small.mapExecutionTimeStats.avg	143500
job_201610120033_0001.GridmixJavaSorter.small.mapExecutionTimeStats.max	148175
job_201610120033_0001.GridmixJavaSorter.small.mapExecutionTimeStats.medium	144021
job_201610120033_0001.GridmixJavaSorter.small.mapExecutionTimeStats.min	139405
job_201610120033_0001.GridmixJavaSorter.small.mapExecutionTimeStats.numOfItems	2406
job_201610120033_0001.GridmixJavaSorter.small.mapStartTime	1476248072815
job_201610120033_0001.GridmixJavaSorter.small.numOfMapTasks	2406
job_201610120033_0001.GridmixJavaSorter.small.numOfReduceTasks	1203
job_201610120033_0001.GridmixJavaSorter.small.org.apache.hadoop.mapred.JobInProgress$Counter.DATA_LOCAL_MAPS	1116
job_201610120033_0001.GridmixJavaSorter.small.org.apache.hadoop.mapred.JobInProgress$Counter.RACK_LOCAL_MAPS	87
job_201610120033_0001.GridmixJavaSorter.small.org.apache.hadoop.mapred.JobInProgress$Counter.TOTAL_LAUNCHED_MAPS	1203
job_201610120033_0001.GridmixJavaSorter.small.org.apache.hadoop.mapred.JobInProgress$Counter.TOTAL_LAUNCHED_REDUCES	1230
job_201610120033_0001.GridmixJavaSorter.small.org.apache.hadoop.mapred.Task$Counter.COMBINE_INPUT_RECORDS	0
job_201610120033_0001.GridmixJavaSorter.small.org.apache.hadoop.mapred.Task$Counter.COMBINE_OUTPUT_RECORDS	0
job_201610120033_0001.GridmixJavaSorter.small.org.apache.hadoop.mapred.Task$Counter.MAP_INPUT_BYTES	54203704361
job_201610120033_0001.GridmixJavaSorter.small.org.apache.hadoop.mapred.Task$Counter.MAP_INPUT_RECORDS	48591088
job_201610120033_0001.GridmixJavaSorter.small.org.apache.hadoop.mapred.Task$Counter.MAP_OUTPUT_BYTES	54291894761
job_201610120033_0001.GridmixJavaSorter.small.org.apache.hadoop.mapred.Task$Counter.MAP_OUTPUT_RECORDS	48591088
job_201610120033_0001.GridmixJavaSorter.small.org.apache.hadoop.mapred.Task$Counter.REDUCE_INPUT_GROUPS	38773946
job_201610120033_0001.GridmixJavaSorter.small.org.apache.hadoop.mapred.Task$Counter.REDUCE_INPUT_RECORDS	48591088
job_201610120033_0001.GridmixJavaSorter.small.org.apache.hadoop.mapred.Task$Counter.REDUCE_OUTPUT_RECORDS	48591088
job_201610120033_0001.GridmixJavaSorter.small.org.apache.hadoop.mapred.Task$Counter.REDUCE_SHUFFLE_BYTES	54430167054
job_201610120033_0001.GridmixJavaSorter.small.org.apache.hadoop.mapred.Task$Counter.SPILLED_RECORDS	97182176
job_201610120033_0001.GridmixJavaSorter.small.reduceEndTime	1476248245105
job_201610120033_0001.GridmixJavaSorter.small.reduceExecutionTimeStats.avg	13209
job_201610120033_0001.GridmixJavaSorter.small.reduceExecutionTimeStats.max	15883
job_201610120033_0001.GridmixJavaSorter.small.reduceExecutionTimeStats.medium	13606
job_201610120033_0001.GridmixJavaSorter.small.reduceExecutionTimeStats.min	11201
job_201610120033_0001.GridmixJavaSorter.small.reduceExecutionTimeStats.numOfItems	1203
job_201610120033_0001.GridmixJavaSorter.small.reduceStartTime	1476248072815
job_201610120033_0001.jobStatus	successful
GridMix results:
Total num of Jobs: 1
ExecutionTime: 190
