total 1 jobs
Jobs in waiting state: 1
Jobs in ready state: 0
Jobs in running state: 0
Jobs in success state: 0
Jobs in failed state: 0


Jobs in waiting state: 0
Jobs in ready state: 0
Jobs in running state: 1
Jobs in success state: 0
Jobs in failed state: 0


Jobs in waiting state: 0
Jobs in ready state: 0
Jobs in running state: 1
Jobs in success state: 0
Jobs in failed state: 0


Jobs in waiting state: 0
Jobs in ready state: 0
Jobs in running state: 1
Jobs in success state: 0
Jobs in failed state: 0


Jobs in waiting state: 0
Jobs in ready state: 0
Jobs in running state: 1
Jobs in success state: 0
Jobs in failed state: 0


Jobs in waiting state: 0
Jobs in ready state: 0
Jobs in running state: 1
Jobs in success state: 0
Jobs in failed state: 0


Jobs in waiting state: 0
Jobs in ready state: 0
Jobs in running state: 1
Jobs in success state: 0
Jobs in failed state: 0


Jobs in waiting state: 0
Jobs in ready state: 0
Jobs in running state: 1
Jobs in success state: 0
Jobs in failed state: 0


Jobs in waiting state: 0
Jobs in ready state: 0
Jobs in running state: 1
Jobs in success state: 0
Jobs in failed state: 0


Jobs in waiting state: 0
Jobs in ready state: 0
Jobs in running state: 1
Jobs in success state: 0
Jobs in failed state: 0


Jobs in waiting state: 0
Jobs in ready state: 0
Jobs in running state: 1
Jobs in success state: 0
Jobs in failed state: 0


Jobs in waiting state: 0
Jobs in ready state: 0
Jobs in running state: 1
Jobs in success state: 0
Jobs in failed state: 0


Jobs in waiting state: 0
Jobs in ready state: 0
Jobs in running state: 1
Jobs in success state: 0
Jobs in failed state: 0


Jobs in waiting state: 0
Jobs in ready state: 0
Jobs in running state: 1
Jobs in success state: 0
Jobs in failed state: 0


Jobs in waiting state: 0
Jobs in ready state: 0
Jobs in running state: 1
Jobs in success state: 0
Jobs in failed state: 0


Jobs in waiting state: 0
Jobs in ready state: 0
Jobs in running state: 1
Jobs in success state: 0
Jobs in failed state: 0


Jobs in waiting state: 0
Jobs in ready state: 0
Jobs in running state: 1
Jobs in success state: 0
Jobs in failed state: 0


Jobs in waiting state: 0
Jobs in ready state: 0
Jobs in running state: 1
Jobs in success state: 0
Jobs in failed state: 0


Jobs in waiting state: 0
Jobs in ready state: 0
Jobs in running state: 1
Jobs in success state: 0
Jobs in failed state: 0


Jobs in waiting state: 0
Jobs in ready state: 0
Jobs in running state: 1
Jobs in success state: 0
Jobs in failed state: 0


1 jobs succeeded
JobId	job_201610120210_0001
JobName	GridmixCombinerJob.small
job_201610120210_0001.GridmixCombinerJob.small.FileSystemCounters.FILE_BYTES_READ	53159046063
job_201610120210_0001.GridmixCombinerJob.small.FileSystemCounters.FILE_BYTES_WRITTEN	173820520
job_201610120210_0001.GridmixCombinerJob.small.FileSystemCounters.HDFS_BYTES_READ	40711771876
job_201610120210_0001.GridmixCombinerJob.small.FileSystemCounters.HDFS_BYTES_WRITTEN	18655
job_201610120210_0001.GridmixCombinerJob.small.mapEndTime	1476253745845
job_201610120210_0001.GridmixCombinerJob.small.mapExecutionTimeStats.avg	76337
job_201610120210_0001.GridmixCombinerJob.small.mapExecutionTimeStats.max	80871
job_201610120210_0001.GridmixCombinerJob.small.mapExecutionTimeStats.medium	76817
job_201610120210_0001.GridmixCombinerJob.small.mapExecutionTimeStats.min	72390
job_201610120210_0001.GridmixCombinerJob.small.mapExecutionTimeStats.numOfItems	1804
job_201610120210_0001.GridmixCombinerJob.small.mapStartTime	1476253660786
job_201610120210_0001.GridmixCombinerJob.small.numOfMapTasks	1804
job_201610120210_0001.GridmixCombinerJob.small.numOfReduceTasks	902
job_201610120210_0001.GridmixCombinerJob.small.org.apache.hadoop.mapred.JobInProgress$Counter.DATA_LOCAL_MAPS	829
job_201610120210_0001.GridmixCombinerJob.small.org.apache.hadoop.mapred.JobInProgress$Counter.RACK_LOCAL_MAPS	73
job_201610120210_0001.GridmixCombinerJob.small.org.apache.hadoop.mapred.JobInProgress$Counter.TOTAL_LAUNCHED_MAPS	902
job_201610120210_0001.GridmixCombinerJob.small.org.apache.hadoop.mapred.JobInProgress$Counter.TOTAL_LAUNCHED_REDUCES	933
job_201610120210_0001.GridmixCombinerJob.small.org.apache.hadoop.mapred.Task$Counter.COMBINE_INPUT_RECORDS	3813905286
job_201610120210_0001.GridmixCombinerJob.small.org.apache.hadoop.mapred.Task$Counter.COMBINE_OUTPUT_RECORDS	6310622
job_201610120210_0001.GridmixCombinerJob.small.org.apache.hadoop.mapred.Task$Counter.MAP_INPUT_BYTES	40652788575
job_201610120210_0001.GridmixCombinerJob.small.org.apache.hadoop.mapred.Task$Counter.MAP_INPUT_RECORDS	36448565
job_201610120210_0001.GridmixCombinerJob.small.org.apache.hadoop.mapred.Task$Counter.MAP_OUTPUT_BYTES	55813878101
job_201610120210_0001.GridmixCombinerJob.small.org.apache.hadoop.mapred.Task$Counter.MAP_OUTPUT_RECORDS	3808496664
job_201610120210_0001.GridmixCombinerJob.small.org.apache.hadoop.mapred.Task$Counter.REDUCE_INPUT_GROUPS	1000
job_201610120210_0001.GridmixCombinerJob.small.org.apache.hadoop.mapred.Task$Counter.REDUCE_INPUT_RECORDS	902000
job_201610120210_0001.GridmixCombinerJob.small.org.apache.hadoop.mapred.Task$Counter.REDUCE_OUTPUT_RECORDS	1000
job_201610120210_0001.GridmixCombinerJob.small.org.apache.hadoop.mapred.Task$Counter.REDUCE_SHUFFLE_BYTES	19885951
job_201610120210_0001.GridmixCombinerJob.small.org.apache.hadoop.mapred.Task$Counter.SPILLED_RECORDS	7212622
job_201610120210_0001.GridmixCombinerJob.small.reduceEndTime	1476253854091
job_201610120210_0001.GridmixCombinerJob.small.reduceExecutionTimeStats.avg	101603
job_201610120210_0001.GridmixCombinerJob.small.reduceExecutionTimeStats.max	104110
job_201610120210_0001.GridmixCombinerJob.small.reduceExecutionTimeStats.medium	101918
job_201610120210_0001.GridmixCombinerJob.small.reduceExecutionTimeStats.min	99440
job_201610120210_0001.GridmixCombinerJob.small.reduceExecutionTimeStats.numOfItems	902
job_201610120210_0001.GridmixCombinerJob.small.reduceStartTime	1476253660786
job_201610120210_0001.jobStatus	successful
GridMix results:
Total num of Jobs: 1
ExecutionTime: 210
