packageJobJar: [] [/local/hadoop/hadoop-0.20.1-DCRFT/contrib/streaming/hadoop-0.20.1-streaming.jar] /tmp/streamjob5582533915271279532.jar tmpDir=null
total 1 jobs
Jobs in waiting state: 1
Jobs in ready state: 0
Jobs in running state: 0
Jobs in success state: 0
Jobs in failed state: 0


Jobs in waiting state: 0
Jobs in ready state: 0
Jobs in running state: 1
Jobs in success state: 0
Jobs in failed state: 0


Jobs in waiting state: 0
Jobs in ready state: 0
Jobs in running state: 1
Jobs in success state: 0
Jobs in failed state: 0


Jobs in waiting state: 0
Jobs in ready state: 0
Jobs in running state: 1
Jobs in success state: 0
Jobs in failed state: 0


Jobs in waiting state: 0
Jobs in ready state: 0
Jobs in running state: 1
Jobs in success state: 0
Jobs in failed state: 0


Jobs in waiting state: 0
Jobs in ready state: 0
Jobs in running state: 1
Jobs in success state: 0
Jobs in failed state: 0


Jobs in waiting state: 0
Jobs in ready state: 0
Jobs in running state: 1
Jobs in success state: 0
Jobs in failed state: 0


Jobs in waiting state: 0
Jobs in ready state: 0
Jobs in running state: 1
Jobs in success state: 0
Jobs in failed state: 0


Jobs in waiting state: 0
Jobs in ready state: 0
Jobs in running state: 1
Jobs in success state: 0
Jobs in failed state: 0


Jobs in waiting state: 0
Jobs in ready state: 0
Jobs in running state: 1
Jobs in success state: 0
Jobs in failed state: 0


1 jobs succeeded
JobId	job_201610111903_0001
JobName	GridmixStreamingSorter.small
job_201610111903_0001.GridmixStreamingSorter.small.FileSystemCounters.FILE_BYTES_READ	27238665646
job_201610111903_0001.GridmixStreamingSorter.small.FileSystemCounters.FILE_BYTES_WRITTEN	54488168524
job_201610111903_0001.GridmixStreamingSorter.small.FileSystemCounters.HDFS_BYTES_READ	27141104037
job_201610111903_0001.GridmixStreamingSorter.small.FileSystemCounters.HDFS_BYTES_WRITTEN	27101847373
job_201610111903_0001.GridmixStreamingSorter.small.mapEndTime	1476227634767
job_201610111903_0001.GridmixStreamingSorter.small.mapExecutionTimeStats.avg	74218
job_201610111903_0001.GridmixStreamingSorter.small.mapExecutionTimeStats.max	78688
job_201610111903_0001.GridmixStreamingSorter.small.mapExecutionTimeStats.medium	74593
job_201610111903_0001.GridmixStreamingSorter.small.mapExecutionTimeStats.min	70147
job_201610111903_0001.GridmixStreamingSorter.small.mapExecutionTimeStats.numOfItems	1202
job_201610111903_0001.GridmixStreamingSorter.small.mapStartTime	1476227551844
job_201610111903_0001.GridmixStreamingSorter.small.numOfMapTasks	1202
job_201610111903_0001.GridmixStreamingSorter.small.numOfReduceTasks	601
job_201610111903_0001.GridmixStreamingSorter.small.org.apache.hadoop.mapred.JobInProgress$Counter.DATA_LOCAL_MAPS	543
job_201610111903_0001.GridmixStreamingSorter.small.org.apache.hadoop.mapred.JobInProgress$Counter.RACK_LOCAL_MAPS	58
job_201610111903_0001.GridmixStreamingSorter.small.org.apache.hadoop.mapred.JobInProgress$Counter.TOTAL_LAUNCHED_MAPS	601
job_201610111903_0001.GridmixStreamingSorter.small.org.apache.hadoop.mapred.JobInProgress$Counter.TOTAL_LAUNCHED_REDUCES	625
job_201610111903_0001.GridmixStreamingSorter.small.org.apache.hadoop.mapred.Task$Counter.COMBINE_INPUT_RECORDS	0
job_201610111903_0001.GridmixStreamingSorter.small.org.apache.hadoop.mapred.Task$Counter.COMBINE_OUTPUT_RECORDS	0
job_201610111903_0001.GridmixStreamingSorter.small.org.apache.hadoop.mapred.Task$Counter.MAP_INPUT_BYTES	27101847373
job_201610111903_0001.GridmixStreamingSorter.small.org.apache.hadoop.mapred.Task$Counter.MAP_INPUT_RECORDS	24293042
job_201610111903_0001.GridmixStreamingSorter.small.org.apache.hadoop.mapred.Task$Counter.MAP_OUTPUT_BYTES	27145944137
job_201610111903_0001.GridmixStreamingSorter.small.org.apache.hadoop.mapred.Task$Counter.MAP_OUTPUT_RECORDS	24293042
job_201610111903_0001.GridmixStreamingSorter.small.org.apache.hadoop.mapred.Task$Counter.REDUCE_INPUT_GROUPS	19822751
job_201610111903_0001.GridmixStreamingSorter.small.org.apache.hadoop.mapred.Task$Counter.REDUCE_INPUT_RECORDS	24293042
job_201610111903_0001.GridmixStreamingSorter.small.org.apache.hadoop.mapred.Task$Counter.REDUCE_OUTPUT_RECORDS	24293042
job_201610111903_0001.GridmixStreamingSorter.small.org.apache.hadoop.mapred.Task$Counter.REDUCE_SHUFFLE_BYTES	27186736973
job_201610111903_0001.GridmixStreamingSorter.small.org.apache.hadoop.mapred.Task$Counter.SPILLED_RECORDS	48586084
job_201610111903_0001.GridmixStreamingSorter.small.reduceEndTime	1476227650236
job_201610111903_0001.GridmixStreamingSorter.small.reduceExecutionTimeStats.avg	8687
job_201610111903_0001.GridmixStreamingSorter.small.reduceExecutionTimeStats.max	11176
job_201610111903_0001.GridmixStreamingSorter.small.reduceExecutionTimeStats.medium	9143
job_201610111903_0001.GridmixStreamingSorter.small.reduceExecutionTimeStats.min	6663
job_201610111903_0001.GridmixStreamingSorter.small.reduceExecutionTimeStats.numOfItems	601
job_201610111903_0001.GridmixStreamingSorter.small.reduceStartTime	1476227551844
job_201610111903_0001.jobStatus	successful
GridMix results:
Total num of Jobs: 1
ExecutionTime: 110
