total 1 jobs
Jobs in waiting state: 1
Jobs in ready state: 0
Jobs in running state: 0
Jobs in success state: 0
Jobs in failed state: 0


Jobs in waiting state: 0
Jobs in ready state: 0
Jobs in running state: 1
Jobs in success state: 0
Jobs in failed state: 0


Jobs in waiting state: 0
Jobs in ready state: 0
Jobs in running state: 1
Jobs in success state: 0
Jobs in failed state: 0


Jobs in waiting state: 0
Jobs in ready state: 0
Jobs in running state: 1
Jobs in success state: 0
Jobs in failed state: 0


Jobs in waiting state: 0
Jobs in ready state: 0
Jobs in running state: 1
Jobs in success state: 0
Jobs in failed state: 0


Jobs in waiting state: 0
Jobs in ready state: 0
Jobs in running state: 1
Jobs in success state: 0
Jobs in failed state: 0


Jobs in waiting state: 0
Jobs in ready state: 0
Jobs in running state: 1
Jobs in success state: 0
Jobs in failed state: 0


Jobs in waiting state: 0
Jobs in ready state: 0
Jobs in running state: 1
Jobs in success state: 0
Jobs in failed state: 0


1 jobs succeeded
JobId	job_201610112322_0001
JobName	GridmixCombinerJob.small
job_201610112322_0001.GridmixCombinerJob.small.FileSystemCounters.FILE_BYTES_READ	5029591258
job_201610112322_0001.GridmixCombinerJob.small.FileSystemCounters.FILE_BYTES_WRITTEN	46030755
job_201610112322_0001.GridmixCombinerJob.small.FileSystemCounters.HDFS_BYTES_READ	13570583976
job_201610112322_0001.GridmixCombinerJob.small.FileSystemCounters.HDFS_BYTES_WRITTEN	18655
job_201610112322_0001.GridmixCombinerJob.small.mapEndTime	1476242855164
job_201610112322_0001.GridmixCombinerJob.small.mapExecutionTimeStats.avg	26579
job_201610112322_0001.GridmixCombinerJob.small.mapExecutionTimeStats.max	31084
job_201610112322_0001.GridmixCombinerJob.small.mapExecutionTimeStats.medium	26879
job_201610112322_0001.GridmixCombinerJob.small.mapExecutionTimeStats.min	22443
job_201610112322_0001.GridmixCombinerJob.small.mapExecutionTimeStats.numOfItems	602
job_201610112322_0001.GridmixCombinerJob.small.mapStartTime	1476242819927
job_201610112322_0001.GridmixCombinerJob.small.numOfMapTasks	602
job_201610112322_0001.GridmixCombinerJob.small.numOfReduceTasks	301
job_201610112322_0001.GridmixCombinerJob.small.org.apache.hadoop.mapred.JobInProgress$Counter.DATA_LOCAL_MAPS	255
job_201610112322_0001.GridmixCombinerJob.small.org.apache.hadoop.mapred.JobInProgress$Counter.RACK_LOCAL_MAPS	46
job_201610112322_0001.GridmixCombinerJob.small.org.apache.hadoop.mapred.JobInProgress$Counter.TOTAL_LAUNCHED_MAPS	301
job_201610112322_0001.GridmixCombinerJob.small.org.apache.hadoop.mapred.JobInProgress$Counter.TOTAL_LAUNCHED_REDUCES	328
job_201610112322_0001.GridmixCombinerJob.small.org.apache.hadoop.mapred.Task$Counter.COMBINE_INPUT_RECORDS	1271294300
job_201610112322_0001.GridmixCombinerJob.small.org.apache.hadoop.mapred.Task$Counter.COMBINE_OUTPUT_RECORDS	2103822
job_201610112322_0001.GridmixCombinerJob.small.org.apache.hadoop.mapred.Task$Counter.MAP_INPUT_BYTES	13550922876
job_201610112322_0001.GridmixCombinerJob.small.org.apache.hadoop.mapred.Task$Counter.MAP_INPUT_RECORDS	12145899
job_201610112322_0001.GridmixCombinerJob.small.org.apache.hadoop.mapred.Task$Counter.MAP_OUTPUT_BYTES	18604596990
job_201610112322_0001.GridmixCombinerJob.small.org.apache.hadoop.mapred.Task$Counter.MAP_OUTPUT_RECORDS	1269491478
job_201610112322_0001.GridmixCombinerJob.small.org.apache.hadoop.mapred.Task$Counter.REDUCE_INPUT_GROUPS	1000
job_201610112322_0001.GridmixCombinerJob.small.org.apache.hadoop.mapred.Task$Counter.REDUCE_INPUT_RECORDS	301000
job_201610112322_0001.GridmixCombinerJob.small.org.apache.hadoop.mapred.Task$Counter.REDUCE_OUTPUT_RECORDS	1000
job_201610112322_0001.GridmixCombinerJob.small.org.apache.hadoop.mapred.Task$Counter.REDUCE_SHUFFLE_BYTES	5539879
job_201610112322_0001.GridmixCombinerJob.small.org.apache.hadoop.mapred.Task$Counter.SPILLED_RECORDS	2404822
job_201610112322_0001.GridmixCombinerJob.small.reduceEndTime	1476242895585
job_201610112322_0001.GridmixCombinerJob.small.reduceExecutionTimeStats.avg	33798
job_201610112322_0001.GridmixCombinerJob.small.reduceExecutionTimeStats.max	36289
job_201610112322_0001.GridmixCombinerJob.small.reduceExecutionTimeStats.medium	34289
job_201610112322_0001.GridmixCombinerJob.small.reduceExecutionTimeStats.min	31781
job_201610112322_0001.GridmixCombinerJob.small.reduceExecutionTimeStats.numOfItems	301
job_201610112322_0001.GridmixCombinerJob.small.reduceStartTime	1476242819927
job_201610112322_0001.jobStatus	successful
GridMix results:
Total num of Jobs: 1
ExecutionTime: 90
