90_hadoop-0.20.1-DCRFT_streamSort_2T_m100_f6_r1
SUBMIT_TIME = 1476755496599
LAUNCH_TIME = 1476755496971
MAP_PHASE_FINISH_TIME = 1476755555400
FINISH_TIME = 1476755571905
90_hadoop-0.20.1-DCRFT_streamSort_2T_m100_f12_r1
SUBMIT_TIME = 1476759172589
LAUNCH_TIME = 1476759172901
MAP_PHASE_FINISH_TIME = 1476759234856
FINISH_TIME = 1476759249345
100_hadoop-0.20.1-DCRFT_streamSort_2T_m100_f25_r1
SUBMIT_TIME = 1476762872881
LAUNCH_TIME = 1476762873251
MAP_PHASE_FINISH_TIME = 1476762941163
FINISH_TIME = 1476762955702
110_hadoop-0.20.1-DCRFT_streamSort_2T_m100_f50_r1
SUBMIT_TIME = 1476766720283
LAUNCH_TIME = 1476766720592
MAP_PHASE_FINISH_TIME = 1476766801519
FINISH_TIME = 1476766816030
140_hadoop-0.20.1-DCRFT_streamSort_2T_m100_f100_r1
SUBMIT_TIME = 1476770365776
LAUNCH_TIME = 1476770366164
MAP_PHASE_FINISH_TIME = 1476770474047
FINISH_TIME = 1476770489564
210_hadoop-0.20.1-DCRFT_streamSort_2T_m300_f6_r1
SUBMIT_TIME = 1476756381933
LAUNCH_TIME = 1476756382381
MAP_PHASE_FINISH_TIME = 1476756552642
FINISH_TIME = 1476756578474
220_hadoop-0.20.1-DCRFT_streamSort_2T_m300_f12_r1
SUBMIT_TIME = 1476760114514
LAUNCH_TIME = 1476760114853
MAP_PHASE_FINISH_TIME = 1476760295350
FINISH_TIME = 1476760321109
240_hadoop-0.20.1-DCRFT_streamSort_2T_m300_f25_r1
SUBMIT_TIME = 1476763950818
LAUNCH_TIME = 1476763951155
MAP_PHASE_FINISH_TIME = 1476764151815
FINISH_TIME = 1476764178549
280_hadoop-0.20.1-DCRFT_streamSort_2T_m300_f50_r1
SUBMIT_TIME = 1476767519007
LAUNCH_TIME = 1476767519351
MAP_PHASE_FINISH_TIME = 1476767760543
FINISH_TIME = 1476767786380
360_hadoop-0.20.1-DCRFT_streamSort_2T_m300_f100_r1
SUBMIT_TIME = 1476771401460
LAUNCH_TIME = 1476771401871
MAP_PHASE_FINISH_TIME = 1476771722105
FINISH_TIME = 1476771748969
320_hadoop-0.20.1-DCRFT_streamSort_2T_m500_f6_r1
SUBMIT_TIME = 1476758127171
LAUNCH_TIME = 1476758127561
MAP_PHASE_FINISH_TIME = 1476758408278
FINISH_TIME = 1476758433151
330_hadoop-0.20.1-DCRFT_streamSort_2T_m500_f12_r1
SUBMIT_TIME = 1476761770329
LAUNCH_TIME = 1476761770821
MAP_PHASE_FINISH_TIME = 1476762068380
FINISH_TIME = 1476762091191
370_hadoop-0.20.1-DCRFT_streamSort_2T_m500_f25_r1
SUBMIT_TIME = 1476765774097
LAUNCH_TIME = 1476765774553
MAP_PHASE_FINISH_TIME = 1476766104786
FINISH_TIME = 1476766129490
440_hadoop-0.20.1-DCRFT_streamSort_2T_m500_f50_r1
SUBMIT_TIME = 1476769325611
LAUNCH_TIME = 1476769326081
MAP_PHASE_FINISH_TIME = 1476769724534
FINISH_TIME = 1476769749292
570_hadoop-0.20.1-DCRFT_streamSort_2T_m500_f100_r1
SUBMIT_TIME = 1476772979424
LAUNCH_TIME = 1476772979890
MAP_PHASE_FINISH_TIME = 1476773510881
FINISH_TIME = 1476773534669
