packageJobJar: [] [/local/hadoop/hadoop-0.20.1-DCRFT/contrib/streaming/hadoop-0.20.1-streaming.jar] /tmp/streamjob3441990091452527188.jar tmpDir=null
total 1 jobs
Jobs in waiting state: 1
Jobs in ready state: 0
Jobs in running state: 0
Jobs in success state: 0
Jobs in failed state: 0


Jobs in waiting state: 0
Jobs in ready state: 0
Jobs in running state: 1
Jobs in success state: 0
Jobs in failed state: 0


Jobs in waiting state: 0
Jobs in ready state: 0
Jobs in running state: 1
Jobs in success state: 0
Jobs in failed state: 0


Jobs in waiting state: 0
Jobs in ready state: 0
Jobs in running state: 1
Jobs in success state: 0
Jobs in failed state: 0


Jobs in waiting state: 0
Jobs in ready state: 0
Jobs in running state: 1
Jobs in success state: 0
Jobs in failed state: 0


Jobs in waiting state: 0
Jobs in ready state: 0
Jobs in running state: 1
Jobs in success state: 0
Jobs in failed state: 0


Jobs in waiting state: 0
Jobs in ready state: 0
Jobs in running state: 1
Jobs in success state: 0
Jobs in failed state: 0


Jobs in waiting state: 0
Jobs in ready state: 0
Jobs in running state: 1
Jobs in success state: 0
Jobs in failed state: 0


Jobs in waiting state: 0
Jobs in ready state: 0
Jobs in running state: 1
Jobs in success state: 0
Jobs in failed state: 0


1 jobs succeeded
JobId	job_201610172353_0001
JobName	GridmixStreamingSorter.small
job_201610172353_0001.GridmixStreamingSorter.small.FileSystemCounters.FILE_BYTES_READ	13619321241
job_201610172353_0001.GridmixStreamingSorter.small.FileSystemCounters.FILE_BYTES_WRITTEN	44287239129
job_201610172353_0001.GridmixStreamingSorter.small.FileSystemCounters.HDFS_BYTES_READ	30552033303
job_201610172353_0001.GridmixStreamingSorter.small.FileSystemCounters.HDFS_BYTES_WRITTEN	13550922876
job_201610172353_0001.GridmixStreamingSorter.small.mapEndTime	1476762941163
job_201610172353_0001.GridmixStreamingSorter.small.mapExecutionTimeStats.avg	59193
job_201610172353_0001.GridmixStreamingSorter.small.mapExecutionTimeStats.max	63564
job_201610172353_0001.GridmixStreamingSorter.small.mapExecutionTimeStats.medium	59756
job_201610172353_0001.GridmixStreamingSorter.small.mapExecutionTimeStats.min	55125
job_201610172353_0001.GridmixStreamingSorter.small.mapExecutionTimeStats.numOfItems	903
job_201610172353_0001.GridmixStreamingSorter.small.mapStartTime	1476762873251
job_201610172353_0001.GridmixStreamingSorter.small.numOfMapTasks	903
job_201610172353_0001.GridmixStreamingSorter.small.numOfReduceTasks	301
job_201610172353_0001.GridmixStreamingSorter.small.org.apache.hadoop.mapred.JobInProgress$Counter.DATA_LOCAL_MAPS	587
job_201610172353_0001.GridmixStreamingSorter.small.org.apache.hadoop.mapred.JobInProgress$Counter.RACK_LOCAL_MAPS	91
job_201610172353_0001.GridmixStreamingSorter.small.org.apache.hadoop.mapred.JobInProgress$Counter.TOTAL_LAUNCHED_MAPS	678
job_201610172353_0001.GridmixStreamingSorter.small.org.apache.hadoop.mapred.JobInProgress$Counter.TOTAL_LAUNCHED_REDUCES	337
job_201610172353_0001.GridmixStreamingSorter.small.org.apache.hadoop.mapred.Task$Counter.COMBINE_INPUT_RECORDS	0
job_201610172353_0001.GridmixStreamingSorter.small.org.apache.hadoop.mapred.Task$Counter.COMBINE_OUTPUT_RECORDS	0
job_201610172353_0001.GridmixStreamingSorter.small.org.apache.hadoop.mapred.Task$Counter.MAP_INPUT_BYTES	30507797831
job_201610172353_0001.GridmixStreamingSorter.small.org.apache.hadoop.mapred.Task$Counter.MAP_INPUT_RECORDS	27346370
job_201610172353_0001.GridmixStreamingSorter.small.org.apache.hadoop.mapred.Task$Counter.MAP_OUTPUT_BYTES	30557428244
job_201610172353_0001.GridmixStreamingSorter.small.org.apache.hadoop.mapred.Task$Counter.MAP_OUTPUT_RECORDS	27346370
job_201610172353_0001.GridmixStreamingSorter.small.org.apache.hadoop.mapred.Task$Counter.REDUCE_INPUT_GROUPS	10189345
job_201610172353_0001.GridmixStreamingSorter.small.org.apache.hadoop.mapred.Task$Counter.REDUCE_INPUT_RECORDS	12145899
job_201610172353_0001.GridmixStreamingSorter.small.org.apache.hadoop.mapred.Task$Counter.REDUCE_OUTPUT_RECORDS	12145899
job_201610172353_0001.GridmixStreamingSorter.small.org.apache.hadoop.mapred.Task$Counter.REDUCE_SHUFFLE_BYTES	13576969345
job_201610172353_0001.GridmixStreamingSorter.small.org.apache.hadoop.mapred.Task$Counter.SPILLED_RECORDS	39492269
job_201610172353_0001.GridmixStreamingSorter.small.reduceEndTime	1476762955702
job_201610172353_0001.GridmixStreamingSorter.small.reduceExecutionTimeStats.avg	7750
job_201610172353_0001.GridmixStreamingSorter.small.reduceExecutionTimeStats.max	10234
job_201610172353_0001.GridmixStreamingSorter.small.reduceExecutionTimeStats.medium	8324
job_201610172353_0001.GridmixStreamingSorter.small.reduceExecutionTimeStats.min	5775
job_201610172353_0001.GridmixStreamingSorter.small.reduceExecutionTimeStats.numOfItems	301
job_201610172353_0001.GridmixStreamingSorter.small.reduceStartTime	1476762873251
job_201610172353_0001.jobStatus	successful
GridMix results:
Total num of Jobs: 1
ExecutionTime: 100
