packageJobJar: [] [/local/hadoop/hadoop-0.20.1-DCRFT/contrib/streaming/hadoop-0.20.1-streaming.jar] /tmp/streamjob5256463687204913435.jar tmpDir=null
total 1 jobs
Jobs in waiting state: 1
Jobs in ready state: 0
Jobs in running state: 0
Jobs in success state: 0
Jobs in failed state: 0


Jobs in waiting state: 0
Jobs in ready state: 0
Jobs in running state: 1
Jobs in success state: 0
Jobs in failed state: 0


Jobs in waiting state: 0
Jobs in ready state: 0
Jobs in running state: 1
Jobs in success state: 0
Jobs in failed state: 0


Jobs in waiting state: 0
Jobs in ready state: 0
Jobs in running state: 1
Jobs in success state: 0
Jobs in failed state: 0


Jobs in waiting state: 0
Jobs in ready state: 0
Jobs in running state: 1
Jobs in success state: 0
Jobs in failed state: 0


Jobs in waiting state: 0
Jobs in ready state: 0
Jobs in running state: 1
Jobs in success state: 0
Jobs in failed state: 0


Jobs in waiting state: 0
Jobs in ready state: 0
Jobs in running state: 1
Jobs in success state: 0
Jobs in failed state: 0


Jobs in waiting state: 0
Jobs in ready state: 0
Jobs in running state: 1
Jobs in success state: 0
Jobs in failed state: 0


Jobs in waiting state: 0
Jobs in ready state: 0
Jobs in running state: 1
Jobs in success state: 0
Jobs in failed state: 0


Jobs in waiting state: 0
Jobs in ready state: 0
Jobs in running state: 1
Jobs in success state: 0
Jobs in failed state: 0


1 jobs succeeded
JobId	job_201610180057_0001
JobName	GridmixStreamingSorter.small
job_201610180057_0001.GridmixStreamingSorter.small.FileSystemCounters.FILE_BYTES_READ	13619321241
job_201610180057_0001.GridmixStreamingSorter.small.FileSystemCounters.FILE_BYTES_WRITTEN	47686634483
job_201610180057_0001.GridmixStreamingSorter.small.FileSystemCounters.HDFS_BYTES_READ	33938606178
job_201610180057_0001.GridmixStreamingSorter.small.FileSystemCounters.HDFS_BYTES_WRITTEN	13550922876
job_201610180057_0001.GridmixStreamingSorter.small.mapEndTime	1476766801519
job_201610180057_0001.GridmixStreamingSorter.small.mapExecutionTimeStats.avg	72125
job_201610180057_0001.GridmixStreamingSorter.small.mapExecutionTimeStats.max	76718
job_201610180057_0001.GridmixStreamingSorter.small.mapExecutionTimeStats.medium	72636
job_201610180057_0001.GridmixStreamingSorter.small.mapExecutionTimeStats.min	68314
job_201610180057_0001.GridmixStreamingSorter.small.mapExecutionTimeStats.numOfItems	903
job_201610180057_0001.GridmixStreamingSorter.small.mapStartTime	1476766720592
job_201610180057_0001.GridmixStreamingSorter.small.numOfMapTasks	903
job_201610180057_0001.GridmixStreamingSorter.small.numOfReduceTasks	301
job_201610180057_0001.GridmixStreamingSorter.small.org.apache.hadoop.mapred.JobInProgress$Counter.DATA_LOCAL_MAPS	590
job_201610180057_0001.GridmixStreamingSorter.small.org.apache.hadoop.mapred.JobInProgress$Counter.RACK_LOCAL_MAPS	163
job_201610180057_0001.GridmixStreamingSorter.small.org.apache.hadoop.mapred.JobInProgress$Counter.TOTAL_LAUNCHED_MAPS	753
job_201610180057_0001.GridmixStreamingSorter.small.org.apache.hadoop.mapred.JobInProgress$Counter.TOTAL_LAUNCHED_REDUCES	344
job_201610180057_0001.GridmixStreamingSorter.small.org.apache.hadoop.mapred.Task$Counter.COMBINE_INPUT_RECORDS	0
job_201610180057_0001.GridmixStreamingSorter.small.org.apache.hadoop.mapred.Task$Counter.COMBINE_OUTPUT_RECORDS	0
job_201610180057_0001.GridmixStreamingSorter.small.org.apache.hadoop.mapred.Task$Counter.MAP_INPUT_BYTES	33889448134
job_201610180057_0001.GridmixStreamingSorter.small.org.apache.hadoop.mapred.Task$Counter.MAP_INPUT_RECORDS	30377174
job_201610180057_0001.GridmixStreamingSorter.small.org.apache.hadoop.mapred.Task$Counter.MAP_OUTPUT_BYTES	33944579209
job_201610180057_0001.GridmixStreamingSorter.small.org.apache.hadoop.mapred.Task$Counter.MAP_OUTPUT_RECORDS	30377174
job_201610180057_0001.GridmixStreamingSorter.small.org.apache.hadoop.mapred.Task$Counter.REDUCE_INPUT_GROUPS	10189345
job_201610180057_0001.GridmixStreamingSorter.small.org.apache.hadoop.mapred.Task$Counter.REDUCE_INPUT_RECORDS	12145899
job_201610180057_0001.GridmixStreamingSorter.small.org.apache.hadoop.mapred.Task$Counter.REDUCE_OUTPUT_RECORDS	12145899
job_201610180057_0001.GridmixStreamingSorter.small.org.apache.hadoop.mapred.Task$Counter.REDUCE_SHUFFLE_BYTES	13570950827
job_201610180057_0001.GridmixStreamingSorter.small.org.apache.hadoop.mapred.Task$Counter.SPILLED_RECORDS	42523073
job_201610180057_0001.GridmixStreamingSorter.small.reduceEndTime	1476766816030
job_201610180057_0001.GridmixStreamingSorter.small.reduceExecutionTimeStats.avg	7722
job_201610180057_0001.GridmixStreamingSorter.small.reduceExecutionTimeStats.max	10410
job_201610180057_0001.GridmixStreamingSorter.small.reduceExecutionTimeStats.medium	8284
job_201610180057_0001.GridmixStreamingSorter.small.reduceExecutionTimeStats.min	5748
job_201610180057_0001.GridmixStreamingSorter.small.reduceExecutionTimeStats.numOfItems	301
job_201610180057_0001.GridmixStreamingSorter.small.reduceStartTime	1476766720592
job_201610180057_0001.jobStatus	successful
GridMix results:
Total num of Jobs: 1
ExecutionTime: 110
