packageJobJar: [] [/local/hadoop/hadoop-0.20.1-DCRFT/contrib/streaming/hadoop-0.20.1-streaming.jar] /tmp/streamjob1327303697611026137.jar tmpDir=null
total 1 jobs
Jobs in waiting state: 1
Jobs in ready state: 0
Jobs in running state: 0
Jobs in success state: 0
Jobs in failed state: 0


Jobs in waiting state: 0
Jobs in ready state: 0
Jobs in running state: 1
Jobs in success state: 0
Jobs in failed state: 0


Jobs in waiting state: 0
Jobs in ready state: 0
Jobs in running state: 1
Jobs in success state: 0
Jobs in failed state: 0


Jobs in waiting state: 0
Jobs in ready state: 0
Jobs in running state: 1
Jobs in success state: 0
Jobs in failed state: 0


Jobs in waiting state: 0
Jobs in ready state: 0
Jobs in running state: 1
Jobs in success state: 0
Jobs in failed state: 0


Jobs in waiting state: 0
Jobs in ready state: 0
Jobs in running state: 1
Jobs in success state: 0
Jobs in failed state: 0


Jobs in waiting state: 0
Jobs in ready state: 0
Jobs in running state: 1
Jobs in success state: 0
Jobs in failed state: 0


Jobs in waiting state: 0
Jobs in ready state: 0
Jobs in running state: 1
Jobs in success state: 0
Jobs in failed state: 0


Jobs in waiting state: 0
Jobs in ready state: 0
Jobs in running state: 1
Jobs in success state: 0
Jobs in failed state: 0


Jobs in waiting state: 0
Jobs in ready state: 0
Jobs in running state: 1
Jobs in success state: 0
Jobs in failed state: 0


Jobs in waiting state: 0
Jobs in ready state: 0
Jobs in running state: 1
Jobs in success state: 0
Jobs in failed state: 0


Jobs in waiting state: 0
Jobs in ready state: 0
Jobs in running state: 1
Jobs in success state: 0
Jobs in failed state: 0


Jobs in waiting state: 0
Jobs in ready state: 0
Jobs in running state: 1
Jobs in success state: 0
Jobs in failed state: 0


1 jobs succeeded
JobId	job_201610180158_0001
JobName	GridmixStreamingSorter.small
job_201610180158_0001.GridmixStreamingSorter.small.FileSystemCounters.FILE_BYTES_READ	13619321241
job_201610180158_0001.GridmixStreamingSorter.small.FileSystemCounters.FILE_BYTES_WRITTEN	54485440860
job_201610180158_0001.GridmixStreamingSorter.small.FileSystemCounters.HDFS_BYTES_READ	40711751928
job_201610180158_0001.GridmixStreamingSorter.small.FileSystemCounters.HDFS_BYTES_WRITTEN	13550922876
job_201610180158_0001.GridmixStreamingSorter.small.mapEndTime	1476770474047
job_201610180158_0001.GridmixStreamingSorter.small.mapExecutionTimeStats.avg	99059
job_201610180158_0001.GridmixStreamingSorter.small.mapExecutionTimeStats.max	103664
job_201610180158_0001.GridmixStreamingSorter.small.mapExecutionTimeStats.medium	99672
job_201610180158_0001.GridmixStreamingSorter.small.mapExecutionTimeStats.min	95231
job_201610180158_0001.GridmixStreamingSorter.small.mapExecutionTimeStats.numOfItems	903
job_201610180158_0001.GridmixStreamingSorter.small.mapStartTime	1476770366164
job_201610180158_0001.GridmixStreamingSorter.small.numOfMapTasks	903
job_201610180158_0001.GridmixStreamingSorter.small.numOfReduceTasks	301
job_201610180158_0001.GridmixStreamingSorter.small.org.apache.hadoop.mapred.JobInProgress$Counter.DATA_LOCAL_MAPS	727
job_201610180158_0001.GridmixStreamingSorter.small.org.apache.hadoop.mapred.JobInProgress$Counter.RACK_LOCAL_MAPS	176
job_201610180158_0001.GridmixStreamingSorter.small.org.apache.hadoop.mapred.JobInProgress$Counter.TOTAL_LAUNCHED_MAPS	903
job_201610180158_0001.GridmixStreamingSorter.small.org.apache.hadoop.mapred.JobInProgress$Counter.TOTAL_LAUNCHED_REDUCES	340
job_201610180158_0001.GridmixStreamingSorter.small.org.apache.hadoop.mapred.Task$Counter.COMBINE_INPUT_RECORDS	0
job_201610180158_0001.GridmixStreamingSorter.small.org.apache.hadoop.mapred.Task$Counter.COMBINE_OUTPUT_RECORDS	0
job_201610180158_0001.GridmixStreamingSorter.small.org.apache.hadoop.mapred.Task$Counter.MAP_INPUT_BYTES	40652768628
job_201610180158_0001.GridmixStreamingSorter.small.org.apache.hadoop.mapred.Task$Counter.MAP_INPUT_RECORDS	36437697
job_201610180158_0001.GridmixStreamingSorter.small.org.apache.hadoop.mapred.Task$Counter.MAP_OUTPUT_BYTES	40718899935
job_201610180158_0001.GridmixStreamingSorter.small.org.apache.hadoop.mapred.Task$Counter.MAP_OUTPUT_RECORDS	36437697
job_201610180158_0001.GridmixStreamingSorter.small.org.apache.hadoop.mapred.Task$Counter.REDUCE_INPUT_GROUPS	10189345
job_201610180158_0001.GridmixStreamingSorter.small.org.apache.hadoop.mapred.Task$Counter.REDUCE_INPUT_RECORDS	12145899
job_201610180158_0001.GridmixStreamingSorter.small.org.apache.hadoop.mapred.Task$Counter.REDUCE_OUTPUT_RECORDS	12145899
job_201610180158_0001.GridmixStreamingSorter.small.org.apache.hadoop.mapred.Task$Counter.REDUCE_SHUFFLE_BYTES	13576135264
job_201610180158_0001.GridmixStreamingSorter.small.org.apache.hadoop.mapred.Task$Counter.SPILLED_RECORDS	48583596
job_201610180158_0001.GridmixStreamingSorter.small.reduceEndTime	1476770489564
job_201610180158_0001.GridmixStreamingSorter.small.reduceExecutionTimeStats.avg	8791
job_201610180158_0001.GridmixStreamingSorter.small.reduceExecutionTimeStats.max	11216
job_201610180158_0001.GridmixStreamingSorter.small.reduceExecutionTimeStats.medium	9121
job_201610180158_0001.GridmixStreamingSorter.small.reduceExecutionTimeStats.min	6754
job_201610180158_0001.GridmixStreamingSorter.small.reduceExecutionTimeStats.numOfItems	301
job_201610180158_0001.GridmixStreamingSorter.small.reduceStartTime	1476770366164
job_201610180158_0001.jobStatus	successful
GridMix results:
Total num of Jobs: 1
ExecutionTime: 140
