80_hadoop-0.20.1-BFT_streamSort_2F_m50_f100_r1
SUBMIT_TIME = 1476115507481
LAUNCH_TIME = 1476115557611
MAP_PHASE_FINISH_TIME = 1476115607741
FINISH_TIME = 1476115619423
110_hadoop-0.20.1-BFT_streamSort_2F_m100_f100_r1
SUBMIT_TIME = 1476115790949
LAUNCH_TIME = 1476115791484
MAP_PHASE_FINISH_TIME = 1476115872083
FINISH_TIME = 1476115888986
190_hadoop-0.20.1-BFT_streamSort_2F_m200_f100_r1
SUBMIT_TIME = 1476116209148
LAUNCH_TIME = 1476116209803
MAP_PHASE_FINISH_TIME = 1476116369630
FINISH_TIME = 1476116383788
280_hadoop-0.20.1-BFT_streamSort_2F_m300_f100_r1
SUBMIT_TIME = 1476116879745
LAUNCH_TIME = 1476116880222
MAP_PHASE_FINISH_TIME = 1476117116178
FINISH_TIME = 1476117142675
350_hadoop-0.20.1-BFT_streamSort_2F_m400_f100_r1
SUBMIT_TIME = 1476117986455
LAUNCH_TIME = 1476117986907
MAP_PHASE_FINISH_TIME = 1476118300452
FINISH_TIME = 1476118321615
430_hadoop-0.20.1-BFT_streamSort_2F_m500_f100_r1
SUBMIT_TIME = 1476119346562
LAUNCH_TIME = 1476119347066
MAP_PHASE_FINISH_TIME = 1476119737445
FINISH_TIME = 1476119760225
80_hadoop-0.20.1-BFT_javaSort_2F_m50_f100_r1
SUBMIT_TIME = 1476120203967
LAUNCH_TIME = 1476120204697
MAP_PHASE_FINISH_TIME = 1476120254160
FINISH_TIME = 1476120266651
110_hadoop-0.20.1-BFT_javaSort_2F_m100_f100_r1
SUBMIT_TIME = 1476120615083
LAUNCH_TIME = 1476120615611
MAP_PHASE_FINISH_TIME = 1476120700182
FINISH_TIME = 1476120711330
190_hadoop-0.20.1-BFT_javaSort_2F_m200_f100_r1
SUBMIT_TIME = 1476121154999
LAUNCH_TIME = 1476121155646
MAP_PHASE_FINISH_TIME = 1476121315941
FINISH_TIME = 1476121330969
260_hadoop-0.20.1-BFT_javaSort_2F_m300_f100_r1
SUBMIT_TIME = 1476122186357
LAUNCH_TIME = 1476122186906
MAP_PHASE_FINISH_TIME = 1476122413157
FINISH_TIME = 1476122429241
330_hadoop-0.20.1-BFT_javaSort_2F_m400_f100_r1
SUBMIT_TIME = 1476123307386
LAUNCH_TIME = 1476123308316
MAP_PHASE_FINISH_TIME = 1476123607504
FINISH_TIME = 1476123629049
420_hadoop-0.20.1-BFT_javaSort_2F_m500_f100_r1
SUBMIT_TIME = 1476125009463
LAUNCH_TIME = 1476125010017
MAP_PHASE_FINISH_TIME = 1476125391868
FINISH_TIME = 1476125416049
80_hadoop-0.20.1-BFT_combiner_2F_m50_f100_r1
SUBMIT_TIME = 1476125856214
LAUNCH_TIME = 1476125856722
MAP_PHASE_FINISH_TIME = 1476125897728
FINISH_TIME = 1476125927046
120_hadoop-0.20.1-BFT_combiner_2F_m100_f100_r1
SUBMIT_TIME = 1476126194014
LAUNCH_TIME = 1476126194654
MAP_PHASE_FINISH_TIME = 1476126259818
FINISH_TIME = 1476126301113
180_hadoop-0.20.1-BFT_combiner_2F_m200_f100_r1
SUBMIT_TIME = 1476126798753
LAUNCH_TIME = 1476126799253
MAP_PHASE_FINISH_TIME = 1476126922297
FINISH_TIME = 1476126969146
290_hadoop-0.20.1-BFT_combiner_2F_m300_f100_r1
SUBMIT_TIME = 1476127883648
LAUNCH_TIME = 1476127884193
MAP_PHASE_FINISH_TIME = 1476128052866
FINISH_TIME = 1476128159195
350_hadoop-0.20.1-BFT_combiner_2F_m400_f100_r1
SUBMIT_TIME = 1476129300818
LAUNCH_TIME = 1476129301368
MAP_PHASE_FINISH_TIME = 1476129519484
FINISH_TIME = 1476129633658
400_hadoop-0.20.1-BFT_combiner_2F_m500_f100_r1
SUBMIT_TIME = 1476130847231
LAUNCH_TIME = 1476130847776
MAP_PHASE_FINISH_TIME = 1476131118789
FINISH_TIME = 1476131233826