total 1 jobs
Jobs in waiting state: 1
Jobs in ready state: 0
Jobs in running state: 0
Jobs in success state: 0
Jobs in failed state: 0


Jobs in waiting state: 0
Jobs in ready state: 0
Jobs in running state: 1
Jobs in success state: 0
Jobs in failed state: 0


Jobs in waiting state: 0
Jobs in ready state: 0
Jobs in running state: 1
Jobs in success state: 0
Jobs in failed state: 0


Jobs in waiting state: 0
Jobs in ready state: 0
Jobs in running state: 1
Jobs in success state: 0
Jobs in failed state: 0


Jobs in waiting state: 0
Jobs in ready state: 0
Jobs in running state: 1
Jobs in success state: 0
Jobs in failed state: 0


Jobs in waiting state: 0
Jobs in ready state: 0
Jobs in running state: 1
Jobs in success state: 0
Jobs in failed state: 0


Jobs in waiting state: 0
Jobs in ready state: 0
Jobs in running state: 1
Jobs in success state: 0
Jobs in failed state: 0


Jobs in waiting state: 0
Jobs in ready state: 0
Jobs in running state: 1
Jobs in success state: 0
Jobs in failed state: 0


Jobs in waiting state: 0
Jobs in ready state: 0
Jobs in running state: 1
Jobs in success state: 0
Jobs in failed state: 0


Jobs in waiting state: 0
Jobs in ready state: 0
Jobs in running state: 1
Jobs in success state: 0
Jobs in failed state: 0


1 jobs succeeded
JobId	job_201610101325_0001
JobName	GridmixJavaSorter.small
job_201610101325_0001.GridmixJavaSorter.small.FileSystemCounters.FILE_BYTES_READ	13619349813
job_201610101325_0001.GridmixJavaSorter.small.FileSystemCounters.FILE_BYTES_WRITTEN	40858661903
job_201610101325_0001.GridmixJavaSorter.small.FileSystemCounters.HDFS_BYTES_READ	27114969362
job_201610101325_0001.GridmixJavaSorter.small.FileSystemCounters.HDFS_BYTES_WRITTEN	13550930981
job_201610101325_0001.GridmixJavaSorter.small.mapEndTime	1476120700182
job_201610101325_0001.GridmixJavaSorter.small.mapExecutionTimeStats.avg	75681
job_201610101325_0001.GridmixJavaSorter.small.mapExecutionTimeStats.max	80461
job_201610101325_0001.GridmixJavaSorter.small.mapExecutionTimeStats.medium	76261
job_201610101325_0001.GridmixJavaSorter.small.mapExecutionTimeStats.min	71848
job_201610101325_0001.GridmixJavaSorter.small.mapExecutionTimeStats.numOfItems	303
job_201610101325_0001.GridmixJavaSorter.small.mapStartTime	1476120615611
job_201610101325_0001.GridmixJavaSorter.small.numOfMapTasks	303
job_201610101325_0001.GridmixJavaSorter.small.numOfReduceTasks	101
job_201610101325_0001.GridmixJavaSorter.small.org.apache.hadoop.mapred.JobInProgress$Counter.DATA_LOCAL_MAPS	145
job_201610101325_0001.GridmixJavaSorter.small.org.apache.hadoop.mapred.JobInProgress$Counter.RACK_LOCAL_MAPS	57
job_201610101325_0001.GridmixJavaSorter.small.org.apache.hadoop.mapred.JobInProgress$Counter.TOTAL_LAUNCHED_MAPS	202
job_201610101325_0001.GridmixJavaSorter.small.org.apache.hadoop.mapred.JobInProgress$Counter.TOTAL_LAUNCHED_REDUCES	127
job_201610101325_0001.GridmixJavaSorter.small.org.apache.hadoop.mapred.Task$Counter.COMBINE_INPUT_RECORDS	0
job_201610101325_0001.GridmixJavaSorter.small.org.apache.hadoop.mapred.Task$Counter.COMBINE_OUTPUT_RECORDS	0
job_201610101325_0001.GridmixJavaSorter.small.org.apache.hadoop.mapred.Task$Counter.MAP_INPUT_BYTES	27101861962
job_201610101325_0001.GridmixJavaSorter.small.org.apache.hadoop.mapred.Task$Counter.MAP_INPUT_RECORDS	24300252
job_201610101325_0001.GridmixJavaSorter.small.org.apache.hadoop.mapred.Task$Counter.MAP_OUTPUT_BYTES	27145962584
job_201610101325_0001.GridmixJavaSorter.small.org.apache.hadoop.mapred.Task$Counter.MAP_OUTPUT_RECORDS	24300252
job_201610101325_0001.GridmixJavaSorter.small.org.apache.hadoop.mapred.Task$Counter.REDUCE_INPUT_GROUPS	10192610
job_201610101325_0001.GridmixJavaSorter.small.org.apache.hadoop.mapred.Task$Counter.REDUCE_INPUT_RECORDS	12150126
job_201610101325_0001.GridmixJavaSorter.small.org.apache.hadoop.mapred.Task$Counter.REDUCE_OUTPUT_RECORDS	12150126
job_201610101325_0001.GridmixJavaSorter.small.org.apache.hadoop.mapred.Task$Counter.REDUCE_SHUFFLE_BYTES	13486636898
job_201610101325_0001.GridmixJavaSorter.small.org.apache.hadoop.mapred.Task$Counter.SPILLED_RECORDS	36450378
job_201610101325_0001.GridmixJavaSorter.small.reduceEndTime	1476120711330
job_201610101325_0001.GridmixJavaSorter.small.reduceExecutionTimeStats.avg	4483
job_201610101325_0001.GridmixJavaSorter.small.reduceExecutionTimeStats.max	6802
job_201610101325_0001.GridmixJavaSorter.small.reduceExecutionTimeStats.medium	4999
job_201610101325_0001.GridmixJavaSorter.small.reduceExecutionTimeStats.min	2412
job_201610101325_0001.GridmixJavaSorter.small.reduceExecutionTimeStats.numOfItems	101
job_201610101325_0001.GridmixJavaSorter.small.reduceStartTime	1476120615611
job_201610101325_0001.jobStatus	successful
GridMix results:
Total num of Jobs: 1
ExecutionTime: 110
