total 1 jobs
Jobs in waiting state: 1
Jobs in ready state: 0
Jobs in running state: 0
Jobs in success state: 0
Jobs in failed state: 0


Jobs in waiting state: 0
Jobs in ready state: 0
Jobs in running state: 1
Jobs in success state: 0
Jobs in failed state: 0


Jobs in waiting state: 0
Jobs in ready state: 0
Jobs in running state: 1
Jobs in success state: 0
Jobs in failed state: 0


Jobs in waiting state: 0
Jobs in ready state: 0
Jobs in running state: 1
Jobs in success state: 0
Jobs in failed state: 0


Jobs in waiting state: 0
Jobs in ready state: 0
Jobs in running state: 1
Jobs in success state: 0
Jobs in failed state: 0


Jobs in waiting state: 0
Jobs in ready state: 0
Jobs in running state: 1
Jobs in success state: 0
Jobs in failed state: 0


Jobs in waiting state: 0
Jobs in ready state: 0
Jobs in running state: 1
Jobs in success state: 0
Jobs in failed state: 0


Jobs in waiting state: 0
Jobs in ready state: 0
Jobs in running state: 1
Jobs in success state: 0
Jobs in failed state: 0


Jobs in waiting state: 0
Jobs in ready state: 0
Jobs in running state: 1
Jobs in success state: 0
Jobs in failed state: 0


Jobs in waiting state: 0
Jobs in ready state: 0
Jobs in running state: 1
Jobs in success state: 0
Jobs in failed state: 0


Jobs in waiting state: 0
Jobs in ready state: 0
Jobs in running state: 1
Jobs in success state: 0
Jobs in failed state: 0


Jobs in waiting state: 0
Jobs in ready state: 0
Jobs in running state: 1
Jobs in success state: 0
Jobs in failed state: 0


Jobs in waiting state: 0
Jobs in ready state: 0
Jobs in running state: 1
Jobs in success state: 0
Jobs in failed state: 0


Jobs in waiting state: 0
Jobs in ready state: 0
Jobs in running state: 1
Jobs in success state: 0
Jobs in failed state: 0


Jobs in waiting state: 0
Jobs in ready state: 0
Jobs in running state: 1
Jobs in success state: 0
Jobs in failed state: 0


Jobs in waiting state: 0
Jobs in ready state: 0
Jobs in running state: 1
Jobs in success state: 0
Jobs in failed state: 0


Jobs in waiting state: 0
Jobs in ready state: 0
Jobs in running state: 1
Jobs in success state: 0
Jobs in failed state: 0


1 jobs succeeded
JobId	job_201610101505_0001
JobName	GridmixCombinerJob.small
job_201610101505_0001.GridmixCombinerJob.small.FileSystemCounters.FILE_BYTES_READ	11549616797
job_201610101505_0001.GridmixCombinerJob.small.FileSystemCounters.FILE_BYTES_WRITTEN	126996179
job_201610101505_0001.GridmixCombinerJob.small.FileSystemCounters.HDFS_BYTES_READ	54229925830
job_201610101505_0001.GridmixCombinerJob.small.FileSystemCounters.HDFS_BYTES_WRITTEN	18655
job_201610101505_0001.GridmixCombinerJob.small.mapEndTime	1476126922297
job_201610101505_0001.GridmixCombinerJob.small.mapExecutionTimeStats.avg	114265
job_201610101505_0001.GridmixCombinerJob.small.mapExecutionTimeStats.max	118880
job_201610101505_0001.GridmixCombinerJob.small.mapExecutionTimeStats.medium	114727
job_201610101505_0001.GridmixCombinerJob.small.mapExecutionTimeStats.min	110310
job_201610101505_0001.GridmixCombinerJob.small.mapExecutionTimeStats.numOfItems	603
job_201610101505_0001.GridmixCombinerJob.small.mapStartTime	1476126799253
job_201610101505_0001.GridmixCombinerJob.small.numOfMapTasks	603
job_201610101505_0001.GridmixCombinerJob.small.numOfReduceTasks	201
job_201610101505_0001.GridmixCombinerJob.small.org.apache.hadoop.mapred.JobInProgress$Counter.DATA_LOCAL_MAPS	358
job_201610101505_0001.GridmixCombinerJob.small.org.apache.hadoop.mapred.JobInProgress$Counter.RACK_LOCAL_MAPS	44
job_201610101505_0001.GridmixCombinerJob.small.org.apache.hadoop.mapred.JobInProgress$Counter.TOTAL_LAUNCHED_MAPS	402
job_201610101505_0001.GridmixCombinerJob.small.org.apache.hadoop.mapred.JobInProgress$Counter.TOTAL_LAUNCHED_REDUCES	230
job_201610101505_0001.GridmixCombinerJob.small.org.apache.hadoop.mapred.Task$Counter.COMBINE_INPUT_RECORDS	5084471538
job_201610101505_0001.GridmixCombinerJob.small.org.apache.hadoop.mapred.Task$Counter.COMBINE_OUTPUT_RECORDS	6814000
job_201610101505_0001.GridmixCombinerJob.small.org.apache.hadoop.mapred.Task$Counter.MAP_INPUT_BYTES	54203711030
job_201610101505_0001.GridmixCombinerJob.small.org.apache.hadoop.mapred.Task$Counter.MAP_INPUT_RECORDS	48593890
job_201610101505_0001.GridmixCombinerJob.small.org.apache.hadoop.mapred.Task$Counter.MAP_OUTPUT_BYTES	74418761402
job_201610101505_0001.GridmixCombinerJob.small.org.apache.hadoop.mapred.Task$Counter.MAP_OUTPUT_RECORDS	5078059538
job_201610101505_0001.GridmixCombinerJob.small.org.apache.hadoop.mapred.Task$Counter.REDUCE_INPUT_GROUPS	1000
job_201610101505_0001.GridmixCombinerJob.small.org.apache.hadoop.mapred.Task$Counter.REDUCE_INPUT_RECORDS	201000
job_201610101505_0001.GridmixCombinerJob.small.org.apache.hadoop.mapred.Task$Counter.REDUCE_OUTPUT_RECORDS	1000
job_201610101505_0001.GridmixCombinerJob.small.org.apache.hadoop.mapred.Task$Counter.REDUCE_SHUFFLE_BYTES	3572761
job_201610101505_0001.GridmixCombinerJob.small.org.apache.hadoop.mapred.Task$Counter.SPILLED_RECORDS	7015000
job_201610101505_0001.GridmixCombinerJob.small.reduceEndTime	1476126969146
job_201610101505_0001.GridmixCombinerJob.small.reduceExecutionTimeStats.avg	40095
job_201610101505_0001.GridmixCombinerJob.small.reduceExecutionTimeStats.max	42681
job_201610101505_0001.GridmixCombinerJob.small.reduceExecutionTimeStats.medium	40746
job_201610101505_0001.GridmixCombinerJob.small.reduceExecutionTimeStats.min	38200
job_201610101505_0001.GridmixCombinerJob.small.reduceExecutionTimeStats.numOfItems	201
job_201610101505_0001.GridmixCombinerJob.small.reduceStartTime	1476126799253
job_201610101505_0001.jobStatus	successful
GridMix results:
Total num of Jobs: 1
ExecutionTime: 180
