total 1 jobs
Jobs in waiting state: 1
Jobs in ready state: 0
Jobs in running state: 0
Jobs in success state: 0
Jobs in failed state: 0


Jobs in waiting state: 0
Jobs in ready state: 0
Jobs in running state: 1
Jobs in success state: 0
Jobs in failed state: 0


Jobs in waiting state: 0
Jobs in ready state: 0
Jobs in running state: 1
Jobs in success state: 0
Jobs in failed state: 0


Jobs in waiting state: 0
Jobs in ready state: 0
Jobs in running state: 1
Jobs in success state: 0
Jobs in failed state: 0


Jobs in waiting state: 0
Jobs in ready state: 0
Jobs in running state: 1
Jobs in success state: 0
Jobs in failed state: 0


Jobs in waiting state: 0
Jobs in ready state: 0
Jobs in running state: 1
Jobs in success state: 0
Jobs in failed state: 0


Jobs in waiting state: 0
Jobs in ready state: 0
Jobs in running state: 1
Jobs in success state: 0
Jobs in failed state: 0


Jobs in waiting state: 0
Jobs in ready state: 0
Jobs in running state: 1
Jobs in success state: 0
Jobs in failed state: 0


Jobs in waiting state: 0
Jobs in ready state: 0
Jobs in running state: 1
Jobs in success state: 0
Jobs in failed state: 0


Jobs in waiting state: 0
Jobs in ready state: 0
Jobs in running state: 1
Jobs in success state: 0
Jobs in failed state: 0


1 jobs succeeded
JobId	job_201610101459_0001
JobName	GridmixCombinerJob.small
job_201610101459_0001.GridmixCombinerJob.small.FileSystemCounters.FILE_BYTES_READ	2807551519
job_201610101459_0001.GridmixCombinerJob.small.FileSystemCounters.FILE_BYTES_WRITTEN	60999513
job_201610101459_0001.GridmixCombinerJob.small.FileSystemCounters.HDFS_BYTES_READ	27114969362
job_201610101459_0001.GridmixCombinerJob.small.FileSystemCounters.HDFS_BYTES_WRITTEN	18655
job_201610101459_0001.GridmixCombinerJob.small.mapEndTime	1476126259818
job_201610101459_0001.GridmixCombinerJob.small.mapExecutionTimeStats.avg	56309
job_201610101459_0001.GridmixCombinerJob.small.mapExecutionTimeStats.max	60936
job_201610101459_0001.GridmixCombinerJob.small.mapExecutionTimeStats.medium	57013
job_201610101459_0001.GridmixCombinerJob.small.mapExecutionTimeStats.min	52384
job_201610101459_0001.GridmixCombinerJob.small.mapExecutionTimeStats.numOfItems	303
job_201610101459_0001.GridmixCombinerJob.small.mapStartTime	1476126194654
job_201610101459_0001.GridmixCombinerJob.small.numOfMapTasks	303
job_201610101459_0001.GridmixCombinerJob.small.numOfReduceTasks	101
job_201610101459_0001.GridmixCombinerJob.small.org.apache.hadoop.mapred.JobInProgress$Counter.DATA_LOCAL_MAPS	134
job_201610101459_0001.GridmixCombinerJob.small.org.apache.hadoop.mapred.JobInProgress$Counter.RACK_LOCAL_MAPS	68
job_201610101459_0001.GridmixCombinerJob.small.org.apache.hadoop.mapred.JobInProgress$Counter.TOTAL_LAUNCHED_MAPS	202
job_201610101459_0001.GridmixCombinerJob.small.org.apache.hadoop.mapred.JobInProgress$Counter.TOTAL_LAUNCHED_REDUCES	137
job_201610101459_0001.GridmixCombinerJob.small.org.apache.hadoop.mapred.Task$Counter.COMBINE_INPUT_RECORDS	2542249246
job_201610101459_0001.GridmixCombinerJob.small.org.apache.hadoop.mapred.Task$Counter.COMBINE_OUTPUT_RECORDS	3408000
job_201610101459_0001.GridmixCombinerJob.small.org.apache.hadoop.mapred.Task$Counter.MAP_INPUT_BYTES	27101861962
job_201610101459_0001.GridmixCombinerJob.small.org.apache.hadoop.mapred.Task$Counter.MAP_INPUT_RECORDS	24300252
job_201610101459_0001.GridmixCombinerJob.small.org.apache.hadoop.mapred.Task$Counter.MAP_OUTPUT_BYTES	37209434442
job_201610101459_0001.GridmixCombinerJob.small.org.apache.hadoop.mapred.Task$Counter.MAP_OUTPUT_RECORDS	2539043246
job_201610101459_0001.GridmixCombinerJob.small.org.apache.hadoop.mapred.Task$Counter.REDUCE_INPUT_GROUPS	1000
job_201610101459_0001.GridmixCombinerJob.small.org.apache.hadoop.mapred.Task$Counter.REDUCE_INPUT_RECORDS	101000
job_201610101459_0001.GridmixCombinerJob.small.org.apache.hadoop.mapred.Task$Counter.REDUCE_OUTPUT_RECORDS	1000
job_201610101459_0001.GridmixCombinerJob.small.org.apache.hadoop.mapred.Task$Counter.REDUCE_SHUFFLE_BYTES	1728928
job_201610101459_0001.GridmixCombinerJob.small.org.apache.hadoop.mapred.Task$Counter.SPILLED_RECORDS	3509000
job_201610101459_0001.GridmixCombinerJob.small.reduceEndTime	1476126301113
job_201610101459_0001.GridmixCombinerJob.small.reduceExecutionTimeStats.avg	34566
job_201610101459_0001.GridmixCombinerJob.small.reduceExecutionTimeStats.max	37109
job_201610101459_0001.GridmixCombinerJob.small.reduceExecutionTimeStats.medium	35056
job_201610101459_0001.GridmixCombinerJob.small.reduceExecutionTimeStats.min	32647
job_201610101459_0001.GridmixCombinerJob.small.reduceExecutionTimeStats.numOfItems	101
job_201610101459_0001.GridmixCombinerJob.small.reduceStartTime	1476126194654
job_201610101459_0001.jobStatus	successful
GridMix results:
Total num of Jobs: 1
ExecutionTime: 120
