total 1 jobs
Jobs in waiting state: 1
Jobs in ready state: 0
Jobs in running state: 0
Jobs in success state: 0
Jobs in failed state: 0


Jobs in waiting state: 0
Jobs in ready state: 0
Jobs in running state: 1
Jobs in success state: 0
Jobs in failed state: 0


Jobs in waiting state: 0
Jobs in ready state: 0
Jobs in running state: 1
Jobs in success state: 0
Jobs in failed state: 0


Jobs in waiting state: 0
Jobs in ready state: 0
Jobs in running state: 1
Jobs in success state: 0
Jobs in failed state: 0


Jobs in waiting state: 0
Jobs in ready state: 0
Jobs in running state: 1
Jobs in success state: 0
Jobs in failed state: 0


Jobs in waiting state: 0
Jobs in ready state: 0
Jobs in running state: 1
Jobs in success state: 0
Jobs in failed state: 0


Jobs in waiting state: 0
Jobs in ready state: 0
Jobs in running state: 1
Jobs in success state: 0
Jobs in failed state: 0


Jobs in waiting state: 0
Jobs in ready state: 0
Jobs in running state: 1
Jobs in success state: 0
Jobs in failed state: 0


Jobs in waiting state: 0
Jobs in ready state: 0
Jobs in running state: 1
Jobs in success state: 0
Jobs in failed state: 0


Jobs in waiting state: 0
Jobs in ready state: 0
Jobs in running state: 1
Jobs in success state: 0
Jobs in failed state: 0


Jobs in waiting state: 0
Jobs in ready state: 0
Jobs in running state: 1
Jobs in success state: 0
Jobs in failed state: 0


Jobs in waiting state: 0
Jobs in ready state: 0
Jobs in running state: 1
Jobs in success state: 0
Jobs in failed state: 0


Jobs in waiting state: 0
Jobs in ready state: 0
Jobs in running state: 1
Jobs in success state: 0
Jobs in failed state: 0


Jobs in waiting state: 0
Jobs in ready state: 0
Jobs in running state: 1
Jobs in success state: 0
Jobs in failed state: 0


Jobs in waiting state: 0
Jobs in ready state: 0
Jobs in running state: 1
Jobs in success state: 0
Jobs in failed state: 0


Jobs in waiting state: 0
Jobs in ready state: 0
Jobs in running state: 1
Jobs in success state: 0
Jobs in failed state: 0


Jobs in waiting state: 0
Jobs in ready state: 0
Jobs in running state: 1
Jobs in success state: 0
Jobs in failed state: 0


Jobs in waiting state: 0
Jobs in ready state: 0
Jobs in running state: 1
Jobs in success state: 0
Jobs in failed state: 0


1 jobs succeeded
JobId	job_201610101333_0001
JobName	GridmixJavaSorter.small
job_201610101333_0001.GridmixJavaSorter.small.FileSystemCounters.FILE_BYTES_READ	27238686039
job_201610101333_0001.GridmixJavaSorter.small.FileSystemCounters.FILE_BYTES_WRITTEN	81718482981
job_201610101333_0001.GridmixJavaSorter.small.FileSystemCounters.HDFS_BYTES_READ	54229925830
job_201610101333_0001.GridmixJavaSorter.small.FileSystemCounters.HDFS_BYTES_WRITTEN	27101855515
job_201610101333_0001.GridmixJavaSorter.small.mapEndTime	1476121315941
job_201610101333_0001.GridmixJavaSorter.small.mapExecutionTimeStats.avg	151481
job_201610101333_0001.GridmixJavaSorter.small.mapExecutionTimeStats.max	156046
job_201610101333_0001.GridmixJavaSorter.small.mapExecutionTimeStats.medium	152017
job_201610101333_0001.GridmixJavaSorter.small.mapExecutionTimeStats.min	147476
job_201610101333_0001.GridmixJavaSorter.small.mapExecutionTimeStats.numOfItems	603
job_201610101333_0001.GridmixJavaSorter.small.mapStartTime	1476121155646
job_201610101333_0001.GridmixJavaSorter.small.numOfMapTasks	603
job_201610101333_0001.GridmixJavaSorter.small.numOfReduceTasks	201
job_201610101333_0001.GridmixJavaSorter.small.org.apache.hadoop.mapred.JobInProgress$Counter.DATA_LOCAL_MAPS	379
job_201610101333_0001.GridmixJavaSorter.small.org.apache.hadoop.mapred.JobInProgress$Counter.RACK_LOCAL_MAPS	23
job_201610101333_0001.GridmixJavaSorter.small.org.apache.hadoop.mapred.JobInProgress$Counter.TOTAL_LAUNCHED_MAPS	402
job_201610101333_0001.GridmixJavaSorter.small.org.apache.hadoop.mapred.JobInProgress$Counter.TOTAL_LAUNCHED_REDUCES	224
job_201610101333_0001.GridmixJavaSorter.small.org.apache.hadoop.mapred.Task$Counter.COMBINE_INPUT_RECORDS	0
job_201610101333_0001.GridmixJavaSorter.small.org.apache.hadoop.mapred.Task$Counter.COMBINE_OUTPUT_RECORDS	0
job_201610101333_0001.GridmixJavaSorter.small.org.apache.hadoop.mapred.Task$Counter.MAP_INPUT_BYTES	54203711030
job_201610101333_0001.GridmixJavaSorter.small.org.apache.hadoop.mapred.Task$Counter.MAP_INPUT_RECORDS	48593890
job_201610101333_0001.GridmixJavaSorter.small.org.apache.hadoop.mapred.Task$Counter.MAP_OUTPUT_BYTES	54291911736
job_201610101333_0001.GridmixJavaSorter.small.org.apache.hadoop.mapred.Task$Counter.MAP_OUTPUT_RECORDS	48593890
job_201610101333_0001.GridmixJavaSorter.small.org.apache.hadoop.mapred.Task$Counter.REDUCE_INPUT_GROUPS	19830222
job_201610101333_0001.GridmixJavaSorter.small.org.apache.hadoop.mapred.Task$Counter.REDUCE_INPUT_RECORDS	24296945
job_201610101333_0001.GridmixJavaSorter.small.org.apache.hadoop.mapred.Task$Counter.REDUCE_OUTPUT_RECORDS	24296945
job_201610101333_0001.GridmixJavaSorter.small.org.apache.hadoop.mapred.Task$Counter.REDUCE_SHUFFLE_BYTES	27115854907
job_201610101333_0001.GridmixJavaSorter.small.org.apache.hadoop.mapred.Task$Counter.SPILLED_RECORDS	72890835
job_201610101333_0001.GridmixJavaSorter.small.reduceEndTime	1476121330969
job_201610101333_0001.GridmixJavaSorter.small.reduceExecutionTimeStats.avg	8383
job_201610101333_0001.GridmixJavaSorter.small.reduceExecutionTimeStats.max	10687
job_201610101333_0001.GridmixJavaSorter.small.reduceExecutionTimeStats.medium	8883
job_201610101333_0001.GridmixJavaSorter.small.reduceExecutionTimeStats.min	6272
job_201610101333_0001.GridmixJavaSorter.small.reduceExecutionTimeStats.numOfItems	201
job_201610101333_0001.GridmixJavaSorter.small.reduceStartTime	1476121155646
job_201610101333_0001.jobStatus	successful
GridMix results:
Total num of Jobs: 1
ExecutionTime: 190
