80_hadoop-0.20.1-DCRFT_streamSort_1T_m100_f6_r1
SUBMIT_TIME = 1476473691402
LAUNCH_TIME = 1476473691921
MAP_PHASE_FINISH_TIME = 1476473736699
FINISH_TIME = 1476473753727
80_hadoop-0.20.1-DCRFT_streamSort_1T_m100_f12_r1
SUBMIT_TIME = 1476479959805
LAUNCH_TIME = 1476479960296
MAP_PHASE_FINISH_TIME = 1476480007497
FINISH_TIME = 1476480023803
80_hadoop-0.20.1-DCRFT_streamSort_1T_m100_f25_r1
SUBMIT_TIME = 1476486446258
LAUNCH_TIME = 1476486446784
MAP_PHASE_FINISH_TIME = 1476486500229
FINISH_TIME = 1476486515080
90_hadoop-0.20.1-DCRFT_streamSort_1T_m100_f50_r1
SUBMIT_TIME = 1476493134311
LAUNCH_TIME = 1476493134711
MAP_PHASE_FINISH_TIME = 1476493197745
FINISH_TIME = 1476493215162
110_hadoop-0.20.1-DCRFT_streamSort_1T_m100_f100_r1
SUBMIT_TIME = 1476500162274
LAUNCH_TIME = 1476500162750
MAP_PHASE_FINISH_TIME = 1476500244882
FINISH_TIME = 1476500262289
170_hadoop-0.20.1-DCRFT_streamSort_1T_m300_f6_r1
SUBMIT_TIME = 1476513625755
LAUNCH_TIME = 1476513626388
MAP_PHASE_FINISH_TIME = 1476513754479
FINISH_TIME = 1476513780721
170_hadoop-0.20.1-DCRFT_streamSort_1T_m300_f12_r1
SUBMIT_TIME = 1476481744098
LAUNCH_TIME = 1476481744526
MAP_PHASE_FINISH_TIME = 1476481880105
FINISH_TIME = 1476481905158
190_hadoop-0.20.1-DCRFT_streamSort_1T_m300_f25_r1
SUBMIT_TIME = 1476488316932
LAUNCH_TIME = 1476488317462
MAP_PHASE_FINISH_TIME = 1476488467521
FINISH_TIME = 1476488492790
220_hadoop-0.20.1-DCRFT_streamSort_1T_m300_f50_r1
SUBMIT_TIME = 1476494857346
LAUNCH_TIME = 1476494857693
MAP_PHASE_FINISH_TIME = 1476495038626
FINISH_TIME = 1476495064825
280_hadoop-0.20.1-DCRFT_streamSort_1T_m300_f100_r1
SUBMIT_TIME = 1476517142788
LAUNCH_TIME = 1476517143209
MAP_PHASE_FINISH_TIME = 1476517383382
FINISH_TIME = 1476517410238
250_hadoop-0.20.1-DCRFT_streamSort_1T_m500_f6_r1
SUBMIT_TIME = 1476478467936
LAUNCH_TIME = 1476478468374
MAP_PHASE_FINISH_TIME = 1476478681717
FINISH_TIME = 1476478704688
270_hadoop-0.20.1-DCRFT_streamSort_1T_m500_f12_r1
SUBMIT_TIME = 1476484875493
LAUNCH_TIME = 1476484876149
MAP_PHASE_FINISH_TIME = 1476485102578
FINISH_TIME = 1476485127927
290_hadoop-0.20.1-DCRFT_streamSort_1T_m500_f25_r1
SUBMIT_TIME = 1476491541831
LAUNCH_TIME = 1476491542410
MAP_PHASE_FINISH_TIME = 1476491795275
FINISH_TIME = 1476491820405
340_hadoop-0.20.1-DCRFT_streamSort_1T_m500_f50_r1
SUBMIT_TIME = 1476497926359
LAUNCH_TIME = 1476497926877
MAP_PHASE_FINISH_TIME = 1476498227747
FINISH_TIME = 1476498255304
440_hadoop-0.20.1-DCRFT_streamSort_1T_m500_f100_r1
SUBMIT_TIME = 1476508926140
LAUNCH_TIME = 1476508926744
MAP_PHASE_FINISH_TIME = 1476509324278
FINISH_TIME = 1476509351034
