packageJobJar: [] [/local/hadoop/hadoop-0.20.1-DCRFT/contrib/streaming/hadoop-0.20.1-streaming.jar] /tmp/streamjob1963621358915125149.jar tmpDir=null
total 1 jobs
Jobs in waiting state: 1
Jobs in ready state: 0
Jobs in running state: 0
Jobs in success state: 0
Jobs in failed state: 0


Jobs in waiting state: 0
Jobs in ready state: 0
Jobs in running state: 1
Jobs in success state: 0
Jobs in failed state: 0


Jobs in waiting state: 0
Jobs in ready state: 0
Jobs in running state: 1
Jobs in success state: 0
Jobs in failed state: 0


Jobs in waiting state: 0
Jobs in ready state: 0
Jobs in running state: 1
Jobs in success state: 0
Jobs in failed state: 0


Jobs in waiting state: 0
Jobs in ready state: 0
Jobs in running state: 1
Jobs in success state: 0
Jobs in failed state: 0


Jobs in waiting state: 0
Jobs in ready state: 0
Jobs in running state: 1
Jobs in success state: 0
Jobs in failed state: 0


Jobs in waiting state: 0
Jobs in ready state: 0
Jobs in running state: 1
Jobs in success state: 0
Jobs in failed state: 0


Jobs in waiting state: 0
Jobs in ready state: 0
Jobs in running state: 1
Jobs in success state: 0
Jobs in failed state: 0


1 jobs succeeded
JobId	job_201610142051_0001
JobName	GridmixStreamingSorter.small
job_201610142051_0001.GridmixStreamingSorter.small.FileSystemCounters.FILE_BYTES_READ	13619321241
job_201610142051_0001.GridmixStreamingSorter.small.FileSystemCounters.FILE_BYTES_WRITTEN	34064594610
job_201610142051_0001.GridmixStreamingSorter.small.FileSystemCounters.HDFS_BYTES_READ	20368022202
job_201610142051_0001.GridmixStreamingSorter.small.FileSystemCounters.HDFS_BYTES_WRITTEN	13550922876
job_201610142051_0001.GridmixStreamingSorter.small.mapEndTime	1476493197745
job_201610142051_0001.GridmixStreamingSorter.small.mapExecutionTimeStats.avg	54367
job_201610142051_0001.GridmixStreamingSorter.small.mapExecutionTimeStats.max	58861
job_201610142051_0001.GridmixStreamingSorter.small.mapExecutionTimeStats.medium	54690
job_201610142051_0001.GridmixStreamingSorter.small.mapExecutionTimeStats.min	50429
job_201610142051_0001.GridmixStreamingSorter.small.mapExecutionTimeStats.numOfItems	602
job_201610142051_0001.GridmixStreamingSorter.small.mapStartTime	1476493134711
job_201610142051_0001.GridmixStreamingSorter.small.numOfMapTasks	602
job_201610142051_0001.GridmixStreamingSorter.small.numOfReduceTasks	301
job_201610142051_0001.GridmixStreamingSorter.small.org.apache.hadoop.mapred.JobInProgress$Counter.DATA_LOCAL_MAPS	377
job_201610142051_0001.GridmixStreamingSorter.small.org.apache.hadoop.mapred.JobInProgress$Counter.RACK_LOCAL_MAPS	75
job_201610142051_0001.GridmixStreamingSorter.small.org.apache.hadoop.mapred.JobInProgress$Counter.TOTAL_LAUNCHED_MAPS	452
job_201610142051_0001.GridmixStreamingSorter.small.org.apache.hadoop.mapred.JobInProgress$Counter.TOTAL_LAUNCHED_REDUCES	324
job_201610142051_0001.GridmixStreamingSorter.small.org.apache.hadoop.mapred.Task$Counter.COMBINE_INPUT_RECORDS	0
job_201610142051_0001.GridmixStreamingSorter.small.org.apache.hadoop.mapred.Task$Counter.COMBINE_OUTPUT_RECORDS	0
job_201610142051_0001.GridmixStreamingSorter.small.org.apache.hadoop.mapred.Task$Counter.MAP_INPUT_BYTES	20338525258
job_201610142051_0001.GridmixStreamingSorter.small.org.apache.hadoop.mapred.Task$Counter.MAP_INPUT_RECORDS	18231275
job_201610142051_0001.GridmixStreamingSorter.small.org.apache.hadoop.mapred.Task$Counter.MAP_OUTPUT_BYTES	20371612564
job_201610142051_0001.GridmixStreamingSorter.small.org.apache.hadoop.mapred.Task$Counter.MAP_OUTPUT_RECORDS	18231275
job_201610142051_0001.GridmixStreamingSorter.small.org.apache.hadoop.mapred.Task$Counter.REDUCE_INPUT_GROUPS	10189345
job_201610142051_0001.GridmixStreamingSorter.small.org.apache.hadoop.mapred.Task$Counter.REDUCE_INPUT_RECORDS	12145899
job_201610142051_0001.GridmixStreamingSorter.small.org.apache.hadoop.mapred.Task$Counter.REDUCE_OUTPUT_RECORDS	12145899
job_201610142051_0001.GridmixStreamingSorter.small.org.apache.hadoop.mapred.Task$Counter.REDUCE_SHUFFLE_BYTES	13572086878
job_201610142051_0001.GridmixStreamingSorter.small.org.apache.hadoop.mapred.Task$Counter.SPILLED_RECORDS	30377174
job_201610142051_0001.GridmixStreamingSorter.small.reduceEndTime	1476493215162
job_201610142051_0001.GridmixStreamingSorter.small.reduceExecutionTimeStats.avg	10639
job_201610142051_0001.GridmixStreamingSorter.small.reduceExecutionTimeStats.max	13042
job_201610142051_0001.GridmixStreamingSorter.small.reduceExecutionTimeStats.medium	11172
job_201610142051_0001.GridmixStreamingSorter.small.reduceExecutionTimeStats.min	8771
job_201610142051_0001.GridmixStreamingSorter.small.reduceExecutionTimeStats.numOfItems	301
job_201610142051_0001.GridmixStreamingSorter.small.reduceStartTime	1476493134711
job_201610142051_0001.jobStatus	successful
GridMix results:
Total num of Jobs: 1
ExecutionTime: 90
