110_hadoop-0.20.1-FRFT_streamSort_1T_m100_f6_r1
SUBMIT_TIME = 1476188257750
LAUNCH_TIME = 1476188258245
MAP_PHASE_FINISH_TIME = 1476188338352
FINISH_TIME = 1476188354771
110_hadoop-0.20.1-FRFT_streamSort_1T_m100_f12_r1
SUBMIT_TIME = 1476194190213
LAUNCH_TIME = 1476194190752
MAP_PHASE_FINISH_TIME = 1476194270761
FINISH_TIME = 1476194287478
110_hadoop-0.20.1-FRFT_streamSort_1T_m100_f25_r1
SUBMIT_TIME = 1476200089949
LAUNCH_TIME = 1476200090366
MAP_PHASE_FINISH_TIME = 1476200171387
FINISH_TIME = 1476200187803
110_hadoop-0.20.1-FRFT_streamSort_1T_m100_f50_r1
SUBMIT_TIME = 1476205919718
LAUNCH_TIME = 1476205920301
MAP_PHASE_FINISH_TIME = 1476206000180
FINISH_TIME = 1476206016235
110_hadoop-0.20.1-FRFT_streamSort_1T_m100_f100_r1
SUBMIT_TIME = 1476211806113
LAUNCH_TIME = 1476211806643
MAP_PHASE_FINISH_TIME = 1476211886661
FINISH_TIME = 1476211902919
270_hadoop-0.20.1-FRFT_streamSort_1T_m300_f6_r1
SUBMIT_TIME = 1476189594222
LAUNCH_TIME = 1476189594753
MAP_PHASE_FINISH_TIME = 1476189826634
FINISH_TIME = 1476189852657
270_hadoop-0.20.1-FRFT_streamSort_1T_m300_f12_r1
SUBMIT_TIME = 1476195432698
LAUNCH_TIME = 1476195433382
MAP_PHASE_FINISH_TIME = 1476195664062
FINISH_TIME = 1476195691100
270_hadoop-0.20.1-FRFT_streamSort_1T_m300_f25_r1
SUBMIT_TIME = 1476201287553
LAUNCH_TIME = 1476201288099
MAP_PHASE_FINISH_TIME = 1476201519980
FINISH_TIME = 1476201544921
270_hadoop-0.20.1-FRFT_streamSort_1T_m300_f50_r1
SUBMIT_TIME = 1476207308419
LAUNCH_TIME = 1476207308973
MAP_PHASE_FINISH_TIME = 1476207541080
FINISH_TIME = 1476207567891
270_hadoop-0.20.1-FRFT_streamSort_1T_m300_f100_r1
SUBMIT_TIME = 1476213467412
LAUNCH_TIME = 1476213468057
MAP_PHASE_FINISH_TIME = 1476213698858
FINISH_TIME = 1476213724374
420_hadoop-0.20.1-FRFT_streamSort_1T_m500_f6_r1
SUBMIT_TIME = 1476192445196
LAUNCH_TIME = 1476192445975
MAP_PHASE_FINISH_TIME = 1476192830663
FINISH_TIME = 1476192852433
420_hadoop-0.20.1-FRFT_streamSort_1T_m500_f12_r1
SUBMIT_TIME = 1476198086641
LAUNCH_TIME = 1476198087627
MAP_PHASE_FINISH_TIME = 1476198473523
FINISH_TIME = 1476198496095
420_hadoop-0.20.1-FRFT_streamSort_1T_m500_f25_r1
SUBMIT_TIME = 1476203996767
LAUNCH_TIME = 1476203997351
MAP_PHASE_FINISH_TIME = 1476204382554
FINISH_TIME = 1476204404362
420_hadoop-0.20.1-FRFT_streamSort_1T_m500_f50_r1
SUBMIT_TIME = 1476219822565
LAUNCH_TIME = 1476219823168
MAP_PHASE_FINISH_TIME = 1476220208267
FINISH_TIME = 1476220231701
420_hadoop-0.20.1-FRFT_streamSort_1T_m500_f100_r1
SUBMIT_TIME = 1476223097266
LAUNCH_TIME = 1476223097777
MAP_PHASE_FINISH_TIME = 1476223482576
FINISH_TIME = 1476223503786
