packageJobJar: [] [/local/hadoop/hadoop-0.20.1-FRFT/contrib/streaming/hadoop-0.20.1-streaming.jar] /tmp/streamjob2137168275962613313.jar tmpDir=null
total 1 jobs
Jobs in waiting state: 1
Jobs in ready state: 0
Jobs in running state: 0
Jobs in success state: 0
Jobs in failed state: 0


Jobs in waiting state: 0
Jobs in ready state: 0
Jobs in running state: 1
Jobs in success state: 0
Jobs in failed state: 0


Jobs in waiting state: 0
Jobs in ready state: 0
Jobs in running state: 1
Jobs in success state: 0
Jobs in failed state: 0


Jobs in waiting state: 0
Jobs in ready state: 0
Jobs in running state: 1
Jobs in success state: 0
Jobs in failed state: 0


Jobs in waiting state: 0
Jobs in ready state: 0
Jobs in running state: 1
Jobs in success state: 0
Jobs in failed state: 0


Jobs in waiting state: 0
Jobs in ready state: 0
Jobs in running state: 1
Jobs in success state: 0
Jobs in failed state: 0


Jobs in waiting state: 0
Jobs in ready state: 0
Jobs in running state: 1
Jobs in success state: 0
Jobs in failed state: 0


Jobs in waiting state: 0
Jobs in ready state: 0
Jobs in running state: 1
Jobs in success state: 0
Jobs in failed state: 0


Jobs in waiting state: 0
Jobs in ready state: 0
Jobs in running state: 1
Jobs in success state: 0
Jobs in failed state: 0


Jobs in waiting state: 0
Jobs in ready state: 0
Jobs in running state: 1
Jobs in success state: 0
Jobs in failed state: 0


1 jobs succeeded
JobId	job_201610110951_0001
JobName	GridmixStreamingSorter.small
job_201610110951_0001.GridmixStreamingSorter.small.FileSystemCounters.FILE_BYTES_READ	13619349813
job_201610110951_0001.GridmixStreamingSorter.small.FileSystemCounters.FILE_BYTES_WRITTEN	40858661903
job_201610110951_0001.GridmixStreamingSorter.small.FileSystemCounters.HDFS_BYTES_READ	27114969362
job_201610110951_0001.GridmixStreamingSorter.small.FileSystemCounters.HDFS_BYTES_WRITTEN	13550930981
job_201610110951_0001.GridmixStreamingSorter.small.mapEndTime	1476194270761
job_201610110951_0001.GridmixStreamingSorter.small.mapExecutionTimeStats.avg	71257
job_201610110951_0001.GridmixStreamingSorter.small.mapExecutionTimeStats.max	75796
job_201610110951_0001.GridmixStreamingSorter.small.mapExecutionTimeStats.medium	71641
job_201610110951_0001.GridmixStreamingSorter.small.mapExecutionTimeStats.min	67223
job_201610110951_0001.GridmixStreamingSorter.small.mapExecutionTimeStats.numOfItems	202
job_201610110951_0001.GridmixStreamingSorter.small.mapStartTime	1476194190752
job_201610110951_0001.GridmixStreamingSorter.small.numOfMapTasks	202
job_201610110951_0001.GridmixStreamingSorter.small.numOfReduceTasks	101
job_201610110951_0001.GridmixStreamingSorter.small.org.apache.hadoop.mapred.JobInProgress$Counter.DATA_LOCAL_MAPS	153
job_201610110951_0001.GridmixStreamingSorter.small.org.apache.hadoop.mapred.JobInProgress$Counter.RACK_LOCAL_MAPS	49
job_201610110951_0001.GridmixStreamingSorter.small.org.apache.hadoop.mapred.JobInProgress$Counter.TOTAL_LAUNCHED_MAPS	202
job_201610110951_0001.GridmixStreamingSorter.small.org.apache.hadoop.mapred.JobInProgress$Counter.TOTAL_LAUNCHED_REDUCES	122
job_201610110951_0001.GridmixStreamingSorter.small.org.apache.hadoop.mapred.Task$Counter.COMBINE_INPUT_RECORDS	0
job_201610110951_0001.GridmixStreamingSorter.small.org.apache.hadoop.mapred.Task$Counter.COMBINE_OUTPUT_RECORDS	0
job_201610110951_0001.GridmixStreamingSorter.small.org.apache.hadoop.mapred.Task$Counter.MAP_INPUT_BYTES	27101861962
job_201610110951_0001.GridmixStreamingSorter.small.org.apache.hadoop.mapred.Task$Counter.MAP_INPUT_RECORDS	24300252
job_201610110951_0001.GridmixStreamingSorter.small.org.apache.hadoop.mapred.Task$Counter.MAP_OUTPUT_BYTES	27145962584
job_201610110951_0001.GridmixStreamingSorter.small.org.apache.hadoop.mapred.Task$Counter.MAP_OUTPUT_RECORDS	24300252
job_201610110951_0001.GridmixStreamingSorter.small.org.apache.hadoop.mapred.Task$Counter.REDUCE_INPUT_GROUPS	10192610
job_201610110951_0001.GridmixStreamingSorter.small.org.apache.hadoop.mapred.Task$Counter.REDUCE_INPUT_RECORDS	12150126
job_201610110951_0001.GridmixStreamingSorter.small.org.apache.hadoop.mapred.Task$Counter.REDUCE_OUTPUT_RECORDS	12150126
job_201610110951_0001.GridmixStreamingSorter.small.org.apache.hadoop.mapred.Task$Counter.REDUCE_SHUFFLE_BYTES	13486276711
job_201610110951_0001.GridmixStreamingSorter.small.org.apache.hadoop.mapred.Task$Counter.SPILLED_RECORDS	36450378
job_201610110951_0001.GridmixStreamingSorter.small.reduceEndTime	1476194287478
job_201610110951_0001.GridmixStreamingSorter.small.reduceExecutionTimeStats.avg	9958
job_201610110951_0001.GridmixStreamingSorter.small.reduceExecutionTimeStats.max	12602
job_201610110951_0001.GridmixStreamingSorter.small.reduceExecutionTimeStats.medium	10556
job_201610110951_0001.GridmixStreamingSorter.small.reduceExecutionTimeStats.min	7940
job_201610110951_0001.GridmixStreamingSorter.small.reduceExecutionTimeStats.numOfItems	101
job_201610110951_0001.GridmixStreamingSorter.small.reduceStartTime	1476194190752
job_201610110951_0001.jobStatus	successful
GridMix results:
Total num of Jobs: 1
ExecutionTime: 110
